<?xml version="1.0" encoding="UTF-8"?>
<!-- Generated by org.testng.reporters.JUnitXMLReporter -->
<testsuite ignored="4" hostname="Thenilavan-Tester" failures="0" tests="3" name="Add Vitals Test" time="6.527" errors="0" timestamp="2025-09-22T03:56:11 GMT-04:00">
  <testcase classname="MyHealthAPI.AddVitals" name="loginEncReq" time="0.07"/>
  <testcase classname="MyHealthAPI.AddVitals" name="loginEncRes" time="5.693"/>
  <testcase classname="MyHealthAPI.AddVitals" name="loginDecRes" time="0.047"/>
  <testcase classname="MyHealthAPI.AddVitals" name="bgEncRes" time="0.0">
    <ignored/>
  </testcase> <!-- bgEncRes -->
  <testcase classname="MyHealthAPI.AddVitals" name="oxyEncRes" time="0.0">
    <ignored/>
  </testcase> <!-- oxyEncRes -->
  <testcase classname="MyHealthAPI.AddVitals" name="bpEncRes" time="0.0">
    <ignored/>
  </testcase> <!-- bpEncRes -->
  <testcase classname="MyHealthAPI.AddVitals" name="hrEncRes" time="0.0">
    <ignored/>
  </testcase> <!-- hrEncRes -->
</testsuite> <!-- Add Vitals Test -->
