<?xml version="1.0" encoding="UTF-8"?>
<!-- Generated by org.testng.reporters.JUnitXMLReporter -->
<testsuite ignored="0" hostname="Thenilavan" failures="1" tests="1" name="Report" time="0.016" errors="0" timestamp="2021-06-15T16:42:23 IST">
  <testcase classname="Report.HtmlToPdf" name="pdf" time="0.008">
    <failure type="java.io.FileNotFoundException" message=".\test-output\emailable-report.html (The system cannot find the file specified)">
      <![CDATA[java.io.FileNotFoundException: .\test-output\emailable-report.html (The system cannot find the file specified)
at java.base/java.io.FileInputStream.open0(Native Method)
at java.base/java.io.FileInputStream.open(FileInputStream.java:211)
at java.base/java.io.FileInputStream.<init>(FileInputStream.java:153)
at java.base/java.io.FileInputStream.<init>(FileInputStream.java:108)
at Report.HtmlToPdf.pdf(HtmlToPdf.java:14)
at java.base/java.util.ArrayList.forEach(ArrayList.java:1511)
at com.intellij.rt.testng.IDEARemoteTestNG.run(IDEARemoteTestNG.java:66)
at com.intellij.rt.testng.RemoteTestNGStarter.main(RemoteTestNGStarter.java:109)
... Removed 25 stack frames]]>
    </failure>
  </testcase> <!-- pdf -->
</testsuite> <!-- Report -->
