<?xml version="1.0" encoding="UTF-8"?>
<!-- Generated by org.testng.reporters.JUnitXMLReporter -->
<testsuite ignored="59" hostname="Thenilavan-Tester" failures="0" tests="1" name="Surefire test" time="3.017" errors="0" timestamp="2025-09-23T02:31:41 GMT-04:00">
  <testcase classname="generated.GeneratedApiTest" name="pm_AdHash_Website" time="2.272"/>
  <testcase classname="generated.GeneratedApiTest" name="pm_AutoChecker_App_Login" time="0.0">
    <ignored/>
  </testcase> <!-- pm_AutoChecker_App_Login -->
  <testcase classname="generated.GeneratedApiTest" name="pm_Sparkme_Web_Login_UI" time="0.0">
    <ignored/>
  </testcase> <!-- pm_Sparkme_Web_Login_UI -->
  <testcase classname="generated.GeneratedApiTest" name="pm_LGM_Login_OTP" time="0.0">
    <ignored/>
  </testcase> <!-- pm_LGM_Login_OTP -->
  <testcase classname="generated.GeneratedApiTest" name="pm_Algomax_GoPocket_Web_Login_UI" time="0.0">
    <ignored/>
  </testcase> <!-- pm_Algomax_GoPocket_Web_Login_UI -->
  <testcase classname="generated.GeneratedApiTest" name="pm_MHCCM_CPA_Login_UI" time="0.0">
    <ignored/>
  </testcase> <!-- pm_MHCCM_CPA_Login_UI -->
  <testcase classname="generated.GeneratedApiTest" name="pm_KCAI_Doctor_SuperAdmin_Login" time="0.0">
    <ignored/>
  </testcase> <!-- pm_KCAI_Doctor_SuperAdmin_Login -->
  <testcase classname="generated.GeneratedApiTest" name="pm_MHRTM_SuperAdmin_Login" time="0.0">
    <ignored/>
  </testcase> <!-- pm_MHRTM_SuperAdmin_Login -->
  <testcase classname="generated.GeneratedApiTest" name="pm_AutoeVantage_Analytics_Login_PhoneNumber" time="0.0">
    <ignored/>
  </testcase> <!-- pm_AutoeVantage_Analytics_Login_PhoneNumber -->
  <testcase classname="generated.GeneratedApiTest" name="pm_Sparkme_Web_Login" time="0.0">
    <ignored/>
  </testcase> <!-- pm_Sparkme_Web_Login -->
  <testcase classname="generated.GeneratedApiTest" name="pm_RiskRealm_Login_OTP" time="0.0">
    <ignored/>
  </testcase> <!-- pm_RiskRealm_Login_OTP -->
  <testcase classname="generated.GeneratedApiTest" name="pm_KCAI_Doctor_SuperAdmin_Login_UI" time="0.0">
    <ignored/>
  </testcase> <!-- pm_KCAI_Doctor_SuperAdmin_Login_UI -->
  <testcase classname="generated.GeneratedApiTest" name="pm_RiskRealm_Chat_Web_Login_UI" time="0.0">
    <ignored/>
  </testcase> <!-- pm_RiskRealm_Chat_Web_Login_UI -->
  <testcase classname="generated.GeneratedApiTest" name="pm_AutoeVantage_Tools_Login_OTP" time="0.0">
    <ignored/>
  </testcase> <!-- pm_AutoeVantage_Tools_Login_OTP -->
  <testcase classname="generated.GeneratedApiTest" name="pm_Wavedin_App_Login" time="0.0">
    <ignored/>
  </testcase> <!-- pm_Wavedin_App_Login -->
  <testcase classname="generated.GeneratedApiTest" name="pm_KCAI_Doctor_Login_UI" time="0.0">
    <ignored/>
  </testcase> <!-- pm_KCAI_Doctor_Login_UI -->
  <testcase classname="generated.GeneratedApiTest" name="pm_MHCCM_PAR_Login" time="0.0">
    <ignored/>
  </testcase> <!-- pm_MHCCM_PAR_Login -->
  <testcase classname="generated.GeneratedApiTest" name="pm_WavedIn_SuperAdmin_Login_UI" time="0.0">
    <ignored/>
  </testcase> <!-- pm_WavedIn_SuperAdmin_Login_UI -->
  <testcase classname="generated.GeneratedApiTest" name="pm_AutoeVantage_eCommerce_Login_PhoneNumber" time="0.0">
    <ignored/>
  </testcase> <!-- pm_AutoeVantage_eCommerce_Login_PhoneNumber -->
  <testcase classname="generated.GeneratedApiTest" name="pm_MHRTM_Participant_Login" time="0.0">
    <ignored/>
  </testcase> <!-- pm_MHRTM_Participant_Login -->
  <testcase classname="generated.GeneratedApiTest" name="pm_MHCCM_PAR_CRM_Login_UI" time="0.0">
    <ignored/>
  </testcase> <!-- pm_MHCCM_PAR_CRM_Login_UI -->
  <testcase classname="generated.GeneratedApiTest" name="pm_AskEPI_Login_UI" time="0.0">
    <ignored/>
  </testcase> <!-- pm_AskEPI_Login_UI -->
  <testcase classname="generated.GeneratedApiTest" name="pm_KCAI_Patient_App_Login" time="0.0">
    <ignored/>
  </testcase> <!-- pm_KCAI_Patient_App_Login -->
  <testcase classname="generated.GeneratedApiTest" name="pm_MHCRM_Admin_Login" time="0.0">
    <ignored/>
  </testcase> <!-- pm_MHCRM_Admin_Login -->
  <testcase classname="generated.GeneratedApiTest" name="pm_MHRTM_SuperAdmin_Login_UI" time="0.0">
    <ignored/>
  </testcase> <!-- pm_MHRTM_SuperAdmin_Login_UI -->
  <testcase classname="generated.GeneratedApiTest" name="pm_MHCCM_PAR_CRM_Login" time="0.0">
    <ignored/>
  </testcase> <!-- pm_MHCCM_PAR_CRM_Login -->
  <testcase classname="generated.GeneratedApiTest" name="pm_MHAI_Doctor_Login" time="0.0">
    <ignored/>
  </testcase> <!-- pm_MHAI_Doctor_Login -->
  <testcase classname="generated.GeneratedApiTest" name="pm_MHRTM_Participant_Login_UI" time="0.0">
    <ignored/>
  </testcase> <!-- pm_MHRTM_Participant_Login_UI -->
  <testcase classname="generated.GeneratedApiTest" name="pm_MHCRM_SuperAdmin_Login_UI" time="0.0">
    <ignored/>
  </testcase> <!-- pm_MHCRM_SuperAdmin_Login_UI -->
  <testcase classname="generated.GeneratedApiTest" name="pm_MHCCM_Form_UI" time="0.0">
    <ignored/>
  </testcase> <!-- pm_MHCCM_Form_UI -->
  <testcase classname="generated.GeneratedApiTest" name="pm_Algomax_ProSky_Web_Login_UI" time="0.0">
    <ignored/>
  </testcase> <!-- pm_Algomax_ProSky_Web_Login_UI -->
  <testcase classname="generated.GeneratedApiTest" name="pm_MHCCM_CPA_Login" time="0.0">
    <ignored/>
  </testcase> <!-- pm_MHCCM_CPA_Login -->
  <testcase classname="generated.GeneratedApiTest" name="pm_MHRTM_CPA_Login_UI" time="0.0">
    <ignored/>
  </testcase> <!-- pm_MHRTM_CPA_Login_UI -->
  <testcase classname="generated.GeneratedApiTest" name="pm_AskEPI_Login_OTP" time="0.0">
    <ignored/>
  </testcase> <!-- pm_AskEPI_Login_OTP -->
  <testcase classname="generated.GeneratedApiTest" name="pm_MHAI_Patient_App_Login" time="0.0">
    <ignored/>
  </testcase> <!-- pm_MHAI_Patient_App_Login -->
  <testcase classname="generated.GeneratedApiTest" name="pm_MHRTM_CPA_Login" time="0.0">
    <ignored/>
  </testcase> <!-- pm_MHRTM_CPA_Login -->
  <testcase classname="generated.GeneratedApiTest" name="pm_LGM_Login_PhoneNumber" time="0.0">
    <ignored/>
  </testcase> <!-- pm_LGM_Login_PhoneNumber -->
  <testcase classname="generated.GeneratedApiTest" name="pm_AutoeVantage_eCommerce_Web_UI" time="0.0">
    <ignored/>
  </testcase> <!-- pm_AutoeVantage_eCommerce_Web_UI -->
  <testcase classname="generated.GeneratedApiTest" name="pm_MHCCM_PAR_Login_UI" time="0.0">
    <ignored/>
  </testcase> <!-- pm_MHCCM_PAR_Login_UI -->
  <testcase classname="generated.GeneratedApiTest" name="pm_AutoeVantage_Tools_Login_PhoneNumber" time="0.0">
    <ignored/>
  </testcase> <!-- pm_AutoeVantage_Tools_Login_PhoneNumber -->
  <testcase classname="generated.GeneratedApiTest" name="pm_LGM_Login_UI" time="0.0">
    <ignored/>
  </testcase> <!-- pm_LGM_Login_UI -->
  <testcase classname="generated.GeneratedApiTest" name="pm_MHCCM_SuperAdmin_Login_UI" time="0.0">
    <ignored/>
  </testcase> <!-- pm_MHCCM_SuperAdmin_Login_UI -->
  <testcase classname="generated.GeneratedApiTest" name="pm_RiskRealm_Admin_Web_Login_UI" time="0.0">
    <ignored/>
  </testcase> <!-- pm_RiskRealm_Admin_Web_Login_UI -->
  <testcase classname="generated.GeneratedApiTest" name="pm_MHAI_Doctor_SuperAdmin_Login_UI" time="0.0">
    <ignored/>
  </testcase> <!-- pm_MHAI_Doctor_SuperAdmin_Login_UI -->
  <testcase classname="generated.GeneratedApiTest" name="pm_Sparkme_App_Login" time="0.0">
    <ignored/>
  </testcase> <!-- pm_Sparkme_App_Login -->
  <testcase classname="generated.GeneratedApiTest" name="pm_AutoeVantage_Tools_Web_UI" time="0.0">
    <ignored/>
  </testcase> <!-- pm_AutoeVantage_Tools_Web_UI -->
  <testcase classname="generated.GeneratedApiTest" name="pm_RiskRealm_Login_Number" time="0.0">
    <ignored/>
  </testcase> <!-- pm_RiskRealm_Login_Number -->
  <testcase classname="generated.GeneratedApiTest" name="pm_AskEPI_Login_PhoneNumber" time="0.0">
    <ignored/>
  </testcase> <!-- pm_AskEPI_Login_PhoneNumber -->
  <testcase classname="generated.GeneratedApiTest" name="pm_MHCRM_SuperAdmin_Login" time="0.0">
    <ignored/>
  </testcase> <!-- pm_MHCRM_SuperAdmin_Login -->
  <testcase classname="generated.GeneratedApiTest" name="pm_Metcalf_UI" time="0.0">
    <ignored/>
  </testcase> <!-- pm_Metcalf_UI -->
  <testcase classname="generated.GeneratedApiTest" name="pm_MHAI_Doctor_Login_UI" time="0.0">
    <ignored/>
  </testcase> <!-- pm_MHAI_Doctor_Login_UI -->
  <testcase classname="generated.GeneratedApiTest" name="pm_WavedIn_Market_Web" time="0.0">
    <ignored/>
  </testcase> <!-- pm_WavedIn_Market_Web -->
  <testcase classname="generated.GeneratedApiTest" name="pm_MHAI_Doctor_SuperAdmin_Login" time="0.0">
    <ignored/>
  </testcase> <!-- pm_MHAI_Doctor_SuperAdmin_Login -->
  <testcase classname="generated.GeneratedApiTest" name="pm_AutoeVantage_eCommerce_Login_OTP" time="0.0">
    <ignored/>
  </testcase> <!-- pm_AutoeVantage_eCommerce_Login_OTP -->
  <testcase classname="generated.GeneratedApiTest" name="pm_AutoChecker_Login_UI" time="0.0">
    <ignored/>
  </testcase> <!-- pm_AutoChecker_Login_UI -->
  <testcase classname="generated.GeneratedApiTest" name="pm_AutoeVantage_Analytics_Login_OTP" time="0.0">
    <ignored/>
  </testcase> <!-- pm_AutoeVantage_Analytics_Login_OTP -->
  <testcase classname="generated.GeneratedApiTest" name="pm_AutoChecker_Admin_Login" time="0.0">
    <ignored/>
  </testcase> <!-- pm_AutoChecker_Admin_Login -->
  <testcase classname="generated.GeneratedApiTest" name="pm_AutoeVantage_Analytics_Web_UI" time="0.0">
    <ignored/>
  </testcase> <!-- pm_AutoeVantage_Analytics_Web_UI -->
  <testcase classname="generated.GeneratedApiTest" name="pm_KCAI_Doctor_Login" time="0.0">
    <ignored/>
  </testcase> <!-- pm_KCAI_Doctor_Login -->
  <testcase classname="generated.GeneratedApiTest" name="pm_MHCCM_SuperAdmin_Login" time="0.0">
    <ignored/>
  </testcase> <!-- pm_MHCCM_SuperAdmin_Login -->
</testsuite> <!-- Surefire test -->
