<?xml version="1.0" encoding="UTF-8"?>
<!-- Generated by org.testng.reporters.JUnitXMLReporter -->
<testsuite ignored="59" hostname="Thenilavan-Tester" failures="1" tests="1" name="Surefire test" time="4.612" errors="0" timestamp="2025-09-23T03:03:00 GMT-04:00">
  <testcase classname="generated.GeneratedApiTest" name="pm_AutoChecker_Admin_Login" time="3.236">
    <failure type="java.lang.NoSuchMethodError" message="&amp;apos;void org.hamcrest.Matcher.describeMismatch(java.lang.Object, org.hamcrest.Description)&amp;apos;">
      <![CDATA[java.lang.NoSuchMethodError: 'void org.hamcrest.Matcher.describeMismatch(java.lang.Object, org.hamcrest.Description)'
at io.restassured.internal.util.MatcherErrorMessageBuilder.buildError(MatcherErrorMessageBuilder.java:35)
at io.restassured.internal.util.MatcherErrorMessageBuilder$buildError.call(Unknown Source)
at org.codehaus.groovy.runtime.callsite.CallSiteArray.defaultCall(CallSiteArray.java:47)
at org.codehaus.groovy.runtime.callsite.AbstractCallSite.call(AbstractCallSite.java:125)
at org.codehaus.groovy.runtime.callsite.AbstractCallSite.call(AbstractCallSite.java:148)
at io.restassured.internal.ResponseSpecificationImpl$HamcrestAssertionClosure.validateStatusCodeAndStatusLine(ResponseSpecificationImpl.groovy:549)
at org.codehaus.groovy.runtime.callsite.PlainObjectMetaMethodSite.doInvoke(PlainObjectMetaMethodSite.java:43)
at org.codehaus.groovy.runtime.callsite.PogoMetaMethodSite$PogoCachedMethodSiteNoUnwrapNoCoerce.invoke(PogoMetaMethodSite.java:193)
at org.codehaus.groovy.runtime.callsite.PogoMetaMethodSite.callCurrent(PogoMetaMethodSite.java:61)
at org.codehaus.groovy.runtime.callsite.CallSiteArray.defaultCallCurrent(CallSiteArray.java:51)
at org.codehaus.groovy.runtime.callsite.AbstractCallSite.callCurrent(AbstractCallSite.java:171)
at org.codehaus.groovy.runtime.callsite.AbstractCallSite.callCurrent(AbstractCallSite.java:185)
at io.restassured.internal.ResponseSpecificationImpl$HamcrestAssertionClosure.validate(ResponseSpecificationImpl.groovy:471)
at io.restassured.internal.ResponseSpecificationImpl$HamcrestAssertionClosure$validate$1.call(Unknown Source)
at org.codehaus.groovy.runtime.callsite.CallSiteArray.defaultCall(CallSiteArray.java:47)
at org.codehaus.groovy.runtime.callsite.AbstractCallSite.call(AbstractCallSite.java:125)
at org.codehaus.groovy.runtime.callsite.AbstractCallSite.call(AbstractCallSite.java:139)
at io.restassured.internal.ResponseSpecificationImpl.validateResponseIfRequired(ResponseSpecificationImpl.groovy:674)
at org.codehaus.groovy.runtime.callsite.PlainObjectMetaMethodSite.doInvoke(PlainObjectMetaMethodSite.java:43)
at org.codehaus.groovy.runtime.callsite.PogoMetaMethodSite$PogoCachedMethodSiteNoUnwrapNoCoerce.invoke(PogoMetaMethodSite.java:193)
at org.codehaus.groovy.runtime.callsite.PogoMetaMethodSite.callCurrent(PogoMetaMethodSite.java:61)
at org.codehaus.groovy.runtime.callsite.CallSiteArray.defaultCallCurrent(CallSiteArray.java:51)
at org.codehaus.groovy.runtime.callsite.AbstractCallSite.callCurrent(AbstractCallSite.java:171)
at org.codehaus.groovy.runtime.callsite.AbstractCallSite.callCurrent(AbstractCallSite.java:185)
at io.restassured.internal.ResponseSpecificationImpl.statusCode(ResponseSpecificationImpl.groovy:126)
at io.restassured.specification.ResponseSpecification$statusCode$0.callCurrent(Unknown Source)
at org.codehaus.groovy.runtime.callsite.CallSiteArray.defaultCallCurrent(CallSiteArray.java:51)
at org.codehaus.groovy.runtime.callsite.AbstractCallSite.callCurrent(AbstractCallSite.java:171)
at org.codehaus.groovy.runtime.callsite.AbstractCallSite.callCurrent(AbstractCallSite.java:185)
at io.restassured.internal.ResponseSpecificationImpl.statusCode(ResponseSpecificationImpl.groovy:134)
at io.restassured.internal.ValidatableResponseOptionsImpl.statusCode(ValidatableResponseOptionsImpl.java:89)
at io.restassured.internal.ValidatableResponseImpl.super$2$statusCode(ValidatableResponseImpl.groovy)
at groovy.lang.MetaMethod.doMethodInvoke(MetaMethod.java:323)
at groovy.lang.MetaClassImpl.invokeMethod(MetaClassImpl.java:1262)
at org.codehaus.groovy.runtime.ScriptBytecodeAdapter.invokeMethodOnSuperN(ScriptBytecodeAdapter.java:144)
at io.restassured.internal.ValidatableResponseImpl.statusCode(ValidatableResponseImpl.groovy:142)
at io.restassured.internal.ValidatableResponseImpl.statusCode(ValidatableResponseImpl.groovy)
at generated.GeneratedApiTest.pm_AutoChecker_Admin_Login(GeneratedApiTest.java:41)
at java.base/java.util.ArrayList.forEach(ArrayList.java:1596)
... Removed 37 stack frames]]>
    </failure>
  </testcase> <!-- pm_AutoChecker_Admin_Login -->
  <testcase classname="generated.GeneratedApiTest" name="pm_AutoeVantage_Tools_Login_OTP" time="0.0">
    <ignored/>
  </testcase> <!-- pm_AutoeVantage_Tools_Login_OTP -->
  <testcase classname="generated.GeneratedApiTest" name="pm_AutoeVantage_Analytics_Login_PhoneNumber" time="0.0">
    <ignored/>
  </testcase> <!-- pm_AutoeVantage_Analytics_Login_PhoneNumber -->
  <testcase classname="generated.GeneratedApiTest" name="pm_MHCRM_Admin_Login" time="0.0">
    <ignored/>
  </testcase> <!-- pm_MHCRM_Admin_Login -->
  <testcase classname="generated.GeneratedApiTest" name="pm_MHRTM_SuperAdmin_Login" time="0.0">
    <ignored/>
  </testcase> <!-- pm_MHRTM_SuperAdmin_Login -->
  <testcase classname="generated.GeneratedApiTest" name="pm_RiskRealm_Login_Number" time="0.0">
    <ignored/>
  </testcase> <!-- pm_RiskRealm_Login_Number -->
  <testcase classname="generated.GeneratedApiTest" name="pm_AutoeVantage_eCommerce_Web_UI" time="0.0">
    <ignored/>
  </testcase> <!-- pm_AutoeVantage_eCommerce_Web_UI -->
  <testcase classname="generated.GeneratedApiTest" name="pm_RiskRealm_Admin_Web_Login_UI" time="0.0">
    <ignored/>
  </testcase> <!-- pm_RiskRealm_Admin_Web_Login_UI -->
  <testcase classname="generated.GeneratedApiTest" name="pm_MHCCM_PAR_Login_UI" time="0.0">
    <ignored/>
  </testcase> <!-- pm_MHCCM_PAR_Login_UI -->
  <testcase classname="generated.GeneratedApiTest" name="pm_RiskRealm_Login_OTP" time="0.0">
    <ignored/>
  </testcase> <!-- pm_RiskRealm_Login_OTP -->
  <testcase classname="generated.GeneratedApiTest" name="pm_LGM_Login_OTP" time="0.0">
    <ignored/>
  </testcase> <!-- pm_LGM_Login_OTP -->
  <testcase classname="generated.GeneratedApiTest" name="pm_AutoeVantage_Tools_Login_PhoneNumber" time="0.0">
    <ignored/>
  </testcase> <!-- pm_AutoeVantage_Tools_Login_PhoneNumber -->
  <testcase classname="generated.GeneratedApiTest" name="pm_Algomax_GoPocket_Web_Login_UI" time="0.0">
    <ignored/>
  </testcase> <!-- pm_Algomax_GoPocket_Web_Login_UI -->
  <testcase classname="generated.GeneratedApiTest" name="pm_MHCCM_CPA_Login_UI" time="0.0">
    <ignored/>
  </testcase> <!-- pm_MHCCM_CPA_Login_UI -->
  <testcase classname="generated.GeneratedApiTest" name="pm_AutoChecker_App_Login" time="0.0">
    <ignored/>
  </testcase> <!-- pm_AutoChecker_App_Login -->
  <testcase classname="generated.GeneratedApiTest" name="pm_MHCCM_Form_UI" time="0.0">
    <ignored/>
  </testcase> <!-- pm_MHCCM_Form_UI -->
  <testcase classname="generated.GeneratedApiTest" name="pm_MHAI_Patient_App_Login" time="0.0">
    <ignored/>
  </testcase> <!-- pm_MHAI_Patient_App_Login -->
  <testcase classname="generated.GeneratedApiTest" name="pm_MHCCM_PAR_CRM_Login_UI" time="0.0">
    <ignored/>
  </testcase> <!-- pm_MHCCM_PAR_CRM_Login_UI -->
  <testcase classname="generated.GeneratedApiTest" name="pm_AutoeVantage_Analytics_Web_UI" time="0.0">
    <ignored/>
  </testcase> <!-- pm_AutoeVantage_Analytics_Web_UI -->
  <testcase classname="generated.GeneratedApiTest" name="pm_MHCRM_SuperAdmin_Login_UI" time="0.0">
    <ignored/>
  </testcase> <!-- pm_MHCRM_SuperAdmin_Login_UI -->
  <testcase classname="generated.GeneratedApiTest" name="pm_MHCCM_SuperAdmin_Login" time="0.0">
    <ignored/>
  </testcase> <!-- pm_MHCCM_SuperAdmin_Login -->
  <testcase classname="generated.GeneratedApiTest" name="pm_MHCCM_PAR_CRM_Login" time="0.0">
    <ignored/>
  </testcase> <!-- pm_MHCCM_PAR_CRM_Login -->
  <testcase classname="generated.GeneratedApiTest" name="pm_KCAI_Patient_App_Login" time="0.0">
    <ignored/>
  </testcase> <!-- pm_KCAI_Patient_App_Login -->
  <testcase classname="generated.GeneratedApiTest" name="pm_MHCCM_CPA_Login" time="0.0">
    <ignored/>
  </testcase> <!-- pm_MHCCM_CPA_Login -->
  <testcase classname="generated.GeneratedApiTest" name="pm_MHAI_Doctor_SuperAdmin_Login" time="0.0">
    <ignored/>
  </testcase> <!-- pm_MHAI_Doctor_SuperAdmin_Login -->
  <testcase classname="generated.GeneratedApiTest" name="pm_AutoeVantage_eCommerce_Login_OTP" time="0.0">
    <ignored/>
  </testcase> <!-- pm_AutoeVantage_eCommerce_Login_OTP -->
  <testcase classname="generated.GeneratedApiTest" name="pm_AskEPI_Login_OTP" time="0.0">
    <ignored/>
  </testcase> <!-- pm_AskEPI_Login_OTP -->
  <testcase classname="generated.GeneratedApiTest" name="pm_MHCRM_SuperAdmin_Login" time="0.0">
    <ignored/>
  </testcase> <!-- pm_MHCRM_SuperAdmin_Login -->
  <testcase classname="generated.GeneratedApiTest" name="pm_AutoeVantage_eCommerce_Login_PhoneNumber" time="0.0">
    <ignored/>
  </testcase> <!-- pm_AutoeVantage_eCommerce_Login_PhoneNumber -->
  <testcase classname="generated.GeneratedApiTest" name="pm_AutoChecker_Login_UI" time="0.0">
    <ignored/>
  </testcase> <!-- pm_AutoChecker_Login_UI -->
  <testcase classname="generated.GeneratedApiTest" name="pm_RiskRealm_Chat_Web_Login_UI" time="0.0">
    <ignored/>
  </testcase> <!-- pm_RiskRealm_Chat_Web_Login_UI -->
  <testcase classname="generated.GeneratedApiTest" name="pm_MHRTM_CPA_Login_UI" time="0.0">
    <ignored/>
  </testcase> <!-- pm_MHRTM_CPA_Login_UI -->
  <testcase classname="generated.GeneratedApiTest" name="pm_WavedIn_Market_Web" time="0.0">
    <ignored/>
  </testcase> <!-- pm_WavedIn_Market_Web -->
  <testcase classname="generated.GeneratedApiTest" name="pm_AdHash_Website" time="0.0">
    <ignored/>
  </testcase> <!-- pm_AdHash_Website -->
  <testcase classname="generated.GeneratedApiTest" name="pm_LGM_Login_UI" time="0.0">
    <ignored/>
  </testcase> <!-- pm_LGM_Login_UI -->
  <testcase classname="generated.GeneratedApiTest" name="pm_KCAI_Doctor_SuperAdmin_Login_UI" time="0.0">
    <ignored/>
  </testcase> <!-- pm_KCAI_Doctor_SuperAdmin_Login_UI -->
  <testcase classname="generated.GeneratedApiTest" name="pm_MHRTM_CPA_Login" time="0.0">
    <ignored/>
  </testcase> <!-- pm_MHRTM_CPA_Login -->
  <testcase classname="generated.GeneratedApiTest" name="pm_AutoeVantage_Analytics_Login_OTP" time="0.0">
    <ignored/>
  </testcase> <!-- pm_AutoeVantage_Analytics_Login_OTP -->
  <testcase classname="generated.GeneratedApiTest" name="pm_LGM_Login_PhoneNumber" time="0.0">
    <ignored/>
  </testcase> <!-- pm_LGM_Login_PhoneNumber -->
  <testcase classname="generated.GeneratedApiTest" name="pm_MHRTM_SuperAdmin_Login_UI" time="0.0">
    <ignored/>
  </testcase> <!-- pm_MHRTM_SuperAdmin_Login_UI -->
  <testcase classname="generated.GeneratedApiTest" name="pm_AskEPI_Login_UI" time="0.0">
    <ignored/>
  </testcase> <!-- pm_AskEPI_Login_UI -->
  <testcase classname="generated.GeneratedApiTest" name="pm_AskEPI_Login_PhoneNumber" time="0.0">
    <ignored/>
  </testcase> <!-- pm_AskEPI_Login_PhoneNumber -->
  <testcase classname="generated.GeneratedApiTest" name="pm_MHAI_Doctor_Login_UI" time="0.0">
    <ignored/>
  </testcase> <!-- pm_MHAI_Doctor_Login_UI -->
  <testcase classname="generated.GeneratedApiTest" name="pm_MHRTM_Participant_Login_UI" time="0.0">
    <ignored/>
  </testcase> <!-- pm_MHRTM_Participant_Login_UI -->
  <testcase classname="generated.GeneratedApiTest" name="pm_Algomax_ProSky_Web_Login_UI" time="0.0">
    <ignored/>
  </testcase> <!-- pm_Algomax_ProSky_Web_Login_UI -->
  <testcase classname="generated.GeneratedApiTest" name="pm_Sparkme_Web_Login" time="0.0">
    <ignored/>
  </testcase> <!-- pm_Sparkme_Web_Login -->
  <testcase classname="generated.GeneratedApiTest" name="pm_KCAI_Doctor_Login" time="0.0">
    <ignored/>
  </testcase> <!-- pm_KCAI_Doctor_Login -->
  <testcase classname="generated.GeneratedApiTest" name="pm_MHCCM_PAR_Login" time="0.0">
    <ignored/>
  </testcase> <!-- pm_MHCCM_PAR_Login -->
  <testcase classname="generated.GeneratedApiTest" name="pm_MHCCM_SuperAdmin_Login_UI" time="0.0">
    <ignored/>
  </testcase> <!-- pm_MHCCM_SuperAdmin_Login_UI -->
  <testcase classname="generated.GeneratedApiTest" name="pm_Sparkme_Web_Login_UI" time="0.0">
    <ignored/>
  </testcase> <!-- pm_Sparkme_Web_Login_UI -->
  <testcase classname="generated.GeneratedApiTest" name="pm_KCAI_Doctor_Login_UI" time="0.0">
    <ignored/>
  </testcase> <!-- pm_KCAI_Doctor_Login_UI -->
  <testcase classname="generated.GeneratedApiTest" name="pm_Metcalf_UI" time="0.0">
    <ignored/>
  </testcase> <!-- pm_Metcalf_UI -->
  <testcase classname="generated.GeneratedApiTest" name="pm_MHAI_Doctor_SuperAdmin_Login_UI" time="0.0">
    <ignored/>
  </testcase> <!-- pm_MHAI_Doctor_SuperAdmin_Login_UI -->
  <testcase classname="generated.GeneratedApiTest" name="pm_KCAI_Doctor_SuperAdmin_Login" time="0.0">
    <ignored/>
  </testcase> <!-- pm_KCAI_Doctor_SuperAdmin_Login -->
  <testcase classname="generated.GeneratedApiTest" name="pm_Sparkme_App_Login" time="0.0">
    <ignored/>
  </testcase> <!-- pm_Sparkme_App_Login -->
  <testcase classname="generated.GeneratedApiTest" name="pm_MHAI_Doctor_Login" time="0.0">
    <ignored/>
  </testcase> <!-- pm_MHAI_Doctor_Login -->
  <testcase classname="generated.GeneratedApiTest" name="pm_MHRTM_Participant_Login" time="0.0">
    <ignored/>
  </testcase> <!-- pm_MHRTM_Participant_Login -->
  <testcase classname="generated.GeneratedApiTest" name="pm_AutoeVantage_Tools_Web_UI" time="0.0">
    <ignored/>
  </testcase> <!-- pm_AutoeVantage_Tools_Web_UI -->
  <testcase classname="generated.GeneratedApiTest" name="pm_Wavedin_App_Login" time="0.0">
    <ignored/>
  </testcase> <!-- pm_Wavedin_App_Login -->
  <testcase classname="generated.GeneratedApiTest" name="pm_WavedIn_SuperAdmin_Login_UI" time="0.0">
    <ignored/>
  </testcase> <!-- pm_WavedIn_SuperAdmin_Login_UI -->
</testsuite> <!-- Surefire test -->
