<?xml version="1.0" encoding="UTF-8"?>
<!-- Generated by org.testng.reporters.JUnitXMLReporter -->
<testsuite ignored="0" hostname="Thenilavan-Tester" failures="0" tests="79" name="AdHash_API_Tests" time="61.987" errors="0" timestamp="2026-01-06T13:57:20 IST">
  <testcase classname="generated.GeneratedApiTest" name="pm_AdHash_Website" time="0.639"/>
  <testcase classname="generated.GeneratedApiTest" name="pm_AutoChecker_Login_UI" time="1.605"/>
  <testcase classname="generated.GeneratedApiTest" name="pm_AutoChecker_Admin_Login" time="1.556"/>
  <testcase classname="generated.GeneratedApiTest" name="pm_AutoChecker_App_Login" time="1.576"/>
  <testcase classname="generated.GeneratedApiTest" name="pm_KCAI_Doctor_SuperAdmin_Login_UI" time="0.694"/>
  <testcase classname="generated.GeneratedApiTest" name="pm_KCAI_Doctor_SuperAdmin_Login" time="0.634"/>
  <testcase classname="generated.GeneratedApiTest" name="pm_KCAI_Doctor_Login_UI" time="0.701"/>
  <testcase classname="generated.GeneratedApiTest" name="pm_KCAI_Doctor_Login" time="0.341"/>
  <testcase classname="generated.GeneratedApiTest" name="pm_MHCRM_SuperAdmin_Login_UI" time="0.627"/>
  <testcase classname="generated.GeneratedApiTest" name="pm_MHCRM_SuperAdmin_Login" time="0.642"/>
  <testcase classname="generated.GeneratedApiTest" name="pm_MHCRM_Admin_Login" time="0.341"/>
  <testcase classname="generated.GeneratedApiTest" name="pm_MHCCM_SuperAdmin_Login_UI" time="0.803"/>
  <testcase classname="generated.GeneratedApiTest" name="pm_MHCCM_SuperAdmin_Login" time="0.316"/>
  <testcase classname="generated.GeneratedApiTest" name="pm_MHCCM_CPA_Login_UI" time="0.614"/>
  <testcase classname="generated.GeneratedApiTest" name="pm_MHCCM_CPA_Login" time="0.326"/>
  <testcase classname="generated.GeneratedApiTest" name="pm_MHCCM_PAR_Login_UI" time="0.616"/>
  <testcase classname="generated.GeneratedApiTest" name="pm_MHCCM_PAR_Login" time="0.611"/>
  <testcase classname="generated.GeneratedApiTest" name="pm_MHCCM_Form_UI" time="0.606"/>
  <testcase classname="generated.GeneratedApiTest" name="pm_MHCCM_PAR_CRM_Login_UI" time="0.606"/>
  <testcase classname="generated.GeneratedApiTest" name="pm_MHCCM_PAR_CRM_Login" time="0.784"/>
  <testcase classname="generated.GeneratedApiTest" name="pm_MHRTM_SuperAdmin_Login_UI" time="0.2"/>
  <testcase classname="generated.GeneratedApiTest" name="pm_MHRTM_SuperAdmin_Login" time="0.64"/>
  <testcase classname="generated.GeneratedApiTest" name="pm_MHRTM_CPA_Login_UI" time="0.676"/>
  <testcase classname="generated.GeneratedApiTest" name="pm_MHRTM_CPA_Login" time="0.384"/>
  <testcase classname="generated.GeneratedApiTest" name="pm_MHRTM_Participant_Login_UI" time="0.63"/>
  <testcase classname="generated.GeneratedApiTest" name="pm_MHRTM_Participant_Login" time="0.34"/>
  <testcase classname="generated.GeneratedApiTest" name="pm_KCAI_Patient_App_Login" time="0.687"/>
  <testcase classname="generated.GeneratedApiTest" name="pm_Wavedin_App_Login" time="1.583"/>
  <testcase classname="generated.GeneratedApiTest" name="pm_Sparkme_App_Login" time="0.304"/>
  <testcase classname="generated.GeneratedApiTest" name="pm_WavedIn_SuperAdmin_Login_UI" time="1.548"/>
  <testcase classname="generated.GeneratedApiTest" name="pm_WavedIn_Market_Web" time="1.564"/>
  <testcase classname="generated.GeneratedApiTest" name="pm_Sparkme_Web_Login_UI" time="0.251"/>
  <testcase classname="generated.GeneratedApiTest" name="pm_Sparkme_Web_Login" time="0.134"/>
  <testcase classname="generated.GeneratedApiTest" name="pm_Algomax_ProSky_Web_Login_UI" time="0.283"/>
  <testcase classname="generated.GeneratedApiTest" name="pm_Algomax_GoPocket_Web_Login_UI" time="0.261"/>
  <testcase classname="generated.GeneratedApiTest" name="pm_LGM_Login_UI" time="1.951"/>
  <testcase classname="generated.GeneratedApiTest" name="pm_LGM_Login_PhoneNumber" time="0.415"/>
  <testcase classname="generated.GeneratedApiTest" name="pm_LGM_Login_OTP" time="0.693"/>
  <testcase classname="generated.GeneratedApiTest" name="pm_LGM_Login_CheckUser" time="1.412"/>
  <testcase classname="generated.GeneratedApiTest" name="pm_AskEPI_Login_UI" time="2.212"/>
  <testcase classname="generated.GeneratedApiTest" name="pm_AskEPI_Login_PhoneNumber" time="1.46"/>
  <testcase classname="generated.GeneratedApiTest" name="pm_AskEPI_Login_OTP" time="0.54"/>
  <testcase classname="generated.GeneratedApiTest" name="pm_RiskRealm_Admin_Web_Login_UI" time="0.893"/>
  <testcase classname="generated.GeneratedApiTest" name="pm_RiskRealm_Chat_Web_Login_UI" time="0.386"/>
  <testcase classname="generated.GeneratedApiTest" name="pm_RiskRealm_Login_Number" time="0.373"/>
  <testcase classname="generated.GeneratedApiTest" name="pm_RiskRealm_Login_OTP" time="0.579"/>
  <testcase classname="generated.GeneratedApiTest" name="pm_AutoeVantage_eCommerce_Web_UI" time="0.775"/>
  <testcase classname="generated.GeneratedApiTest" name="pm_AutoeVantage_eCommerce_Login_PhoneNumber" time="0.354"/>
  <testcase classname="generated.GeneratedApiTest" name="pm_AutoeVantage_eCommerce_Login_OTP" time="0.556"/>
  <testcase classname="generated.GeneratedApiTest" name="pm_AutoeVantage_eCommerce_Login" time="0.345"/>
  <testcase classname="generated.GeneratedApiTest" name="pm_AutoeVantage_Tools_Web_UI" time="0.311"/>
  <testcase classname="generated.GeneratedApiTest" name="pm_AutoeVantage_Tools_Login_PhoneNumber" time="0.347"/>
  <testcase classname="generated.GeneratedApiTest" name="pm_AutoeVantage_Tools_Login_OTP" time="0.753"/>
  <testcase classname="generated.GeneratedApiTest" name="pm_AutoeVantage_Tools_Login" time="0.321"/>
  <testcase classname="generated.GeneratedApiTest" name="pm_AutoeVantage_Analytics_Web_UI" time="0.554"/>
  <testcase classname="generated.GeneratedApiTest" name="pm_AutoeVantage_Analytics_Login_PhoneNumber" time="0.357"/>
  <testcase classname="generated.GeneratedApiTest" name="pm_AutoeVantage_Analytics_Login_OTP" time="0.658"/>
  <testcase classname="generated.GeneratedApiTest" name="pm_AutoeVantage_Analytics_Login" time="0.339"/>
  <testcase classname="generated.GeneratedApiTest" name="pm_Metcalf_UI" time="0.124"/>
  <testcase classname="generated.GeneratedApiTest" name="pm_Humee_Admin_Web_Login_UI" time="0.614"/>
  <testcase classname="generated.GeneratedApiTest" name="pm_Humee_Dashboard_Web_Login_UI" time="0.349"/>
  <testcase classname="generated.GeneratedApiTest" name="pm_Humee_Dashboard_Login_Number" time="0.594"/>
  <testcase classname="generated.GeneratedApiTest" name="pm_Humee_Dashboard_Login_OTP" time="0.556"/>
  <testcase classname="generated.GeneratedApiTest" name="pm_Humee_SuperAdmin_Login_UI" time="0.834"/>
  <testcase classname="generated.GeneratedApiTest" name="pm_Humee_SuperAdmin_Login_Number" time="0.753"/>
  <testcase classname="generated.GeneratedApiTest" name="pm_Humee_SuperAdmin_Login_OTP" time="0.54"/>
  <testcase classname="generated.GeneratedApiTest" name="pm_Humee_CPA_Login_UI" time="0.362"/>
  <testcase classname="generated.GeneratedApiTest" name="pm_Humee_CPA_Login_Number" time="0.398"/>
  <testcase classname="generated.GeneratedApiTest" name="pm_Humee_CPA_Login_OTP" time="0.517"/>
  <testcase classname="generated.GeneratedApiTest" name="pm_Humee_Participant_Login_UI" time="0.398"/>
  <testcase classname="generated.GeneratedApiTest" name="pm_Humee_Participant_Login_Number" time="0.893"/>
  <testcase classname="generated.GeneratedApiTest" name="pm_Humee_Participant_Login_OTP" time="0.537"/>
  <testcase classname="generated.GeneratedApiTest" name="pm_ZAPAI_UI" time="10.159"/>
  <testcase classname="generated.GeneratedApiTest" name="pm_ZAPCRM_UI" time="0.413"/>
  <testcase classname="generated.GeneratedApiTest" name="pm_Lead_ZAPCRM_UI" time="0.627"/>
  <testcase classname="generated.GeneratedApiTest" name="pm_Secure_ZAPCRM_UI" time="0.877"/>
  <testcase classname="generated.GeneratedApiTest" name="pm_Social_ZAPCRM_UI" time="0.392"/>
  <testcase classname="generated.GeneratedApiTest" name="pm_KaiCareAi_CPTCode_Loader" time="0.795"/>
  <testcase classname="generated.GeneratedApiTest" name="pm_KaiCareAi_CallRecord_Loader" time="0.334"/>
</testsuite> <!-- AdHash_API_Tests -->
