<?xml version="1.0" encoding="UTF-8"?>
<!-- Generated by org.testng.reporters.JUnitXMLReporter -->
<testsuite ignored="0" hostname="Thenilavan-Tester" failures="2" tests="9" name="AdHash_API_Tests" time="7.327" errors="0" timestamp="2025-09-23T03:13:25 GMT-04:00">
  <testcase classname="generated.GeneratedApiTest" name="pm_AdHash_Website" time="1.012"/>
  <testcase classname="generated.GeneratedApiTest" name="pm_AutoChecker_Login_UI" time="1.109"/>
  <testcase classname="generated.GeneratedApiTest" name="pm_AutoChecker_Admin_Login" time="1.13"/>
  <testcase classname="generated.GeneratedApiTest" name="pm_MHAI_Doctor_SuperAdmin_Login_UI" time="1.076"/>
  <testcase classname="generated.GeneratedApiTest" name="pm_MHAI_Doctor_SuperAdmin_Login" time="1.065"/>
  <testcase classname="generated.GeneratedApiTest" name="pm_MHCCM_PAR_CRM_Login" time="1.012"/>
  <testcase classname="generated.GeneratedApiTest" name="pm_AutoeVantage_Analytics_Login_PhoneNumber" time="0.446">
    <failure type="java.lang.AssertionError" message="Expected status code 200 but got 400">
      <![CDATA[java.lang.AssertionError: Expected status code 200 but got 400
at utils.HttpClient.post(HttpClient.java:61)
at generated.GeneratedApiTest.pm_AutoeVantage_Analytics_Login_PhoneNumber(GeneratedApiTest.java:56)
at java.base/java.util.ArrayList.forEach(ArrayList.java:1596)
... Removed 29 stack frames]]>
    </failure>
  </testcase> <!-- pm_AutoeVantage_Analytics_Login_PhoneNumber -->
  <testcase classname="generated.GeneratedApiTest" name="pm_AutoeVantage_Analytics_Login_OTP" time="0.356">
    <failure type="java.lang.AssertionError" message="Expected status code 200 but got 400">
      <![CDATA[java.lang.AssertionError: Expected status code 200 but got 400
at utils.HttpClient.post(HttpClient.java:61)
at generated.GeneratedApiTest.pm_AutoeVantage_Analytics_Login_OTP(GeneratedApiTest.java:63)
at java.base/java.util.ArrayList.forEach(ArrayList.java:1596)
... Removed 29 stack frames]]>
    </failure>
  </testcase> <!-- pm_AutoeVantage_Analytics_Login_OTP -->
  <testcase classname="generated.GeneratedApiTest" name="pm_Metcalf_UI" time="0.067"/>
</testsuite> <!-- AdHash_API_Tests -->
