<?xml version="1.0" encoding="UTF-8"?>
<!-- Generated by org.testng.reporters.JUnitXMLReporter -->
<testsuite ignored="0" hostname="Thenilavan-Tester" failures="0" tests="11" name="MyHealthAI" time="27.1" errors="0" timestamp="2025-09-23T08:07:22 GMT-04:00">
  <testcase classname="MyHealthAPI.AddVitals" name="loginEncReq" time="0.117"/>
  <testcase classname="MyHealthAPI.AddVitals" name="loginEncRes" time="8.137"/>
  <testcase classname="MyHealthAPI.AddVitals" name="loginDecRes" time="0.091"/>
  <testcase classname="MyHealthAPI.AddVitals" name="hrEncReq" time="0.03"/>
  <testcase classname="MyHealthAPI.AddVitals" name="hrEncRes" time="4.383"/>
  <testcase classname="MyHealthAPI.AddVitals" name="bpEncReq" time="0.014"/>
  <testcase classname="MyHealthAPI.AddVitals" name="bpEncRes" time="4.075"/>
  <testcase classname="MyHealthAPI.AddVitals" name="oxyEncReq" time="0.006"/>
  <testcase classname="MyHealthAPI.AddVitals" name="oxyEncRes" time="4.0"/>
  <testcase classname="MyHealthAPI.AddVitals" name="bgEncReq" time="0.019"/>
  <testcase classname="MyHealthAPI.AddVitals" name="bgEncRes" time="4.486"/>
</testsuite> <!-- MyHealthAI -->
