<?xml version="1.0" encoding="UTF-8"?>
<!-- Generated by org.testng.reporters.JUnitXMLReporter -->
<testsuite ignored="0" hostname="Thenilavan-Tester" failures="0" tests="7" name="MyHealthAI" time="323.941" errors="0" timestamp="2025-09-22T03:48:16 GMT-04:00">
  <testcase classname="MyHealthAPI.AddVitals" name="loginEncReq" time="0.065"/>
  <testcase classname="MyHealthAPI.AddVitals" name="loginEncRes" time="5.414"/>
  <testcase classname="MyHealthAPI.AddVitals" name="loginDecRes" time="0.021"/>
  <testcase classname="MyHealthAPI.AddVitals" name="hrEncRes" time="110.977"/>
  <testcase classname="MyHealthAPI.AddVitals" name="bpEncRes" time="88.219"/>
  <testcase classname="MyHealthAPI.AddVitals" name="oxyEncRes" time="68.457"/>
  <testcase classname="MyHealthAPI.AddVitals" name="bgEncRes" time="50.183"/>
</testsuite> <!-- MyHealthAI -->
