<?xml version="1.0" encoding="UTF-8"?>
<testsuite xmlns:xsi="http://www.w3.org/2001/XMLSchema-instance" xsi:noNamespaceSchemaLocation="https://maven.apache.org/surefire/maven-surefire-plugin/xsd/surefire-test-report-3.0.xsd" version="3.0" name="TestSuite" time="49.81" tests="60" errors="0" skipped="0" failures="0">
  <properties>
[...]
</properties>
  <testcase name="pm_AdHash_Website" classname="generated.GeneratedApiTest" time="1.146">
    <system-out><![CDATA[📊 Simple HTML Report initialized successfully
Setting up API test environment...
🔄 STARTING: pm_AdHash_Website
]]></system-out>
    <system-err><![CDATA[SLF4J: No SLF4J providers were found.
SLF4J: Defaulting to no-operation (NOP) logger implementation
SLF4J: See https://www.slf4j.org/codes.html#noProviders for further details.
SLF4J: Class path contains SLF4J bindings targeting slf4j-api versions 1.7.x or earlier.
SLF4J: Ignoring binding found at [jar:file:/C:/Users/Adhash%20Tech/.m2/repository/org/slf4j/slf4j-simple/1.7.36/slf4j-simple-1.7.36.jar!/org/slf4j/impl/StaticLoggerBinder.class]
SLF4J: See https://www.slf4j.org/codes.html#ignoredBindings for an explanation.
]]></system-err>
  </testcase>
  <testcase name="pm_AutoChecker_Login_UI" classname="generated.GeneratedApiTest" time="1.122">
    <system-out><![CDATA[✅ PASSED: pm_AdHash_Website
🔄 STARTING: pm_AutoChecker_Login_UI
]]></system-out>
  </testcase>
  <testcase name="pm_AutoChecker_Admin_Login" classname="generated.GeneratedApiTest" time="1.478">
    <system-out><![CDATA[✅ PASSED: pm_AutoChecker_Login_UI
🔄 STARTING: pm_AutoChecker_Admin_Login
]]></system-out>
  </testcase>
  <testcase name="pm_AutoChecker_App_Login" classname="generated.GeneratedApiTest" time="1.107">
    <system-out><![CDATA[✅ PASSED: pm_AutoChecker_Admin_Login
🔄 STARTING: pm_AutoChecker_App_Login
]]></system-out>
  </testcase>
  <testcase name="pm_MHAI_Doctor_SuperAdmin_Login_UI" classname="generated.GeneratedApiTest" time="1.078">
    <system-out><![CDATA[✅ PASSED: pm_AutoChecker_App_Login
🔄 STARTING: pm_MHAI_Doctor_SuperAdmin_Login_UI
]]></system-out>
  </testcase>
  <testcase name="pm_MHAI_Doctor_SuperAdmin_Login" classname="generated.GeneratedApiTest" time="0.28">
    <system-out><![CDATA[✅ PASSED: pm_MHAI_Doctor_SuperAdmin_Login_UI
🔄 STARTING: pm_MHAI_Doctor_SuperAdmin_Login
]]></system-out>
  </testcase>
  <testcase name="pm_MHAI_Doctor_Login_UI" classname="generated.GeneratedApiTest" time="1.043">
    <system-out><![CDATA[✅ PASSED: pm_MHAI_Doctor_SuperAdmin_Login
🔄 STARTING: pm_MHAI_Doctor_Login_UI
]]></system-out>
  </testcase>
  <testcase name="pm_MHAI_Doctor_Login" classname="generated.GeneratedApiTest" time="0.298">
    <system-out><![CDATA[✅ PASSED: pm_MHAI_Doctor_Login_UI
🔄 STARTING: pm_MHAI_Doctor_Login
]]></system-out>
  </testcase>
  <testcase name="pm_KCAI_Doctor_SuperAdmin_Login_UI" classname="generated.GeneratedApiTest" time="0.567">
    <system-out><![CDATA[✅ PASSED: pm_MHAI_Doctor_Login
🔄 STARTING: pm_KCAI_Doctor_SuperAdmin_Login_UI
]]></system-out>
  </testcase>
  <testcase name="pm_KCAI_Doctor_SuperAdmin_Login" classname="generated.GeneratedApiTest" time="0.631">
    <system-out><![CDATA[✅ PASSED: pm_KCAI_Doctor_SuperAdmin_Login_UI
🔄 STARTING: pm_KCAI_Doctor_SuperAdmin_Login
]]></system-out>
  </testcase>
  <testcase name="pm_KCAI_Doctor_Login_UI" classname="generated.GeneratedApiTest" time="0.714">
    <system-out><![CDATA[✅ PASSED: pm_KCAI_Doctor_SuperAdmin_Login
🔄 STARTING: pm_KCAI_Doctor_Login_UI
]]></system-out>
  </testcase>
  <testcase name="pm_KCAI_Doctor_Login" classname="generated.GeneratedApiTest" time="0.55">
    <system-out><![CDATA[✅ PASSED: pm_KCAI_Doctor_Login_UI
🔄 STARTING: pm_KCAI_Doctor_Login
]]></system-out>
  </testcase>
  <testcase name="pm_MHCRM_SuperAdmin_Login_UI" classname="generated.GeneratedApiTest" time="1.119">
    <system-out><![CDATA[✅ PASSED: pm_KCAI_Doctor_Login
🔄 STARTING: pm_MHCRM_SuperAdmin_Login_UI
]]></system-out>
  </testcase>
  <testcase name="pm_MHCRM_SuperAdmin_Login" classname="generated.GeneratedApiTest" time="1.148">
    <system-out><![CDATA[✅ PASSED: pm_MHCRM_SuperAdmin_Login_UI
🔄 STARTING: pm_MHCRM_SuperAdmin_Login
]]></system-out>
  </testcase>
  <testcase name="pm_MHCRM_Admin_Login" classname="generated.GeneratedApiTest" time="0.303">
    <system-out><![CDATA[✅ PASSED: pm_MHCRM_SuperAdmin_Login
🔄 STARTING: pm_MHCRM_Admin_Login
]]></system-out>
  </testcase>
  <testcase name="pm_MHCCM_SuperAdmin_Login_UI" classname="generated.GeneratedApiTest" time="1.075">
    <system-out><![CDATA[✅ PASSED: pm_MHCRM_Admin_Login
🔄 STARTING: pm_MHCCM_SuperAdmin_Login_UI
]]></system-out>
  </testcase>
  <testcase name="pm_MHCCM_SuperAdmin_Login" classname="generated.GeneratedApiTest" time="0.3">
    <system-out><![CDATA[✅ PASSED: pm_MHCCM_SuperAdmin_Login_UI
🔄 STARTING: pm_MHCCM_SuperAdmin_Login
]]></system-out>
  </testcase>
  <testcase name="pm_MHCCM_CPA_Login_UI" classname="generated.GeneratedApiTest" time="1.094">
    <system-out><![CDATA[✅ PASSED: pm_MHCCM_SuperAdmin_Login
🔄 STARTING: pm_MHCCM_CPA_Login_UI
]]></system-out>
  </testcase>
  <testcase name="pm_MHCCM_CPA_Login" classname="generated.GeneratedApiTest" time="0.329">
    <system-out><![CDATA[✅ PASSED: pm_MHCCM_CPA_Login_UI
🔄 STARTING: pm_MHCCM_CPA_Login
]]></system-out>
  </testcase>
  <testcase name="pm_MHCCM_PAR_Login_UI" classname="generated.GeneratedApiTest" time="1.109">
    <system-out><![CDATA[✅ PASSED: pm_MHCCM_CPA_Login
🔄 STARTING: pm_MHCCM_PAR_Login_UI
]]></system-out>
  </testcase>
  <testcase name="pm_MHCCM_PAR_Login" classname="generated.GeneratedApiTest" time="0.327">
    <system-out><![CDATA[✅ PASSED: pm_MHCCM_PAR_Login_UI
🔄 STARTING: pm_MHCCM_PAR_Login
]]></system-out>
  </testcase>
  <testcase name="pm_MHCCM_Form_UI" classname="generated.GeneratedApiTest" time="1.095">
    <system-out><![CDATA[✅ PASSED: pm_MHCCM_PAR_Login
🔄 STARTING: pm_MHCCM_Form_UI
]]></system-out>
  </testcase>
  <testcase name="pm_MHCCM_PAR_CRM_Login_UI" classname="generated.GeneratedApiTest" time="1.033">
    <system-out><![CDATA[✅ PASSED: pm_MHCCM_Form_UI
🔄 STARTING: pm_MHCCM_PAR_CRM_Login_UI
]]></system-out>
  </testcase>
  <testcase name="pm_MHCCM_PAR_CRM_Login" classname="generated.GeneratedApiTest" time="1.369">
    <system-out><![CDATA[✅ PASSED: pm_MHCCM_PAR_CRM_Login_UI
🔄 STARTING: pm_MHCCM_PAR_CRM_Login
]]></system-out>
  </testcase>
  <testcase name="pm_MHRTM_SuperAdmin_Login_UI" classname="generated.GeneratedApiTest" time="0.21">
    <system-out><![CDATA[✅ PASSED: pm_MHCCM_PAR_CRM_Login
🔄 STARTING: pm_MHRTM_SuperAdmin_Login_UI
]]></system-out>
  </testcase>
  <testcase name="pm_MHRTM_SuperAdmin_Login" classname="generated.GeneratedApiTest" time="0.618">
    <system-out><![CDATA[✅ PASSED: pm_MHRTM_SuperAdmin_Login_UI
🔄 STARTING: pm_MHRTM_SuperAdmin_Login
]]></system-out>
  </testcase>
  <testcase name="pm_MHRTM_CPA_Login_UI" classname="generated.GeneratedApiTest" time="0.553">
    <system-out><![CDATA[✅ PASSED: pm_MHRTM_SuperAdmin_Login
🔄 STARTING: pm_MHRTM_CPA_Login_UI
]]></system-out>
  </testcase>
  <testcase name="pm_MHRTM_CPA_Login" classname="generated.GeneratedApiTest" time="0.499">
    <system-out><![CDATA[✅ PASSED: pm_MHRTM_CPA_Login_UI
🔄 STARTING: pm_MHRTM_CPA_Login
]]></system-out>
  </testcase>
  <testcase name="pm_MHRTM_Participant_Login_UI" classname="generated.GeneratedApiTest" time="0.559">
    <system-out><![CDATA[✅ PASSED: pm_MHRTM_CPA_Login
🔄 STARTING: pm_MHRTM_Participant_Login_UI
]]></system-out>
  </testcase>
  <testcase name="pm_MHRTM_Participant_Login" classname="generated.GeneratedApiTest" time="0.272">
    <system-out><![CDATA[✅ PASSED: pm_MHRTM_Participant_Login_UI
🔄 STARTING: pm_MHRTM_Participant_Login
]]></system-out>
  </testcase>
  <testcase name="pm_MHAI_Patient_App_Login" classname="generated.GeneratedApiTest" time="1.067">
    <system-out><![CDATA[✅ PASSED: pm_MHRTM_Participant_Login
🔄 STARTING: pm_MHAI_Patient_App_Login
]]></system-out>
  </testcase>
  <testcase name="pm_KCAI_Patient_App_Login" classname="generated.GeneratedApiTest" time="0.624">
    <system-out><![CDATA[✅ PASSED: pm_MHAI_Patient_App_Login
🔄 STARTING: pm_KCAI_Patient_App_Login
]]></system-out>
  </testcase>
  <testcase name="pm_Wavedin_App_Login" classname="generated.GeneratedApiTest" time="1.133">
    <system-out><![CDATA[✅ PASSED: pm_KCAI_Patient_App_Login
🔄 STARTING: pm_Wavedin_App_Login
]]></system-out>
  </testcase>
  <testcase name="pm_Sparkme_App_Login" classname="generated.GeneratedApiTest" time="0.271">
    <system-out><![CDATA[✅ PASSED: pm_Wavedin_App_Login
🔄 STARTING: pm_Sparkme_App_Login
]]></system-out>
  </testcase>
  <testcase name="pm_WavedIn_SuperAdmin_Login_UI" classname="generated.GeneratedApiTest" time="3.932">
    <system-out><![CDATA[✅ PASSED: pm_Sparkme_App_Login
🔄 STARTING: pm_WavedIn_SuperAdmin_Login_UI
]]></system-out>
  </testcase>
  <testcase name="pm_WavedIn_Market_Web" classname="generated.GeneratedApiTest" time="0.925">
    <system-out><![CDATA[✅ PASSED: pm_WavedIn_SuperAdmin_Login_UI
🔄 STARTING: pm_WavedIn_Market_Web
]]></system-out>
  </testcase>
  <testcase name="pm_Sparkme_Web_Login_UI" classname="generated.GeneratedApiTest" time="0.146">
    <system-out><![CDATA[✅ PASSED: pm_WavedIn_Market_Web
🔄 STARTING: pm_Sparkme_Web_Login_UI
]]></system-out>
  </testcase>
  <testcase name="pm_Sparkme_Web_Login" classname="generated.GeneratedApiTest" time="0.064">
    <system-out><![CDATA[✅ PASSED: pm_Sparkme_Web_Login_UI
🔄 STARTING: pm_Sparkme_Web_Login
]]></system-out>
  </testcase>
  <testcase name="pm_Algomax_ProSky_Web_Login_UI" classname="generated.GeneratedApiTest" time="0.718">
    <system-out><![CDATA[✅ PASSED: pm_Sparkme_Web_Login
🔄 STARTING: pm_Algomax_ProSky_Web_Login_UI
]]></system-out>
  </testcase>
  <testcase name="pm_Algomax_GoPocket_Web_Login_UI" classname="generated.GeneratedApiTest" time="0.178">
    <system-out><![CDATA[✅ PASSED: pm_Algomax_ProSky_Web_Login_UI
🔄 STARTING: pm_Algomax_GoPocket_Web_Login_UI
]]></system-out>
  </testcase>
  <testcase name="pm_LGM_Login_UI" classname="generated.GeneratedApiTest" time="0.944">
    <system-out><![CDATA[✅ PASSED: pm_Algomax_GoPocket_Web_Login_UI
🔄 STARTING: pm_LGM_Login_UI
]]></system-out>
  </testcase>
  <testcase name="pm_LGM_Login_PhoneNumber" classname="generated.GeneratedApiTest" time="0.411">
    <system-out><![CDATA[✅ PASSED: pm_LGM_Login_UI
🔄 STARTING: pm_LGM_Login_PhoneNumber
]]></system-out>
  </testcase>
  <testcase name="pm_LGM_Login_OTP" classname="generated.GeneratedApiTest" time="0.81">
    <system-out><![CDATA[✅ PASSED: pm_LGM_Login_PhoneNumber
🔄 STARTING: pm_LGM_Login_OTP
]]></system-out>
  </testcase>
  <testcase name="pm_AskEPI_Login_UI" classname="generated.GeneratedApiTest" time="1.207">
    <system-out><![CDATA[✅ PASSED: pm_LGM_Login_OTP
🔄 STARTING: pm_AskEPI_Login_UI
]]></system-out>
  </testcase>
  <testcase name="pm_AskEPI_Login_PhoneNumber" classname="generated.GeneratedApiTest" time="0.904">
    <system-out><![CDATA[✅ PASSED: pm_AskEPI_Login_UI
🔄 STARTING: pm_AskEPI_Login_PhoneNumber
]]></system-out>
  </testcase>
  <testcase name="pm_AskEPI_Login_OTP" classname="generated.GeneratedApiTest" time="0.644">
    <system-out><![CDATA[✅ PASSED: pm_AskEPI_Login_PhoneNumber
🔄 STARTING: pm_AskEPI_Login_OTP
]]></system-out>
  </testcase>
  <testcase name="pm_RiskRealm_Admin_Web_Login_UI" classname="generated.GeneratedApiTest" time="0.753">
    <system-out><![CDATA[✅ PASSED: pm_AskEPI_Login_OTP
🔄 STARTING: pm_RiskRealm_Admin_Web_Login_UI
]]></system-out>
  </testcase>
  <testcase name="pm_RiskRealm_Chat_Web_Login_UI" classname="generated.GeneratedApiTest" time="0.318">
    <system-out><![CDATA[✅ PASSED: pm_RiskRealm_Admin_Web_Login_UI
🔄 STARTING: pm_RiskRealm_Chat_Web_Login_UI
]]></system-out>
  </testcase>
  <testcase name="pm_RiskRealm_Login_Number" classname="generated.GeneratedApiTest" time="0.285">
    <system-out><![CDATA[✅ PASSED: pm_RiskRealm_Chat_Web_Login_UI
🔄 STARTING: pm_RiskRealm_Login_Number
]]></system-out>
  </testcase>
  <testcase name="pm_RiskRealm_Login_OTP" classname="generated.GeneratedApiTest" time="0.658">
    <system-out><![CDATA[✅ PASSED: pm_RiskRealm_Login_Number
🔄 STARTING: pm_RiskRealm_Login_OTP
]]></system-out>
  </testcase>
  <testcase name="pm_AutoeVantage_eCommerce_Web_UI" classname="generated.GeneratedApiTest" time="1.772">
    <system-out><![CDATA[✅ PASSED: pm_RiskRealm_Login_OTP
🔄 STARTING: pm_AutoeVantage_eCommerce_Web_UI
]]></system-out>
  </testcase>
  <testcase name="pm_AutoeVantage_eCommerce_Login_PhoneNumber" classname="generated.GeneratedApiTest" time="0.312">
    <system-out><![CDATA[✅ PASSED: pm_AutoeVantage_eCommerce_Web_UI
🔄 STARTING: pm_AutoeVantage_eCommerce_Login_PhoneNumber
]]></system-out>
  </testcase>
  <testcase name="pm_AutoeVantage_eCommerce_Login_OTP" classname="generated.GeneratedApiTest" time="0.604">
    <system-out><![CDATA[✅ PASSED: pm_AutoeVantage_eCommerce_Login_PhoneNumber
🔄 STARTING: pm_AutoeVantage_eCommerce_Login_OTP
]]></system-out>
  </testcase>
  <testcase name="pm_AutoeVantage_Tools_Web_UI" classname="generated.GeneratedApiTest" time="0.328">
    <system-out><![CDATA[✅ PASSED: pm_AutoeVantage_eCommerce_Login_OTP
🔄 STARTING: pm_AutoeVantage_Tools_Web_UI
]]></system-out>
  </testcase>
  <testcase name="pm_AutoeVantage_Tools_Login_PhoneNumber" classname="generated.GeneratedApiTest" time="0.295">
    <system-out><![CDATA[✅ PASSED: pm_AutoeVantage_Tools_Web_UI
🔄 STARTING: pm_AutoeVantage_Tools_Login_PhoneNumber
]]></system-out>
  </testcase>
  <testcase name="pm_AutoeVantage_Tools_Login_OTP" classname="generated.GeneratedApiTest" time="0.387">
    <system-out><![CDATA[✅ PASSED: pm_AutoeVantage_Tools_Login_PhoneNumber
🔄 STARTING: pm_AutoeVantage_Tools_Login_OTP
]]></system-out>
  </testcase>
  <testcase name="pm_AutoeVantage_Analytics_Web_UI" classname="generated.GeneratedApiTest" time="0.49">
    <system-out><![CDATA[✅ PASSED: pm_AutoeVantage_Tools_Login_OTP
🔄 STARTING: pm_AutoeVantage_Analytics_Web_UI
]]></system-out>
  </testcase>
  <testcase name="pm_AutoeVantage_Analytics_Login_PhoneNumber" classname="generated.GeneratedApiTest" time="0.302">
    <system-out><![CDATA[✅ PASSED: pm_AutoeVantage_Analytics_Web_UI
🔄 STARTING: pm_AutoeVantage_Analytics_Login_PhoneNumber
]]></system-out>
  </testcase>
  <testcase name="pm_AutoeVantage_Analytics_Login_OTP" classname="generated.GeneratedApiTest" time="0.417">
    <system-out><![CDATA[✅ PASSED: pm_AutoeVantage_Analytics_Login_PhoneNumber
🔄 STARTING: pm_AutoeVantage_Analytics_Login_OTP
]]></system-out>
  </testcase>
  <testcase name="pm_Metcalf_UI" classname="generated.GeneratedApiTest" time="0.061">
    <system-out><![CDATA[✅ PASSED: pm_AutoeVantage_Analytics_Login_OTP
🔄 STARTING: pm_Metcalf_UI
]]></system-out>
  </testcase>
</testsuite>