<?xml version="1.0" encoding="UTF-8"?>
<testsuite xmlns:xsi="http://www.w3.org/2001/XMLSchema-instance" xsi:noNamespaceSchemaLocation="https://maven.apache.org/surefire/maven-surefire-plugin/xsd/surefire-test-report-3.0.xsd" version="3.0" name="TestSuite" time="65.687" tests="79" errors="0" skipped="0" failures="0">
  <properties>
[...]
</properties>
  <testcase name="pm_AdHash_Website" classname="generated.GeneratedApiTest" time="0.641">
    <system-out><![CDATA[📊 Simple HTML Report initialized successfully
Setting up API test environment...
🔄 STARTING: pm_AdHash_Website
✅ PASSED: pm_AdHash_Website
]]></system-out>
    <system-err><![CDATA[SLF4J: No SLF4J providers were found.
SLF4J: Defaulting to no-operation (NOP) logger implementation
SLF4J: See https://www.slf4j.org/codes.html#noProviders for further details.
]]></system-err>
  </testcase>
  <testcase name="pm_AutoChecker_Login_UI" classname="generated.GeneratedApiTest" time="1.604">
    <system-out><![CDATA[🔄 STARTING: pm_AutoChecker_Login_UI
✅ PASSED: pm_AutoChecker_Login_UI
]]></system-out>
  </testcase>
  <testcase name="pm_AutoChecker_Admin_Login" classname="generated.GeneratedApiTest" time="1.554">
    <system-out><![CDATA[🔄 STARTING: pm_AutoChecker_Admin_Login
✅ PASSED: pm_AutoChecker_Admin_Login
]]></system-out>
  </testcase>
  <testcase name="pm_AutoChecker_App_Login" classname="generated.GeneratedApiTest" time="1.575">
    <system-out><![CDATA[🔄 STARTING: pm_AutoChecker_App_Login
✅ PASSED: pm_AutoChecker_App_Login
]]></system-out>
  </testcase>
  <testcase name="pm_KCAI_Doctor_SuperAdmin_Login_UI" classname="generated.GeneratedApiTest" time="0.692">
    <system-out><![CDATA[🔄 STARTING: pm_KCAI_Doctor_SuperAdmin_Login_UI
✅ PASSED: pm_KCAI_Doctor_SuperAdmin_Login_UI
]]></system-out>
  </testcase>
  <testcase name="pm_KCAI_Doctor_SuperAdmin_Login" classname="generated.GeneratedApiTest" time="0.632">
    <system-out><![CDATA[🔄 STARTING: pm_KCAI_Doctor_SuperAdmin_Login
✅ PASSED: pm_KCAI_Doctor_SuperAdmin_Login
]]></system-out>
  </testcase>
  <testcase name="pm_KCAI_Doctor_Login_UI" classname="generated.GeneratedApiTest" time="0.699">
    <system-out><![CDATA[🔄 STARTING: pm_KCAI_Doctor_Login_UI
✅ PASSED: pm_KCAI_Doctor_Login_UI
]]></system-out>
  </testcase>
  <testcase name="pm_KCAI_Doctor_Login" classname="generated.GeneratedApiTest" time="0.336">
    <system-out><![CDATA[🔄 STARTING: pm_KCAI_Doctor_Login
✅ PASSED: pm_KCAI_Doctor_Login
]]></system-out>
  </testcase>
  <testcase name="pm_MHCRM_SuperAdmin_Login_UI" classname="generated.GeneratedApiTest" time="0.625">
    <system-out><![CDATA[🔄 STARTING: pm_MHCRM_SuperAdmin_Login_UI
✅ PASSED: pm_MHCRM_SuperAdmin_Login_UI
]]></system-out>
  </testcase>
  <testcase name="pm_MHCRM_SuperAdmin_Login" classname="generated.GeneratedApiTest" time="0.642">
    <system-out><![CDATA[🔄 STARTING: pm_MHCRM_SuperAdmin_Login
✅ PASSED: pm_MHCRM_SuperAdmin_Login
]]></system-out>
  </testcase>
  <testcase name="pm_MHCRM_Admin_Login" classname="generated.GeneratedApiTest" time="0.341">
    <system-out><![CDATA[🔄 STARTING: pm_MHCRM_Admin_Login
✅ PASSED: pm_MHCRM_Admin_Login
]]></system-out>
  </testcase>
  <testcase name="pm_MHCCM_SuperAdmin_Login_UI" classname="generated.GeneratedApiTest" time="0.801">
    <system-out><![CDATA[🔄 STARTING: pm_MHCCM_SuperAdmin_Login_UI
✅ PASSED: pm_MHCCM_SuperAdmin_Login_UI
]]></system-out>
  </testcase>
  <testcase name="pm_MHCCM_SuperAdmin_Login" classname="generated.GeneratedApiTest" time="0.315">
    <system-out><![CDATA[🔄 STARTING: pm_MHCCM_SuperAdmin_Login
✅ PASSED: pm_MHCCM_SuperAdmin_Login
]]></system-out>
  </testcase>
  <testcase name="pm_MHCCM_CPA_Login_UI" classname="generated.GeneratedApiTest" time="0.613">
    <system-out><![CDATA[🔄 STARTING: pm_MHCCM_CPA_Login_UI
✅ PASSED: pm_MHCCM_CPA_Login_UI
]]></system-out>
  </testcase>
  <testcase name="pm_MHCCM_CPA_Login" classname="generated.GeneratedApiTest" time="0.321">
    <system-out><![CDATA[🔄 STARTING: pm_MHCCM_CPA_Login
✅ PASSED: pm_MHCCM_CPA_Login
]]></system-out>
  </testcase>
  <testcase name="pm_MHCCM_PAR_Login_UI" classname="generated.GeneratedApiTest" time="0.615">
    <system-out><![CDATA[🔄 STARTING: pm_MHCCM_PAR_Login_UI
✅ PASSED: pm_MHCCM_PAR_Login_UI
]]></system-out>
  </testcase>
  <testcase name="pm_MHCCM_PAR_Login" classname="generated.GeneratedApiTest" time="0.611">
    <system-out><![CDATA[🔄 STARTING: pm_MHCCM_PAR_Login
✅ PASSED: pm_MHCCM_PAR_Login
]]></system-out>
  </testcase>
  <testcase name="pm_MHCCM_Form_UI" classname="generated.GeneratedApiTest" time="0.603">
    <system-out><![CDATA[🔄 STARTING: pm_MHCCM_Form_UI
✅ PASSED: pm_MHCCM_Form_UI
]]></system-out>
  </testcase>
  <testcase name="pm_MHCCM_PAR_CRM_Login_UI" classname="generated.GeneratedApiTest" time="0.605">
    <system-out><![CDATA[🔄 STARTING: pm_MHCCM_PAR_CRM_Login_UI
✅ PASSED: pm_MHCCM_PAR_CRM_Login_UI
]]></system-out>
  </testcase>
  <testcase name="pm_MHCCM_PAR_CRM_Login" classname="generated.GeneratedApiTest" time="0.783">
    <system-out><![CDATA[🔄 STARTING: pm_MHCCM_PAR_CRM_Login
✅ PASSED: pm_MHCCM_PAR_CRM_Login
]]></system-out>
  </testcase>
  <testcase name="pm_MHRTM_SuperAdmin_Login_UI" classname="generated.GeneratedApiTest" time="0.2">
    <system-out><![CDATA[🔄 STARTING: pm_MHRTM_SuperAdmin_Login_UI
✅ PASSED: pm_MHRTM_SuperAdmin_Login_UI
]]></system-out>
  </testcase>
  <testcase name="pm_MHRTM_SuperAdmin_Login" classname="generated.GeneratedApiTest" time="0.64">
    <system-out><![CDATA[🔄 STARTING: pm_MHRTM_SuperAdmin_Login
✅ PASSED: pm_MHRTM_SuperAdmin_Login
]]></system-out>
  </testcase>
  <testcase name="pm_MHRTM_CPA_Login_UI" classname="generated.GeneratedApiTest" time="0.676">
    <system-out><![CDATA[🔄 STARTING: pm_MHRTM_CPA_Login_UI
✅ PASSED: pm_MHRTM_CPA_Login_UI
]]></system-out>
  </testcase>
  <testcase name="pm_MHRTM_CPA_Login" classname="generated.GeneratedApiTest" time="0.368">
    <system-out><![CDATA[🔄 STARTING: pm_MHRTM_CPA_Login
✅ PASSED: pm_MHRTM_CPA_Login
]]></system-out>
  </testcase>
  <testcase name="pm_MHRTM_Participant_Login_UI" classname="generated.GeneratedApiTest" time="0.63">
    <system-out><![CDATA[🔄 STARTING: pm_MHRTM_Participant_Login_UI
✅ PASSED: pm_MHRTM_Participant_Login_UI
]]></system-out>
  </testcase>
  <testcase name="pm_MHRTM_Participant_Login" classname="generated.GeneratedApiTest" time="0.328">
    <system-out><![CDATA[🔄 STARTING: pm_MHRTM_Participant_Login
✅ PASSED: pm_MHRTM_Participant_Login
]]></system-out>
  </testcase>
  <testcase name="pm_KCAI_Patient_App_Login" classname="generated.GeneratedApiTest" time="0.687">
    <system-out><![CDATA[🔄 STARTING: pm_KCAI_Patient_App_Login
✅ PASSED: pm_KCAI_Patient_App_Login
]]></system-out>
  </testcase>
  <testcase name="pm_Wavedin_App_Login" classname="generated.GeneratedApiTest" time="1.579">
    <system-out><![CDATA[🔄 STARTING: pm_Wavedin_App_Login
✅ PASSED: pm_Wavedin_App_Login
]]></system-out>
  </testcase>
  <testcase name="pm_Sparkme_App_Login" classname="generated.GeneratedApiTest" time="0.293">
    <system-out><![CDATA[🔄 STARTING: pm_Sparkme_App_Login
✅ PASSED: pm_Sparkme_App_Login
]]></system-out>
  </testcase>
  <testcase name="pm_WavedIn_SuperAdmin_Login_UI" classname="generated.GeneratedApiTest" time="1.544">
    <system-out><![CDATA[🔄 STARTING: pm_WavedIn_SuperAdmin_Login_UI
✅ PASSED: pm_WavedIn_SuperAdmin_Login_UI
]]></system-out>
  </testcase>
  <testcase name="pm_WavedIn_Market_Web" classname="generated.GeneratedApiTest" time="1.561">
    <system-out><![CDATA[🔄 STARTING: pm_WavedIn_Market_Web
✅ PASSED: pm_WavedIn_Market_Web
]]></system-out>
  </testcase>
  <testcase name="pm_Sparkme_Web_Login_UI" classname="generated.GeneratedApiTest" time="0.25">
    <system-out><![CDATA[🔄 STARTING: pm_Sparkme_Web_Login_UI
✅ PASSED: pm_Sparkme_Web_Login_UI
]]></system-out>
  </testcase>
  <testcase name="pm_Sparkme_Web_Login" classname="generated.GeneratedApiTest" time="0.131">
    <system-out><![CDATA[🔄 STARTING: pm_Sparkme_Web_Login
✅ PASSED: pm_Sparkme_Web_Login
]]></system-out>
  </testcase>
  <testcase name="pm_Algomax_ProSky_Web_Login_UI" classname="generated.GeneratedApiTest" time="0.282">
    <system-out><![CDATA[🔄 STARTING: pm_Algomax_ProSky_Web_Login_UI
✅ PASSED: pm_Algomax_ProSky_Web_Login_UI
]]></system-out>
  </testcase>
  <testcase name="pm_Algomax_GoPocket_Web_Login_UI" classname="generated.GeneratedApiTest" time="0.26">
    <system-out><![CDATA[🔄 STARTING: pm_Algomax_GoPocket_Web_Login_UI
✅ PASSED: pm_Algomax_GoPocket_Web_Login_UI
]]></system-out>
  </testcase>
  <testcase name="pm_LGM_Login_UI" classname="generated.GeneratedApiTest" time="1.949">
    <system-out><![CDATA[🔄 STARTING: pm_LGM_Login_UI
✅ PASSED: pm_LGM_Login_UI
]]></system-out>
  </testcase>
  <testcase name="pm_LGM_Login_PhoneNumber" classname="generated.GeneratedApiTest" time="0.413">
    <system-out><![CDATA[🔄 STARTING: pm_LGM_Login_PhoneNumber
✅ PASSED: pm_LGM_Login_PhoneNumber
]]></system-out>
  </testcase>
  <testcase name="pm_LGM_Login_OTP" classname="generated.GeneratedApiTest" time="0.688">
    <system-out><![CDATA[🔄 STARTING: pm_LGM_Login_OTP
✅ PASSED: pm_LGM_Login_OTP
]]></system-out>
  </testcase>
  <testcase name="pm_LGM_Login_CheckUser" classname="generated.GeneratedApiTest" time="1.411">
    <system-out><![CDATA[🔄 STARTING: pm_LGM_Login_CheckUser
✅ PASSED: pm_LGM_Login_CheckUser
   🔒 ⚠️ SSL CERTIFICATE ERROR: PKIX path building failed: sun.security.provider.certpath.SunCertPathBuilderException: unable to find valid certification path to requested target
]]></system-out>
  </testcase>
  <testcase name="pm_AskEPI_Login_UI" classname="generated.GeneratedApiTest" time="2.212">
    <system-out><![CDATA[🔄 STARTING: pm_AskEPI_Login_UI
✅ PASSED: pm_AskEPI_Login_UI
]]></system-out>
  </testcase>
  <testcase name="pm_AskEPI_Login_PhoneNumber" classname="generated.GeneratedApiTest" time="1.458">
    <system-out><![CDATA[🔄 STARTING: pm_AskEPI_Login_PhoneNumber
✅ PASSED: pm_AskEPI_Login_PhoneNumber
   🔒 ⚠️ SSL CERTIFICATE ERROR: PKIX path building failed: sun.security.provider.certpath.SunCertPathBuilderException: unable to find valid certification path to requested target
]]></system-out>
  </testcase>
  <testcase name="pm_AskEPI_Login_OTP" classname="generated.GeneratedApiTest" time="0.539">
    <system-out><![CDATA[🔄 STARTING: pm_AskEPI_Login_OTP
✅ PASSED: pm_AskEPI_Login_OTP
]]></system-out>
  </testcase>
  <testcase name="pm_RiskRealm_Admin_Web_Login_UI" classname="generated.GeneratedApiTest" time="0.893">
    <system-out><![CDATA[🔄 STARTING: pm_RiskRealm_Admin_Web_Login_UI
✅ PASSED: pm_RiskRealm_Admin_Web_Login_UI
]]></system-out>
  </testcase>
  <testcase name="pm_RiskRealm_Chat_Web_Login_UI" classname="generated.GeneratedApiTest" time="0.385">
    <system-out><![CDATA[🔄 STARTING: pm_RiskRealm_Chat_Web_Login_UI
✅ PASSED: pm_RiskRealm_Chat_Web_Login_UI
]]></system-out>
  </testcase>
  <testcase name="pm_RiskRealm_Login_Number" classname="generated.GeneratedApiTest" time="0.37">
    <system-out><![CDATA[🔄 STARTING: pm_RiskRealm_Login_Number
✅ PASSED: pm_RiskRealm_Login_Number
]]></system-out>
  </testcase>
  <testcase name="pm_RiskRealm_Login_OTP" classname="generated.GeneratedApiTest" time="0.579">
    <system-out><![CDATA[🔄 STARTING: pm_RiskRealm_Login_OTP
✅ PASSED: pm_RiskRealm_Login_OTP
]]></system-out>
  </testcase>
  <testcase name="pm_AutoeVantage_eCommerce_Web_UI" classname="generated.GeneratedApiTest" time="0.773">
    <system-out><![CDATA[🔄 STARTING: pm_AutoeVantage_eCommerce_Web_UI
✅ PASSED: pm_AutoeVantage_eCommerce_Web_UI
]]></system-out>
  </testcase>
  <testcase name="pm_AutoeVantage_eCommerce_Login_PhoneNumber" classname="generated.GeneratedApiTest" time="0.352">
    <system-out><![CDATA[🔄 STARTING: pm_AutoeVantage_eCommerce_Login_PhoneNumber
✅ PASSED: pm_AutoeVantage_eCommerce_Login_PhoneNumber
]]></system-out>
  </testcase>
  <testcase name="pm_AutoeVantage_eCommerce_Login_OTP" classname="generated.GeneratedApiTest" time="0.555">
    <system-out><![CDATA[🔄 STARTING: pm_AutoeVantage_eCommerce_Login_OTP
✅ PASSED: pm_AutoeVantage_eCommerce_Login_OTP
]]></system-out>
  </testcase>
  <testcase name="pm_AutoeVantage_eCommerce_Login" classname="generated.GeneratedApiTest" time="0.342">
    <system-out><![CDATA[🔄 STARTING: pm_AutoeVantage_eCommerce_Login
✅ PASSED: pm_AutoeVantage_eCommerce_Login
]]></system-out>
  </testcase>
  <testcase name="pm_AutoeVantage_Tools_Web_UI" classname="generated.GeneratedApiTest" time="0.308">
    <system-out><![CDATA[🔄 STARTING: pm_AutoeVantage_Tools_Web_UI
✅ PASSED: pm_AutoeVantage_Tools_Web_UI
]]></system-out>
  </testcase>
  <testcase name="pm_AutoeVantage_Tools_Login_PhoneNumber" classname="generated.GeneratedApiTest" time="0.345">
    <system-out><![CDATA[🔄 STARTING: pm_AutoeVantage_Tools_Login_PhoneNumber
✅ PASSED: pm_AutoeVantage_Tools_Login_PhoneNumber
]]></system-out>
  </testcase>
  <testcase name="pm_AutoeVantage_Tools_Login_OTP" classname="generated.GeneratedApiTest" time="0.751">
    <system-out><![CDATA[🔄 STARTING: pm_AutoeVantage_Tools_Login_OTP
✅ PASSED: pm_AutoeVantage_Tools_Login_OTP
]]></system-out>
  </testcase>
  <testcase name="pm_AutoeVantage_Tools_Login" classname="generated.GeneratedApiTest" time="0.319">
    <system-out><![CDATA[🔄 STARTING: pm_AutoeVantage_Tools_Login
✅ PASSED: pm_AutoeVantage_Tools_Login
]]></system-out>
  </testcase>
  <testcase name="pm_AutoeVantage_Analytics_Web_UI" classname="generated.GeneratedApiTest" time="0.553">
    <system-out><![CDATA[🔄 STARTING: pm_AutoeVantage_Analytics_Web_UI
✅ PASSED: pm_AutoeVantage_Analytics_Web_UI
]]></system-out>
  </testcase>
  <testcase name="pm_AutoeVantage_Analytics_Login_PhoneNumber" classname="generated.GeneratedApiTest" time="0.356">
    <system-out><![CDATA[🔄 STARTING: pm_AutoeVantage_Analytics_Login_PhoneNumber
✅ PASSED: pm_AutoeVantage_Analytics_Login_PhoneNumber
]]></system-out>
  </testcase>
  <testcase name="pm_AutoeVantage_Analytics_Login_OTP" classname="generated.GeneratedApiTest" time="0.655">
    <system-out><![CDATA[🔄 STARTING: pm_AutoeVantage_Analytics_Login_OTP
✅ PASSED: pm_AutoeVantage_Analytics_Login_OTP
]]></system-out>
  </testcase>
  <testcase name="pm_AutoeVantage_Analytics_Login" classname="generated.GeneratedApiTest" time="0.336">
    <system-out><![CDATA[🔄 STARTING: pm_AutoeVantage_Analytics_Login
✅ PASSED: pm_AutoeVantage_Analytics_Login
]]></system-out>
  </testcase>
  <testcase name="pm_Metcalf_UI" classname="generated.GeneratedApiTest" time="0.123">
    <system-out><![CDATA[🔄 STARTING: pm_Metcalf_UI
✅ PASSED: pm_Metcalf_UI
]]></system-out>
  </testcase>
  <testcase name="pm_Humee_Admin_Web_Login_UI" classname="generated.GeneratedApiTest" time="0.615">
    <system-out><![CDATA[🔄 STARTING: pm_Humee_Admin_Web_Login_UI
✅ PASSED: pm_Humee_Admin_Web_Login_UI
]]></system-out>
  </testcase>
  <testcase name="pm_Humee_Dashboard_Web_Login_UI" classname="generated.GeneratedApiTest" time="0.348">
    <system-out><![CDATA[🔄 STARTING: pm_Humee_Dashboard_Web_Login_UI
✅ PASSED: pm_Humee_Dashboard_Web_Login_UI
]]></system-out>
  </testcase>
  <testcase name="pm_Humee_Dashboard_Login_Number" classname="generated.GeneratedApiTest" time="0.591">
    <system-out><![CDATA[🔄 STARTING: pm_Humee_Dashboard_Login_Number
✅ PASSED: pm_Humee_Dashboard_Login_Number
]]></system-out>
  </testcase>
  <testcase name="pm_Humee_Dashboard_Login_OTP" classname="generated.GeneratedApiTest" time="0.555">
    <system-out><![CDATA[🔄 STARTING: pm_Humee_Dashboard_Login_OTP
✅ PASSED: pm_Humee_Dashboard_Login_OTP
]]></system-out>
  </testcase>
  <testcase name="pm_Humee_SuperAdmin_Login_UI" classname="generated.GeneratedApiTest" time="0.833">
    <system-out><![CDATA[🔄 STARTING: pm_Humee_SuperAdmin_Login_UI
✅ PASSED: pm_Humee_SuperAdmin_Login_UI
]]></system-out>
  </testcase>
  <testcase name="pm_Humee_SuperAdmin_Login_Number" classname="generated.GeneratedApiTest" time="0.751">
    <system-out><![CDATA[🔄 STARTING: pm_Humee_SuperAdmin_Login_Number
✅ PASSED: pm_Humee_SuperAdmin_Login_Number
]]></system-out>
  </testcase>
  <testcase name="pm_Humee_SuperAdmin_Login_OTP" classname="generated.GeneratedApiTest" time="0.539">
    <system-out><![CDATA[🔄 STARTING: pm_Humee_SuperAdmin_Login_OTP
✅ PASSED: pm_Humee_SuperAdmin_Login_OTP
]]></system-out>
  </testcase>
  <testcase name="pm_Humee_CPA_Login_UI" classname="generated.GeneratedApiTest" time="0.357">
    <system-out><![CDATA[🔄 STARTING: pm_Humee_CPA_Login_UI
✅ PASSED: pm_Humee_CPA_Login_UI
]]></system-out>
  </testcase>
  <testcase name="pm_Humee_CPA_Login_Number" classname="generated.GeneratedApiTest" time="0.397">
    <system-out><![CDATA[🔄 STARTING: pm_Humee_CPA_Login_Number
✅ PASSED: pm_Humee_CPA_Login_Number
]]></system-out>
  </testcase>
  <testcase name="pm_Humee_CPA_Login_OTP" classname="generated.GeneratedApiTest" time="0.515">
    <system-out><![CDATA[🔄 STARTING: pm_Humee_CPA_Login_OTP
✅ PASSED: pm_Humee_CPA_Login_OTP
]]></system-out>
  </testcase>
  <testcase name="pm_Humee_Participant_Login_UI" classname="generated.GeneratedApiTest" time="0.398">
    <system-out><![CDATA[🔄 STARTING: pm_Humee_Participant_Login_UI
✅ PASSED: pm_Humee_Participant_Login_UI
]]></system-out>
  </testcase>
  <testcase name="pm_Humee_Participant_Login_Number" classname="generated.GeneratedApiTest" time="0.892">
    <system-out><![CDATA[🔄 STARTING: pm_Humee_Participant_Login_Number
✅ PASSED: pm_Humee_Participant_Login_Number
]]></system-out>
  </testcase>
  <testcase name="pm_Humee_Participant_Login_OTP" classname="generated.GeneratedApiTest" time="0.535">
    <system-out><![CDATA[🔄 STARTING: pm_Humee_Participant_Login_OTP
✅ PASSED: pm_Humee_Participant_Login_OTP
]]></system-out>
  </testcase>
  <testcase name="pm_ZAPAI_UI" classname="generated.GeneratedApiTest" time="10.158">
    <system-out><![CDATA[🔄 STARTING: pm_ZAPAI_UI
✅ PASSED: pm_ZAPAI_UI
]]></system-out>
  </testcase>
  <testcase name="pm_ZAPCRM_UI" classname="generated.GeneratedApiTest" time="0.412">
    <system-out><![CDATA[🔄 STARTING: pm_ZAPCRM_UI
✅ PASSED: pm_ZAPCRM_UI
]]></system-out>
  </testcase>
  <testcase name="pm_Lead_ZAPCRM_UI" classname="generated.GeneratedApiTest" time="0.625">
    <system-out><![CDATA[🔄 STARTING: pm_Lead_ZAPCRM_UI
✅ PASSED: pm_Lead_ZAPCRM_UI
]]></system-out>
  </testcase>
  <testcase name="pm_Secure_ZAPCRM_UI" classname="generated.GeneratedApiTest" time="0.877">
    <system-out><![CDATA[🔄 STARTING: pm_Secure_ZAPCRM_UI
✅ PASSED: pm_Secure_ZAPCRM_UI
]]></system-out>
  </testcase>
  <testcase name="pm_Social_ZAPCRM_UI" classname="generated.GeneratedApiTest" time="0.391">
    <system-out><![CDATA[🔄 STARTING: pm_Social_ZAPCRM_UI
✅ PASSED: pm_Social_ZAPCRM_UI
]]></system-out>
  </testcase>
  <testcase name="pm_KaiCareAi_CPTCode_Loader" classname="generated.GeneratedApiTest" time="0.793">
    <system-out><![CDATA[🔄 STARTING: pm_KaiCareAi_CPTCode_Loader
✅ PASSED: pm_KaiCareAi_CPTCode_Loader
]]></system-out>
  </testcase>
  <testcase name="pm_KaiCareAi_CallRecord_Loader" classname="generated.GeneratedApiTest" time="0.332">
    <system-out><![CDATA[🔄 STARTING: pm_KaiCareAi_CallRecord_Loader
✅ PASSED: pm_KaiCareAi_CallRecord_Loader
]]></system-out>
  </testcase>
</testsuite>