<?xml version="1.0" encoding="UTF-8"?>
<testng-results ignored="0" total="79" passed="79" failed="0" skipped="0">
  <reporter-output>
  </reporter-output>
  <suite started-at="2026-01-06T14:03:37 IST" name="AdHash_All_Projects_API_Production" finished-at="2026-01-06T14:04:38 IST" duration-ms="61576">
    <groups>
    </groups>
    <test started-at="2026-01-06T14:03:37 IST" name="AdHash_API_Tests" finished-at="2026-01-06T14:04:38 IST" duration-ms="61576">
      <class name="generated.GeneratedApiTest">
        <test-method is-config="true" signature="setup()[pri:0, instance:generated.GeneratedApiTest@1fd35a92]" started-at="2026-01-06T14:03:37 IST" name="setup" finished-at="2026-01-06T14:03:37 IST" duration-ms="4" status="PASS">
          <reporter-output>
          </reporter-output>
        </test-method> <!-- setup -->
        <test-method signature="pm_AdHash_Website()[pri:0, instance:generated.GeneratedApiTest@1fd35a92]" started-at="2026-01-06T14:03:37 IST" name="pm_AdHash_Website" finished-at="2026-01-06T14:03:37 IST" duration-ms="710" status="PASS">
          <reporter-output>
          </reporter-output>
        </test-method> <!-- pm_AdHash_Website -->
        <test-method signature="pm_AutoChecker_Login_UI()[pri:0, instance:generated.GeneratedApiTest@1fd35a92]" started-at="2026-01-06T14:03:37 IST" name="pm_AutoChecker_Login_UI" finished-at="2026-01-06T14:03:39 IST" duration-ms="1618" status="PASS">
          <reporter-output>
          </reporter-output>
        </test-method> <!-- pm_AutoChecker_Login_UI -->
        <test-method signature="pm_AutoChecker_Admin_Login()[pri:0, instance:generated.GeneratedApiTest@1fd35a92]" started-at="2026-01-06T14:03:39 IST" name="pm_AutoChecker_Admin_Login" finished-at="2026-01-06T14:03:41 IST" duration-ms="1584" status="PASS">
          <reporter-output>
          </reporter-output>
        </test-method> <!-- pm_AutoChecker_Admin_Login -->
        <test-method signature="pm_AutoChecker_App_Login()[pri:0, instance:generated.GeneratedApiTest@1fd35a92]" started-at="2026-01-06T14:03:41 IST" name="pm_AutoChecker_App_Login" finished-at="2026-01-06T14:03:42 IST" duration-ms="1576" status="PASS">
          <reporter-output>
          </reporter-output>
        </test-method> <!-- pm_AutoChecker_App_Login -->
        <test-method signature="pm_KCAI_Doctor_SuperAdmin_Login_UI()[pri:0, instance:generated.GeneratedApiTest@1fd35a92]" started-at="2026-01-06T14:03:42 IST" name="pm_KCAI_Doctor_SuperAdmin_Login_UI" finished-at="2026-01-06T14:03:43 IST" duration-ms="665" status="PASS">
          <reporter-output>
          </reporter-output>
        </test-method> <!-- pm_KCAI_Doctor_SuperAdmin_Login_UI -->
        <test-method signature="pm_KCAI_Doctor_SuperAdmin_Login()[pri:0, instance:generated.GeneratedApiTest@1fd35a92]" started-at="2026-01-06T14:03:43 IST" name="pm_KCAI_Doctor_SuperAdmin_Login" finished-at="2026-01-06T14:03:43 IST" duration-ms="654" status="PASS">
          <reporter-output>
          </reporter-output>
        </test-method> <!-- pm_KCAI_Doctor_SuperAdmin_Login -->
        <test-method signature="pm_KCAI_Doctor_Login_UI()[pri:0, instance:generated.GeneratedApiTest@1fd35a92]" started-at="2026-01-06T14:03:43 IST" name="pm_KCAI_Doctor_Login_UI" finished-at="2026-01-06T14:03:44 IST" duration-ms="612" status="PASS">
          <reporter-output>
          </reporter-output>
        </test-method> <!-- pm_KCAI_Doctor_Login_UI -->
        <test-method signature="pm_KCAI_Doctor_Login()[pri:0, instance:generated.GeneratedApiTest@1fd35a92]" started-at="2026-01-06T14:03:44 IST" name="pm_KCAI_Doctor_Login" finished-at="2026-01-06T14:03:44 IST" duration-ms="349" status="PASS">
          <reporter-output>
          </reporter-output>
        </test-method> <!-- pm_KCAI_Doctor_Login -->
        <test-method signature="pm_MHCRM_SuperAdmin_Login_UI()[pri:0, instance:generated.GeneratedApiTest@1fd35a92]" started-at="2026-01-06T14:03:44 IST" name="pm_MHCRM_SuperAdmin_Login_UI" finished-at="2026-01-06T14:03:45 IST" duration-ms="631" status="PASS">
          <reporter-output>
          </reporter-output>
        </test-method> <!-- pm_MHCRM_SuperAdmin_Login_UI -->
        <test-method signature="pm_MHCRM_SuperAdmin_Login()[pri:0, instance:generated.GeneratedApiTest@1fd35a92]" started-at="2026-01-06T14:03:45 IST" name="pm_MHCRM_SuperAdmin_Login" finished-at="2026-01-06T14:03:46 IST" duration-ms="728" status="PASS">
          <reporter-output>
          </reporter-output>
        </test-method> <!-- pm_MHCRM_SuperAdmin_Login -->
        <test-method signature="pm_MHCRM_Admin_Login()[pri:0, instance:generated.GeneratedApiTest@1fd35a92]" started-at="2026-01-06T14:03:46 IST" name="pm_MHCRM_Admin_Login" finished-at="2026-01-06T14:03:46 IST" duration-ms="328" status="PASS">
          <reporter-output>
          </reporter-output>
        </test-method> <!-- pm_MHCRM_Admin_Login -->
        <test-method signature="pm_MHCCM_SuperAdmin_Login_UI()[pri:0, instance:generated.GeneratedApiTest@1fd35a92]" started-at="2026-01-06T14:03:46 IST" name="pm_MHCCM_SuperAdmin_Login_UI" finished-at="2026-01-06T14:03:47 IST" duration-ms="663" status="PASS">
          <reporter-output>
          </reporter-output>
        </test-method> <!-- pm_MHCCM_SuperAdmin_Login_UI -->
        <test-method signature="pm_MHCCM_SuperAdmin_Login()[pri:0, instance:generated.GeneratedApiTest@1fd35a92]" started-at="2026-01-06T14:03:47 IST" name="pm_MHCCM_SuperAdmin_Login" finished-at="2026-01-06T14:03:47 IST" duration-ms="319" status="PASS">
          <reporter-output>
          </reporter-output>
        </test-method> <!-- pm_MHCCM_SuperAdmin_Login -->
        <test-method signature="pm_MHCCM_CPA_Login_UI()[pri:0, instance:generated.GeneratedApiTest@1fd35a92]" started-at="2026-01-06T14:03:47 IST" name="pm_MHCCM_CPA_Login_UI" finished-at="2026-01-06T14:03:48 IST" duration-ms="723" status="PASS">
          <reporter-output>
          </reporter-output>
        </test-method> <!-- pm_MHCCM_CPA_Login_UI -->
        <test-method signature="pm_MHCCM_CPA_Login()[pri:0, instance:generated.GeneratedApiTest@1fd35a92]" started-at="2026-01-06T14:03:48 IST" name="pm_MHCCM_CPA_Login" finished-at="2026-01-06T14:03:48 IST" duration-ms="396" status="PASS">
          <reporter-output>
          </reporter-output>
        </test-method> <!-- pm_MHCCM_CPA_Login -->
        <test-method signature="pm_MHCCM_PAR_Login_UI()[pri:0, instance:generated.GeneratedApiTest@1fd35a92]" started-at="2026-01-06T14:03:48 IST" name="pm_MHCCM_PAR_Login_UI" finished-at="2026-01-06T14:03:49 IST" duration-ms="622" status="PASS">
          <reporter-output>
          </reporter-output>
        </test-method> <!-- pm_MHCCM_PAR_Login_UI -->
        <test-method signature="pm_MHCCM_PAR_Login()[pri:0, instance:generated.GeneratedApiTest@1fd35a92]" started-at="2026-01-06T14:03:49 IST" name="pm_MHCCM_PAR_Login" finished-at="2026-01-06T14:03:49 IST" duration-ms="604" status="PASS">
          <reporter-output>
          </reporter-output>
        </test-method> <!-- pm_MHCCM_PAR_Login -->
        <test-method signature="pm_MHCCM_Form_UI()[pri:0, instance:generated.GeneratedApiTest@1fd35a92]" started-at="2026-01-06T14:03:49 IST" name="pm_MHCCM_Form_UI" finished-at="2026-01-06T14:03:50 IST" duration-ms="671" status="PASS">
          <reporter-output>
          </reporter-output>
        </test-method> <!-- pm_MHCCM_Form_UI -->
        <test-method signature="pm_MHCCM_PAR_CRM_Login_UI()[pri:0, instance:generated.GeneratedApiTest@1fd35a92]" started-at="2026-01-06T14:03:50 IST" name="pm_MHCCM_PAR_CRM_Login_UI" finished-at="2026-01-06T14:03:51 IST" duration-ms="660" status="PASS">
          <reporter-output>
          </reporter-output>
        </test-method> <!-- pm_MHCCM_PAR_CRM_Login_UI -->
        <test-method signature="pm_MHCCM_PAR_CRM_Login()[pri:0, instance:generated.GeneratedApiTest@1fd35a92]" started-at="2026-01-06T14:03:51 IST" name="pm_MHCCM_PAR_CRM_Login" finished-at="2026-01-06T14:03:52 IST" duration-ms="785" status="PASS">
          <reporter-output>
          </reporter-output>
        </test-method> <!-- pm_MHCCM_PAR_CRM_Login -->
        <test-method signature="pm_MHRTM_SuperAdmin_Login_UI()[pri:0, instance:generated.GeneratedApiTest@1fd35a92]" started-at="2026-01-06T14:03:52 IST" name="pm_MHRTM_SuperAdmin_Login_UI" finished-at="2026-01-06T14:03:52 IST" duration-ms="216" status="PASS">
          <reporter-output>
          </reporter-output>
        </test-method> <!-- pm_MHRTM_SuperAdmin_Login_UI -->
        <test-method signature="pm_MHRTM_SuperAdmin_Login()[pri:0, instance:generated.GeneratedApiTest@1fd35a92]" started-at="2026-01-06T14:03:52 IST" name="pm_MHRTM_SuperAdmin_Login" finished-at="2026-01-06T14:03:52 IST" duration-ms="639" status="PASS">
          <reporter-output>
          </reporter-output>
        </test-method> <!-- pm_MHRTM_SuperAdmin_Login -->
        <test-method signature="pm_MHRTM_CPA_Login_UI()[pri:0, instance:generated.GeneratedApiTest@1fd35a92]" started-at="2026-01-06T14:03:52 IST" name="pm_MHRTM_CPA_Login_UI" finished-at="2026-01-06T14:03:53 IST" duration-ms="604" status="PASS">
          <reporter-output>
          </reporter-output>
        </test-method> <!-- pm_MHRTM_CPA_Login_UI -->
        <test-method signature="pm_MHRTM_CPA_Login()[pri:0, instance:generated.GeneratedApiTest@1fd35a92]" started-at="2026-01-06T14:03:53 IST" name="pm_MHRTM_CPA_Login" finished-at="2026-01-06T14:03:53 IST" duration-ms="315" status="PASS">
          <reporter-output>
          </reporter-output>
        </test-method> <!-- pm_MHRTM_CPA_Login -->
        <test-method signature="pm_MHRTM_Participant_Login_UI()[pri:0, instance:generated.GeneratedApiTest@1fd35a92]" started-at="2026-01-06T14:03:53 IST" name="pm_MHRTM_Participant_Login_UI" finished-at="2026-01-06T14:03:56 IST" duration-ms="2101" status="PASS">
          <reporter-output>
          </reporter-output>
        </test-method> <!-- pm_MHRTM_Participant_Login_UI -->
        <test-method signature="pm_MHRTM_Participant_Login()[pri:0, instance:generated.GeneratedApiTest@1fd35a92]" started-at="2026-01-06T14:03:56 IST" name="pm_MHRTM_Participant_Login" finished-at="2026-01-06T14:03:56 IST" duration-ms="374" status="PASS">
          <reporter-output>
          </reporter-output>
        </test-method> <!-- pm_MHRTM_Participant_Login -->
        <test-method signature="pm_KCAI_Patient_App_Login()[pri:0, instance:generated.GeneratedApiTest@1fd35a92]" started-at="2026-01-06T14:03:56 IST" name="pm_KCAI_Patient_App_Login" finished-at="2026-01-06T14:03:57 IST" duration-ms="663" status="PASS">
          <reporter-output>
          </reporter-output>
        </test-method> <!-- pm_KCAI_Patient_App_Login -->
        <test-method signature="pm_Wavedin_App_Login()[pri:0, instance:generated.GeneratedApiTest@1fd35a92]" started-at="2026-01-06T14:03:57 IST" name="pm_Wavedin_App_Login" finished-at="2026-01-06T14:03:58 IST" duration-ms="1534" status="PASS">
          <reporter-output>
          </reporter-output>
        </test-method> <!-- pm_Wavedin_App_Login -->
        <test-method signature="pm_Sparkme_App_Login()[pri:0, instance:generated.GeneratedApiTest@1fd35a92]" started-at="2026-01-06T14:03:58 IST" name="pm_Sparkme_App_Login" finished-at="2026-01-06T14:03:58 IST" duration-ms="274" status="PASS">
          <reporter-output>
          </reporter-output>
        </test-method> <!-- pm_Sparkme_App_Login -->
        <test-method signature="pm_WavedIn_SuperAdmin_Login_UI()[pri:0, instance:generated.GeneratedApiTest@1fd35a92]" started-at="2026-01-06T14:03:58 IST" name="pm_WavedIn_SuperAdmin_Login_UI" finished-at="2026-01-06T14:04:00 IST" duration-ms="1551" status="PASS">
          <reporter-output>
          </reporter-output>
        </test-method> <!-- pm_WavedIn_SuperAdmin_Login_UI -->
        <test-method signature="pm_WavedIn_Market_Web()[pri:0, instance:generated.GeneratedApiTest@1fd35a92]" started-at="2026-01-06T14:04:00 IST" name="pm_WavedIn_Market_Web" finished-at="2026-01-06T14:04:01 IST" duration-ms="1540" status="PASS">
          <reporter-output>
          </reporter-output>
        </test-method> <!-- pm_WavedIn_Market_Web -->
        <test-method signature="pm_Sparkme_Web_Login_UI()[pri:0, instance:generated.GeneratedApiTest@1fd35a92]" started-at="2026-01-06T14:04:01 IST" name="pm_Sparkme_Web_Login_UI" finished-at="2026-01-06T14:04:02 IST" duration-ms="174" status="PASS">
          <reporter-output>
          </reporter-output>
        </test-method> <!-- pm_Sparkme_Web_Login_UI -->
        <test-method signature="pm_Sparkme_Web_Login()[pri:0, instance:generated.GeneratedApiTest@1fd35a92]" started-at="2026-01-06T14:04:02 IST" name="pm_Sparkme_Web_Login" finished-at="2026-01-06T14:04:02 IST" duration-ms="132" status="PASS">
          <reporter-output>
          </reporter-output>
        </test-method> <!-- pm_Sparkme_Web_Login -->
        <test-method signature="pm_Algomax_ProSky_Web_Login_UI()[pri:0, instance:generated.GeneratedApiTest@1fd35a92]" started-at="2026-01-06T14:04:02 IST" name="pm_Algomax_ProSky_Web_Login_UI" finished-at="2026-01-06T14:04:02 IST" duration-ms="271" status="PASS">
          <reporter-output>
          </reporter-output>
        </test-method> <!-- pm_Algomax_ProSky_Web_Login_UI -->
        <test-method signature="pm_Algomax_GoPocket_Web_Login_UI()[pri:0, instance:generated.GeneratedApiTest@1fd35a92]" started-at="2026-01-06T14:04:02 IST" name="pm_Algomax_GoPocket_Web_Login_UI" finished-at="2026-01-06T14:04:02 IST" duration-ms="295" status="PASS">
          <reporter-output>
          </reporter-output>
        </test-method> <!-- pm_Algomax_GoPocket_Web_Login_UI -->
        <test-method signature="pm_LGM_Login_UI()[pri:0, instance:generated.GeneratedApiTest@1fd35a92]" started-at="2026-01-06T14:04:02 IST" name="pm_LGM_Login_UI" finished-at="2026-01-06T14:04:04 IST" duration-ms="1955" status="PASS">
          <reporter-output>
          </reporter-output>
        </test-method> <!-- pm_LGM_Login_UI -->
        <test-method signature="pm_LGM_Login_PhoneNumber()[pri:0, instance:generated.GeneratedApiTest@1fd35a92]" started-at="2026-01-06T14:04:04 IST" name="pm_LGM_Login_PhoneNumber" finished-at="2026-01-06T14:04:05 IST" duration-ms="422" status="PASS">
          <reporter-output>
          </reporter-output>
        </test-method> <!-- pm_LGM_Login_PhoneNumber -->
        <test-method signature="pm_LGM_Login_OTP()[pri:0, instance:generated.GeneratedApiTest@1fd35a92]" started-at="2026-01-06T14:04:05 IST" name="pm_LGM_Login_OTP" finished-at="2026-01-06T14:04:06 IST" duration-ms="828" status="PASS">
          <reporter-output>
          </reporter-output>
        </test-method> <!-- pm_LGM_Login_OTP -->
        <test-method signature="pm_LGM_Login_CheckUser()[pri:0, instance:generated.GeneratedApiTest@1fd35a92]" started-at="2026-01-06T14:04:06 IST" name="pm_LGM_Login_CheckUser" finished-at="2026-01-06T14:04:07 IST" duration-ms="1476" status="PASS">
          <reporter-output>
          </reporter-output>
        </test-method> <!-- pm_LGM_Login_CheckUser -->
        <test-method signature="pm_AskEPI_Login_UI()[pri:0, instance:generated.GeneratedApiTest@1fd35a92]" started-at="2026-01-06T14:04:07 IST" name="pm_AskEPI_Login_UI" finished-at="2026-01-06T14:04:09 IST" duration-ms="2250" status="PASS">
          <reporter-output>
          </reporter-output>
        </test-method> <!-- pm_AskEPI_Login_UI -->
        <test-method signature="pm_AskEPI_Login_PhoneNumber()[pri:0, instance:generated.GeneratedApiTest@1fd35a92]" started-at="2026-01-06T14:04:09 IST" name="pm_AskEPI_Login_PhoneNumber" finished-at="2026-01-06T14:04:11 IST" duration-ms="1345" status="PASS">
          <reporter-output>
          </reporter-output>
        </test-method> <!-- pm_AskEPI_Login_PhoneNumber -->
        <test-method signature="pm_AskEPI_Login_OTP()[pri:0, instance:generated.GeneratedApiTest@1fd35a92]" started-at="2026-01-06T14:04:11 IST" name="pm_AskEPI_Login_OTP" finished-at="2026-01-06T14:04:11 IST" duration-ms="614" status="PASS">
          <reporter-output>
          </reporter-output>
        </test-method> <!-- pm_AskEPI_Login_OTP -->
        <test-method signature="pm_RiskRealm_Admin_Web_Login_UI()[pri:0, instance:generated.GeneratedApiTest@1fd35a92]" started-at="2026-01-06T14:04:11 IST" name="pm_RiskRealm_Admin_Web_Login_UI" finished-at="2026-01-06T14:04:12 IST" duration-ms="768" status="PASS">
          <reporter-output>
          </reporter-output>
        </test-method> <!-- pm_RiskRealm_Admin_Web_Login_UI -->
        <test-method signature="pm_RiskRealm_Chat_Web_Login_UI()[pri:0, instance:generated.GeneratedApiTest@1fd35a92]" started-at="2026-01-06T14:04:12 IST" name="pm_RiskRealm_Chat_Web_Login_UI" finished-at="2026-01-06T14:04:12 IST" duration-ms="368" status="PASS">
          <reporter-output>
          </reporter-output>
        </test-method> <!-- pm_RiskRealm_Chat_Web_Login_UI -->
        <test-method signature="pm_RiskRealm_Login_Number()[pri:0, instance:generated.GeneratedApiTest@1fd35a92]" started-at="2026-01-06T14:04:12 IST" name="pm_RiskRealm_Login_Number" finished-at="2026-01-06T14:04:13 IST" duration-ms="408" status="PASS">
          <reporter-output>
          </reporter-output>
        </test-method> <!-- pm_RiskRealm_Login_Number -->
        <test-method signature="pm_RiskRealm_Login_OTP()[pri:0, instance:generated.GeneratedApiTest@1fd35a92]" started-at="2026-01-06T14:04:13 IST" name="pm_RiskRealm_Login_OTP" finished-at="2026-01-06T14:04:13 IST" duration-ms="551" status="PASS">
          <reporter-output>
          </reporter-output>
        </test-method> <!-- pm_RiskRealm_Login_OTP -->
        <test-method signature="pm_AutoeVantage_eCommerce_Web_UI()[pri:0, instance:generated.GeneratedApiTest@1fd35a92]" started-at="2026-01-06T14:04:13 IST" name="pm_AutoeVantage_eCommerce_Web_UI" finished-at="2026-01-06T14:04:14 IST" duration-ms="841" status="PASS">
          <reporter-output>
          </reporter-output>
        </test-method> <!-- pm_AutoeVantage_eCommerce_Web_UI -->
        <test-method signature="pm_AutoeVantage_eCommerce_Login_PhoneNumber()[pri:0, instance:generated.GeneratedApiTest@1fd35a92]" started-at="2026-01-06T14:04:14 IST" name="pm_AutoeVantage_eCommerce_Login_PhoneNumber" finished-at="2026-01-06T14:04:15 IST" duration-ms="359" status="PASS">
          <reporter-output>
          </reporter-output>
        </test-method> <!-- pm_AutoeVantage_eCommerce_Login_PhoneNumber -->
        <test-method signature="pm_AutoeVantage_eCommerce_Login_OTP()[pri:0, instance:generated.GeneratedApiTest@1fd35a92]" started-at="2026-01-06T14:04:15 IST" name="pm_AutoeVantage_eCommerce_Login_OTP" finished-at="2026-01-06T14:04:15 IST" duration-ms="535" status="PASS">
          <reporter-output>
          </reporter-output>
        </test-method> <!-- pm_AutoeVantage_eCommerce_Login_OTP -->
        <test-method signature="pm_AutoeVantage_eCommerce_Login()[pri:0, instance:generated.GeneratedApiTest@1fd35a92]" started-at="2026-01-06T14:04:15 IST" name="pm_AutoeVantage_eCommerce_Login" finished-at="2026-01-06T14:04:16 IST" duration-ms="413" status="PASS">
          <reporter-output>
          </reporter-output>
        </test-method> <!-- pm_AutoeVantage_eCommerce_Login -->
        <test-method signature="pm_AutoeVantage_Tools_Web_UI()[pri:0, instance:generated.GeneratedApiTest@1fd35a92]" started-at="2026-01-06T14:04:16 IST" name="pm_AutoeVantage_Tools_Web_UI" finished-at="2026-01-06T14:04:16 IST" duration-ms="337" status="PASS">
          <reporter-output>
          </reporter-output>
        </test-method> <!-- pm_AutoeVantage_Tools_Web_UI -->
        <test-method signature="pm_AutoeVantage_Tools_Login_PhoneNumber()[pri:0, instance:generated.GeneratedApiTest@1fd35a92]" started-at="2026-01-06T14:04:16 IST" name="pm_AutoeVantage_Tools_Login_PhoneNumber" finished-at="2026-01-06T14:04:16 IST" duration-ms="382" status="PASS">
          <reporter-output>
          </reporter-output>
        </test-method> <!-- pm_AutoeVantage_Tools_Login_PhoneNumber -->
        <test-method signature="pm_AutoeVantage_Tools_Login_OTP()[pri:0, instance:generated.GeneratedApiTest@1fd35a92]" started-at="2026-01-06T14:04:16 IST" name="pm_AutoeVantage_Tools_Login_OTP" finished-at="2026-01-06T14:04:17 IST" duration-ms="726" status="PASS">
          <reporter-output>
          </reporter-output>
        </test-method> <!-- pm_AutoeVantage_Tools_Login_OTP -->
        <test-method signature="pm_AutoeVantage_Tools_Login()[pri:0, instance:generated.GeneratedApiTest@1fd35a92]" started-at="2026-01-06T14:04:17 IST" name="pm_AutoeVantage_Tools_Login" finished-at="2026-01-06T14:04:17 IST" duration-ms="317" status="PASS">
          <reporter-output>
          </reporter-output>
        </test-method> <!-- pm_AutoeVantage_Tools_Login -->
        <test-method signature="pm_AutoeVantage_Analytics_Web_UI()[pri:0, instance:generated.GeneratedApiTest@1fd35a92]" started-at="2026-01-06T14:04:17 IST" name="pm_AutoeVantage_Analytics_Web_UI" finished-at="2026-01-06T14:04:18 IST" duration-ms="541" status="PASS">
          <reporter-output>
          </reporter-output>
        </test-method> <!-- pm_AutoeVantage_Analytics_Web_UI -->
        <test-method signature="pm_AutoeVantage_Analytics_Login_PhoneNumber()[pri:0, instance:generated.GeneratedApiTest@1fd35a92]" started-at="2026-01-06T14:04:18 IST" name="pm_AutoeVantage_Analytics_Login_PhoneNumber" finished-at="2026-01-06T14:04:18 IST" duration-ms="335" status="PASS">
          <reporter-output>
          </reporter-output>
        </test-method> <!-- pm_AutoeVantage_Analytics_Login_PhoneNumber -->
        <test-method signature="pm_AutoeVantage_Analytics_Login_OTP()[pri:0, instance:generated.GeneratedApiTest@1fd35a92]" started-at="2026-01-06T14:04:18 IST" name="pm_AutoeVantage_Analytics_Login_OTP" finished-at="2026-01-06T14:04:20 IST" duration-ms="1423" status="PASS">
          <reporter-output>
          </reporter-output>
        </test-method> <!-- pm_AutoeVantage_Analytics_Login_OTP -->
        <test-method signature="pm_AutoeVantage_Analytics_Login()[pri:0, instance:generated.GeneratedApiTest@1fd35a92]" started-at="2026-01-06T14:04:20 IST" name="pm_AutoeVantage_Analytics_Login" finished-at="2026-01-06T14:04:20 IST" duration-ms="318" status="PASS">
          <reporter-output>
          </reporter-output>
        </test-method> <!-- pm_AutoeVantage_Analytics_Login -->
        <test-method signature="pm_Metcalf_UI()[pri:0, instance:generated.GeneratedApiTest@1fd35a92]" started-at="2026-01-06T14:04:20 IST" name="pm_Metcalf_UI" finished-at="2026-01-06T14:04:20 IST" duration-ms="119" status="PASS">
          <reporter-output>
          </reporter-output>
        </test-method> <!-- pm_Metcalf_UI -->
        <test-method signature="pm_Humee_Admin_Web_Login_UI()[pri:0, instance:generated.GeneratedApiTest@1fd35a92]" started-at="2026-01-06T14:04:20 IST" name="pm_Humee_Admin_Web_Login_UI" finished-at="2026-01-06T14:04:21 IST" duration-ms="641" status="PASS">
          <reporter-output>
          </reporter-output>
        </test-method> <!-- pm_Humee_Admin_Web_Login_UI -->
        <test-method signature="pm_Humee_Dashboard_Web_Login_UI()[pri:0, instance:generated.GeneratedApiTest@1fd35a92]" started-at="2026-01-06T14:04:21 IST" name="pm_Humee_Dashboard_Web_Login_UI" finished-at="2026-01-06T14:04:21 IST" duration-ms="525" status="PASS">
          <reporter-output>
          </reporter-output>
        </test-method> <!-- pm_Humee_Dashboard_Web_Login_UI -->
        <test-method signature="pm_Humee_Dashboard_Login_Number()[pri:0, instance:generated.GeneratedApiTest@1fd35a92]" started-at="2026-01-06T14:04:21 IST" name="pm_Humee_Dashboard_Login_Number" finished-at="2026-01-06T14:04:22 IST" duration-ms="659" status="PASS">
          <reporter-output>
          </reporter-output>
        </test-method> <!-- pm_Humee_Dashboard_Login_Number -->
        <test-method signature="pm_Humee_Dashboard_Login_OTP()[pri:0, instance:generated.GeneratedApiTest@1fd35a92]" started-at="2026-01-06T14:04:22 IST" name="pm_Humee_Dashboard_Login_OTP" finished-at="2026-01-06T14:04:23 IST" duration-ms="577" status="PASS">
          <reporter-output>
          </reporter-output>
        </test-method> <!-- pm_Humee_Dashboard_Login_OTP -->
        <test-method signature="pm_Humee_SuperAdmin_Login_UI()[pri:0, instance:generated.GeneratedApiTest@1fd35a92]" started-at="2026-01-06T14:04:23 IST" name="pm_Humee_SuperAdmin_Login_UI" finished-at="2026-01-06T14:04:23 IST" duration-ms="747" status="PASS">
          <reporter-output>
          </reporter-output>
        </test-method> <!-- pm_Humee_SuperAdmin_Login_UI -->
        <test-method signature="pm_Humee_SuperAdmin_Login_Number()[pri:0, instance:generated.GeneratedApiTest@1fd35a92]" started-at="2026-01-06T14:04:23 IST" name="pm_Humee_SuperAdmin_Login_Number" finished-at="2026-01-06T14:04:24 IST" duration-ms="714" status="PASS">
          <reporter-output>
          </reporter-output>
        </test-method> <!-- pm_Humee_SuperAdmin_Login_Number -->
        <test-method signature="pm_Humee_SuperAdmin_Login_OTP()[pri:0, instance:generated.GeneratedApiTest@1fd35a92]" started-at="2026-01-06T14:04:24 IST" name="pm_Humee_SuperAdmin_Login_OTP" finished-at="2026-01-06T14:04:25 IST" duration-ms="645" status="PASS">
          <reporter-output>
          </reporter-output>
        </test-method> <!-- pm_Humee_SuperAdmin_Login_OTP -->
        <test-method signature="pm_Humee_CPA_Login_UI()[pri:0, instance:generated.GeneratedApiTest@1fd35a92]" started-at="2026-01-06T14:04:25 IST" name="pm_Humee_CPA_Login_UI" finished-at="2026-01-06T14:04:25 IST" duration-ms="366" status="PASS">
          <reporter-output>
          </reporter-output>
        </test-method> <!-- pm_Humee_CPA_Login_UI -->
        <test-method signature="pm_Humee_CPA_Login_Number()[pri:0, instance:generated.GeneratedApiTest@1fd35a92]" started-at="2026-01-06T14:04:25 IST" name="pm_Humee_CPA_Login_Number" finished-at="2026-01-06T14:04:25 IST" duration-ms="350" status="PASS">
          <reporter-output>
          </reporter-output>
        </test-method> <!-- pm_Humee_CPA_Login_Number -->
        <test-method signature="pm_Humee_CPA_Login_OTP()[pri:0, instance:generated.GeneratedApiTest@1fd35a92]" started-at="2026-01-06T14:04:25 IST" name="pm_Humee_CPA_Login_OTP" finished-at="2026-01-06T14:04:26 IST" duration-ms="509" status="PASS">
          <reporter-output>
          </reporter-output>
        </test-method> <!-- pm_Humee_CPA_Login_OTP -->
        <test-method signature="pm_Humee_Participant_Login_UI()[pri:0, instance:generated.GeneratedApiTest@1fd35a92]" started-at="2026-01-06T14:04:26 IST" name="pm_Humee_Participant_Login_UI" finished-at="2026-01-06T14:04:26 IST" duration-ms="326" status="PASS">
          <reporter-output>
          </reporter-output>
        </test-method> <!-- pm_Humee_Participant_Login_UI -->
        <test-method signature="pm_Humee_Participant_Login_Number()[pri:0, instance:generated.GeneratedApiTest@1fd35a92]" started-at="2026-01-06T14:04:26 IST" name="pm_Humee_Participant_Login_Number" finished-at="2026-01-06T14:04:27 IST" duration-ms="625" status="PASS">
          <reporter-output>
          </reporter-output>
        </test-method> <!-- pm_Humee_Participant_Login_Number -->
        <test-method signature="pm_Humee_Participant_Login_OTP()[pri:0, instance:generated.GeneratedApiTest@1fd35a92]" started-at="2026-01-06T14:04:27 IST" name="pm_Humee_Participant_Login_OTP" finished-at="2026-01-06T14:04:27 IST" duration-ms="541" status="PASS">
          <reporter-output>
          </reporter-output>
        </test-method> <!-- pm_Humee_Participant_Login_OTP -->
        <test-method signature="pm_ZAPAI_UI()[pri:0, instance:generated.GeneratedApiTest@1fd35a92]" started-at="2026-01-06T14:04:27 IST" name="pm_ZAPAI_UI" finished-at="2026-01-06T14:04:35 IST" duration-ms="7190" status="PASS">
          <reporter-output>
          </reporter-output>
        </test-method> <!-- pm_ZAPAI_UI -->
        <test-method signature="pm_ZAPCRM_UI()[pri:0, instance:generated.GeneratedApiTest@1fd35a92]" started-at="2026-01-06T14:04:35 IST" name="pm_ZAPCRM_UI" finished-at="2026-01-06T14:04:35 IST" duration-ms="455" status="PASS">
          <reporter-output>
          </reporter-output>
        </test-method> <!-- pm_ZAPCRM_UI -->
        <test-method signature="pm_Lead_ZAPCRM_UI()[pri:0, instance:generated.GeneratedApiTest@1fd35a92]" started-at="2026-01-06T14:04:35 IST" name="pm_Lead_ZAPCRM_UI" finished-at="2026-01-06T14:04:36 IST" duration-ms="551" status="PASS">
          <reporter-output>
          </reporter-output>
        </test-method> <!-- pm_Lead_ZAPCRM_UI -->
        <test-method signature="pm_Secure_ZAPCRM_UI()[pri:0, instance:generated.GeneratedApiTest@1fd35a92]" started-at="2026-01-06T14:04:36 IST" name="pm_Secure_ZAPCRM_UI" finished-at="2026-01-06T14:04:37 IST" duration-ms="957" status="PASS">
          <reporter-output>
          </reporter-output>
        </test-method> <!-- pm_Secure_ZAPCRM_UI -->
        <test-method signature="pm_Social_ZAPCRM_UI()[pri:0, instance:generated.GeneratedApiTest@1fd35a92]" started-at="2026-01-06T14:04:37 IST" name="pm_Social_ZAPCRM_UI" finished-at="2026-01-06T14:04:37 IST" duration-ms="436" status="PASS">
          <reporter-output>
          </reporter-output>
        </test-method> <!-- pm_Social_ZAPCRM_UI -->
        <test-method signature="pm_KaiCareAi_CPTCode_Loader()[pri:0, instance:generated.GeneratedApiTest@1fd35a92]" started-at="2026-01-06T14:04:37 IST" name="pm_KaiCareAi_CPTCode_Loader" finished-at="2026-01-06T14:04:38 IST" duration-ms="879" status="PASS">
          <reporter-output>
          </reporter-output>
        </test-method> <!-- pm_KaiCareAi_CPTCode_Loader -->
        <test-method signature="pm_KaiCareAi_CallRecord_Loader()[pri:0, instance:generated.GeneratedApiTest@1fd35a92]" started-at="2026-01-06T14:04:38 IST" name="pm_KaiCareAi_CallRecord_Loader" finished-at="2026-01-06T14:04:38 IST" duration-ms="324" status="PASS">
          <reporter-output>
          </reporter-output>
        </test-method> <!-- pm_KaiCareAi_CallRecord_Loader -->
      </class> <!-- generated.GeneratedApiTest -->
    </test> <!-- AdHash_API_Tests -->
  </suite> <!-- AdHash_All_Projects_API_Production -->
</testng-results>
