<?xml version="1.0" encoding="UTF-8"?>
<testng-results ignored="0" total="60" passed="60" failed="0" skipped="0">
  <reporter-output>
  </reporter-output>
  <suite started-at="2025-09-23T04:03:08 GMT-04:00" name="AdHash_All_Projects_API_Production" finished-at="2025-09-23T04:03:49 GMT-04:00" duration-ms="41508">
    <groups>
    </groups>
    <test started-at="2025-09-23T04:03:08 GMT-04:00" name="AdHash_API_Tests" finished-at="2025-09-23T04:03:49 GMT-04:00" duration-ms="41508">
      <class name="generated.GeneratedApiTest">
        <test-method is-config="true" signature="setup()[pri:0, instance:generated.GeneratedApiTest@2e4b8173]" started-at="2025-09-23T04:03:08 GMT-04:00" name="setup" finished-at="2025-09-23T04:03:08 GMT-04:00" duration-ms="13" status="PASS">
          <reporter-output>
          </reporter-output>
        </test-method> <!-- setup -->
        <test-method signature="pm_AdHash_Website()[pri:0, instance:generated.GeneratedApiTest@2e4b8173]" started-at="2025-09-23T04:03:08 GMT-04:00" name="pm_AdHash_Website" finished-at="2025-09-23T04:03:09 GMT-04:00" duration-ms="1277" status="PASS">
          <reporter-output>
          </reporter-output>
        </test-method> <!-- pm_AdHash_Website -->
        <test-method signature="pm_AutoChecker_Login_UI()[pri:0, instance:generated.GeneratedApiTest@2e4b8173]" started-at="2025-09-23T04:03:09 GMT-04:00" name="pm_AutoChecker_Login_UI" finished-at="2025-09-23T04:03:10 GMT-04:00" duration-ms="1276" status="PASS">
          <reporter-output>
          </reporter-output>
        </test-method> <!-- pm_AutoChecker_Login_UI -->
        <test-method signature="pm_AutoChecker_Admin_Login()[pri:0, instance:generated.GeneratedApiTest@2e4b8173]" started-at="2025-09-23T04:03:10 GMT-04:00" name="pm_AutoChecker_Admin_Login" finished-at="2025-09-23T04:03:12 GMT-04:00" duration-ms="1173" status="PASS">
          <reporter-output>
          </reporter-output>
        </test-method> <!-- pm_AutoChecker_Admin_Login -->
        <test-method signature="pm_AutoChecker_App_Login()[pri:0, instance:generated.GeneratedApiTest@2e4b8173]" started-at="2025-09-23T04:03:12 GMT-04:00" name="pm_AutoChecker_App_Login" finished-at="2025-09-23T04:03:13 GMT-04:00" duration-ms="1188" status="PASS">
          <reporter-output>
          </reporter-output>
        </test-method> <!-- pm_AutoChecker_App_Login -->
        <test-method signature="pm_MHAI_Doctor_SuperAdmin_Login_UI()[pri:0, instance:generated.GeneratedApiTest@2e4b8173]" started-at="2025-09-23T04:03:13 GMT-04:00" name="pm_MHAI_Doctor_SuperAdmin_Login_UI" finished-at="2025-09-23T04:03:14 GMT-04:00" duration-ms="1099" status="PASS">
          <reporter-output>
          </reporter-output>
        </test-method> <!-- pm_MHAI_Doctor_SuperAdmin_Login_UI -->
        <test-method signature="pm_MHAI_Doctor_SuperAdmin_Login()[pri:0, instance:generated.GeneratedApiTest@2e4b8173]" started-at="2025-09-23T04:03:14 GMT-04:00" name="pm_MHAI_Doctor_SuperAdmin_Login" finished-at="2025-09-23T04:03:14 GMT-04:00" duration-ms="267" status="PASS">
          <reporter-output>
          </reporter-output>
        </test-method> <!-- pm_MHAI_Doctor_SuperAdmin_Login -->
        <test-method signature="pm_MHAI_Doctor_Login_UI()[pri:0, instance:generated.GeneratedApiTest@2e4b8173]" started-at="2025-09-23T04:03:14 GMT-04:00" name="pm_MHAI_Doctor_Login_UI" finished-at="2025-09-23T04:03:15 GMT-04:00" duration-ms="1260" status="PASS">
          <reporter-output>
          </reporter-output>
        </test-method> <!-- pm_MHAI_Doctor_Login_UI -->
        <test-method signature="pm_MHAI_Doctor_Login()[pri:0, instance:generated.GeneratedApiTest@2e4b8173]" started-at="2025-09-23T04:03:15 GMT-04:00" name="pm_MHAI_Doctor_Login" finished-at="2025-09-23T04:03:16 GMT-04:00" duration-ms="304" status="PASS">
          <reporter-output>
          </reporter-output>
        </test-method> <!-- pm_MHAI_Doctor_Login -->
        <test-method signature="pm_KCAI_Doctor_SuperAdmin_Login_UI()[pri:0, instance:generated.GeneratedApiTest@2e4b8173]" started-at="2025-09-23T04:03:16 GMT-04:00" name="pm_KCAI_Doctor_SuperAdmin_Login_UI" finished-at="2025-09-23T04:03:16 GMT-04:00" duration-ms="630" status="PASS">
          <reporter-output>
          </reporter-output>
        </test-method> <!-- pm_KCAI_Doctor_SuperAdmin_Login_UI -->
        <test-method signature="pm_KCAI_Doctor_SuperAdmin_Login()[pri:0, instance:generated.GeneratedApiTest@2e4b8173]" started-at="2025-09-23T04:03:16 GMT-04:00" name="pm_KCAI_Doctor_SuperAdmin_Login" finished-at="2025-09-23T04:03:17 GMT-04:00" duration-ms="699" status="PASS">
          <reporter-output>
          </reporter-output>
        </test-method> <!-- pm_KCAI_Doctor_SuperAdmin_Login -->
        <test-method signature="pm_KCAI_Doctor_Login_UI()[pri:0, instance:generated.GeneratedApiTest@2e4b8173]" started-at="2025-09-23T04:03:17 GMT-04:00" name="pm_KCAI_Doctor_Login_UI" finished-at="2025-09-23T04:03:18 GMT-04:00" duration-ms="1003" status="PASS">
          <reporter-output>
          </reporter-output>
        </test-method> <!-- pm_KCAI_Doctor_Login_UI -->
        <test-method signature="pm_KCAI_Doctor_Login()[pri:0, instance:generated.GeneratedApiTest@2e4b8173]" started-at="2025-09-23T04:03:18 GMT-04:00" name="pm_KCAI_Doctor_Login" finished-at="2025-09-23T04:03:19 GMT-04:00" duration-ms="496" status="PASS">
          <reporter-output>
          </reporter-output>
        </test-method> <!-- pm_KCAI_Doctor_Login -->
        <test-method signature="pm_MHCRM_SuperAdmin_Login_UI()[pri:0, instance:generated.GeneratedApiTest@2e4b8173]" started-at="2025-09-23T04:03:19 GMT-04:00" name="pm_MHCRM_SuperAdmin_Login_UI" finished-at="2025-09-23T04:03:20 GMT-04:00" duration-ms="1328" status="PASS">
          <reporter-output>
          </reporter-output>
        </test-method> <!-- pm_MHCRM_SuperAdmin_Login_UI -->
        <test-method signature="pm_MHCRM_SuperAdmin_Login()[pri:0, instance:generated.GeneratedApiTest@2e4b8173]" started-at="2025-09-23T04:03:20 GMT-04:00" name="pm_MHCRM_SuperAdmin_Login" finished-at="2025-09-23T04:03:21 GMT-04:00" duration-ms="1160" status="PASS">
          <reporter-output>
          </reporter-output>
        </test-method> <!-- pm_MHCRM_SuperAdmin_Login -->
        <test-method signature="pm_MHCRM_Admin_Login()[pri:0, instance:generated.GeneratedApiTest@2e4b8173]" started-at="2025-09-23T04:03:21 GMT-04:00" name="pm_MHCRM_Admin_Login" finished-at="2025-09-23T04:03:21 GMT-04:00" duration-ms="297" status="PASS">
          <reporter-output>
          </reporter-output>
        </test-method> <!-- pm_MHCRM_Admin_Login -->
        <test-method signature="pm_MHCCM_SuperAdmin_Login_UI()[pri:0, instance:generated.GeneratedApiTest@2e4b8173]" started-at="2025-09-23T04:03:21 GMT-04:00" name="pm_MHCCM_SuperAdmin_Login_UI" finished-at="2025-09-23T04:03:23 GMT-04:00" duration-ms="1166" status="PASS">
          <reporter-output>
          </reporter-output>
        </test-method> <!-- pm_MHCCM_SuperAdmin_Login_UI -->
        <test-method signature="pm_MHCCM_SuperAdmin_Login()[pri:0, instance:generated.GeneratedApiTest@2e4b8173]" started-at="2025-09-23T04:03:23 GMT-04:00" name="pm_MHCCM_SuperAdmin_Login" finished-at="2025-09-23T04:03:23 GMT-04:00" duration-ms="303" status="PASS">
          <reporter-output>
          </reporter-output>
        </test-method> <!-- pm_MHCCM_SuperAdmin_Login -->
        <test-method signature="pm_MHCCM_CPA_Login_UI()[pri:0, instance:generated.GeneratedApiTest@2e4b8173]" started-at="2025-09-23T04:03:23 GMT-04:00" name="pm_MHCCM_CPA_Login_UI" finished-at="2025-09-23T04:03:24 GMT-04:00" duration-ms="1156" status="PASS">
          <reporter-output>
          </reporter-output>
        </test-method> <!-- pm_MHCCM_CPA_Login_UI -->
        <test-method signature="pm_MHCCM_CPA_Login()[pri:0, instance:generated.GeneratedApiTest@2e4b8173]" started-at="2025-09-23T04:03:24 GMT-04:00" name="pm_MHCCM_CPA_Login" finished-at="2025-09-23T04:03:24 GMT-04:00" duration-ms="328" status="PASS">
          <reporter-output>
          </reporter-output>
        </test-method> <!-- pm_MHCCM_CPA_Login -->
        <test-method signature="pm_MHCCM_PAR_Login_UI()[pri:0, instance:generated.GeneratedApiTest@2e4b8173]" started-at="2025-09-23T04:03:24 GMT-04:00" name="pm_MHCCM_PAR_Login_UI" finished-at="2025-09-23T04:03:25 GMT-04:00" duration-ms="1082" status="PASS">
          <reporter-output>
          </reporter-output>
        </test-method> <!-- pm_MHCCM_PAR_Login_UI -->
        <test-method signature="pm_MHCCM_PAR_Login()[pri:0, instance:generated.GeneratedApiTest@2e4b8173]" started-at="2025-09-23T04:03:25 GMT-04:00" name="pm_MHCCM_PAR_Login" finished-at="2025-09-23T04:03:26 GMT-04:00" duration-ms="324" status="PASS">
          <reporter-output>
          </reporter-output>
        </test-method> <!-- pm_MHCCM_PAR_Login -->
        <test-method signature="pm_MHCCM_Form_UI()[pri:0, instance:generated.GeneratedApiTest@2e4b8173]" started-at="2025-09-23T04:03:26 GMT-04:00" name="pm_MHCCM_Form_UI" finished-at="2025-09-23T04:03:27 GMT-04:00" duration-ms="1116" status="PASS">
          <reporter-output>
          </reporter-output>
        </test-method> <!-- pm_MHCCM_Form_UI -->
        <test-method signature="pm_MHCCM_PAR_CRM_Login_UI()[pri:0, instance:generated.GeneratedApiTest@2e4b8173]" started-at="2025-09-23T04:03:27 GMT-04:00" name="pm_MHCCM_PAR_CRM_Login_UI" finished-at="2025-09-23T04:03:28 GMT-04:00" duration-ms="1144" status="PASS">
          <reporter-output>
          </reporter-output>
        </test-method> <!-- pm_MHCCM_PAR_CRM_Login_UI -->
        <test-method signature="pm_MHCCM_PAR_CRM_Login()[pri:0, instance:generated.GeneratedApiTest@2e4b8173]" started-at="2025-09-23T04:03:28 GMT-04:00" name="pm_MHCCM_PAR_CRM_Login" finished-at="2025-09-23T04:03:29 GMT-04:00" duration-ms="1266" status="PASS">
          <reporter-output>
          </reporter-output>
        </test-method> <!-- pm_MHCCM_PAR_CRM_Login -->
        <test-method signature="pm_MHRTM_SuperAdmin_Login_UI()[pri:0, instance:generated.GeneratedApiTest@2e4b8173]" started-at="2025-09-23T04:03:29 GMT-04:00" name="pm_MHRTM_SuperAdmin_Login_UI" finished-at="2025-09-23T04:03:29 GMT-04:00" duration-ms="154" status="PASS">
          <reporter-output>
          </reporter-output>
        </test-method> <!-- pm_MHRTM_SuperAdmin_Login_UI -->
        <test-method signature="pm_MHRTM_SuperAdmin_Login()[pri:0, instance:generated.GeneratedApiTest@2e4b8173]" started-at="2025-09-23T04:03:29 GMT-04:00" name="pm_MHRTM_SuperAdmin_Login" finished-at="2025-09-23T04:03:30 GMT-04:00" duration-ms="946" status="PASS">
          <reporter-output>
          </reporter-output>
        </test-method> <!-- pm_MHRTM_SuperAdmin_Login -->
        <test-method signature="pm_MHRTM_CPA_Login_UI()[pri:0, instance:generated.GeneratedApiTest@2e4b8173]" started-at="2025-09-23T04:03:30 GMT-04:00" name="pm_MHRTM_CPA_Login_UI" finished-at="2025-09-23T04:03:31 GMT-04:00" duration-ms="617" status="PASS">
          <reporter-output>
          </reporter-output>
        </test-method> <!-- pm_MHRTM_CPA_Login_UI -->
        <test-method signature="pm_MHRTM_CPA_Login()[pri:0, instance:generated.GeneratedApiTest@2e4b8173]" started-at="2025-09-23T04:03:31 GMT-04:00" name="pm_MHRTM_CPA_Login" finished-at="2025-09-23T04:03:31 GMT-04:00" duration-ms="494" status="PASS">
          <reporter-output>
          </reporter-output>
        </test-method> <!-- pm_MHRTM_CPA_Login -->
        <test-method signature="pm_MHRTM_Participant_Login_UI()[pri:0, instance:generated.GeneratedApiTest@2e4b8173]" started-at="2025-09-23T04:03:31 GMT-04:00" name="pm_MHRTM_Participant_Login_UI" finished-at="2025-09-23T04:03:32 GMT-04:00" duration-ms="685" status="PASS">
          <reporter-output>
          </reporter-output>
        </test-method> <!-- pm_MHRTM_Participant_Login_UI -->
        <test-method signature="pm_MHRTM_Participant_Login()[pri:0, instance:generated.GeneratedApiTest@2e4b8173]" started-at="2025-09-23T04:03:32 GMT-04:00" name="pm_MHRTM_Participant_Login" finished-at="2025-09-23T04:03:32 GMT-04:00" duration-ms="260" status="PASS">
          <reporter-output>
          </reporter-output>
        </test-method> <!-- pm_MHRTM_Participant_Login -->
        <test-method signature="pm_MHAI_Patient_App_Login()[pri:0, instance:generated.GeneratedApiTest@2e4b8173]" started-at="2025-09-23T04:03:32 GMT-04:00" name="pm_MHAI_Patient_App_Login" finished-at="2025-09-23T04:03:34 GMT-04:00" duration-ms="1209" status="PASS">
          <reporter-output>
          </reporter-output>
        </test-method> <!-- pm_MHAI_Patient_App_Login -->
        <test-method signature="pm_KCAI_Patient_App_Login()[pri:0, instance:generated.GeneratedApiTest@2e4b8173]" started-at="2025-09-23T04:03:34 GMT-04:00" name="pm_KCAI_Patient_App_Login" finished-at="2025-09-23T04:03:34 GMT-04:00" duration-ms="700" status="PASS">
          <reporter-output>
          </reporter-output>
        </test-method> <!-- pm_KCAI_Patient_App_Login -->
        <test-method signature="pm_Wavedin_App_Login()[pri:0, instance:generated.GeneratedApiTest@2e4b8173]" started-at="2025-09-23T04:03:34 GMT-04:00" name="pm_Wavedin_App_Login" finished-at="2025-09-23T04:03:36 GMT-04:00" duration-ms="1210" status="PASS">
          <reporter-output>
          </reporter-output>
        </test-method> <!-- pm_Wavedin_App_Login -->
        <test-method signature="pm_Sparkme_App_Login()[pri:0, instance:generated.GeneratedApiTest@2e4b8173]" started-at="2025-09-23T04:03:36 GMT-04:00" name="pm_Sparkme_App_Login" finished-at="2025-09-23T04:03:36 GMT-04:00" duration-ms="388" status="PASS">
          <reporter-output>
          </reporter-output>
        </test-method> <!-- pm_Sparkme_App_Login -->
        <test-method signature="pm_WavedIn_SuperAdmin_Login_UI()[pri:0, instance:generated.GeneratedApiTest@2e4b8173]" started-at="2025-09-23T04:03:36 GMT-04:00" name="pm_WavedIn_SuperAdmin_Login_UI" finished-at="2025-09-23T04:03:37 GMT-04:00" duration-ms="949" status="PASS">
          <reporter-output>
          </reporter-output>
        </test-method> <!-- pm_WavedIn_SuperAdmin_Login_UI -->
        <test-method signature="pm_WavedIn_Market_Web()[pri:0, instance:generated.GeneratedApiTest@2e4b8173]" started-at="2025-09-23T04:03:37 GMT-04:00" name="pm_WavedIn_Market_Web" finished-at="2025-09-23T04:03:38 GMT-04:00" duration-ms="953" status="PASS">
          <reporter-output>
          </reporter-output>
        </test-method> <!-- pm_WavedIn_Market_Web -->
        <test-method signature="pm_Sparkme_Web_Login_UI()[pri:0, instance:generated.GeneratedApiTest@2e4b8173]" started-at="2025-09-23T04:03:38 GMT-04:00" name="pm_Sparkme_Web_Login_UI" finished-at="2025-09-23T04:03:38 GMT-04:00" duration-ms="188" status="PASS">
          <reporter-output>
          </reporter-output>
        </test-method> <!-- pm_Sparkme_Web_Login_UI -->
        <test-method signature="pm_Sparkme_Web_Login()[pri:0, instance:generated.GeneratedApiTest@2e4b8173]" started-at="2025-09-23T04:03:38 GMT-04:00" name="pm_Sparkme_Web_Login" finished-at="2025-09-23T04:03:38 GMT-04:00" duration-ms="71" status="PASS">
          <reporter-output>
          </reporter-output>
        </test-method> <!-- pm_Sparkme_Web_Login -->
        <test-method signature="pm_Algomax_ProSky_Web_Login_UI()[pri:0, instance:generated.GeneratedApiTest@2e4b8173]" started-at="2025-09-23T04:03:38 GMT-04:00" name="pm_Algomax_ProSky_Web_Login_UI" finished-at="2025-09-23T04:03:38 GMT-04:00" duration-ms="280" status="PASS">
          <reporter-output>
          </reporter-output>
        </test-method> <!-- pm_Algomax_ProSky_Web_Login_UI -->
        <test-method signature="pm_Algomax_GoPocket_Web_Login_UI()[pri:0, instance:generated.GeneratedApiTest@2e4b8173]" started-at="2025-09-23T04:03:38 GMT-04:00" name="pm_Algomax_GoPocket_Web_Login_UI" finished-at="2025-09-23T04:03:39 GMT-04:00" duration-ms="228" status="PASS">
          <reporter-output>
          </reporter-output>
        </test-method> <!-- pm_Algomax_GoPocket_Web_Login_UI -->
        <test-method signature="pm_LGM_Login_UI()[pri:0, instance:generated.GeneratedApiTest@2e4b8173]" started-at="2025-09-23T04:03:39 GMT-04:00" name="pm_LGM_Login_UI" finished-at="2025-09-23T04:03:40 GMT-04:00" duration-ms="972" status="PASS">
          <reporter-output>
          </reporter-output>
        </test-method> <!-- pm_LGM_Login_UI -->
        <test-method signature="pm_LGM_Login_PhoneNumber()[pri:0, instance:generated.GeneratedApiTest@2e4b8173]" started-at="2025-09-23T04:03:40 GMT-04:00" name="pm_LGM_Login_PhoneNumber" finished-at="2025-09-23T04:03:40 GMT-04:00" duration-ms="378" status="PASS">
          <reporter-output>
          </reporter-output>
        </test-method> <!-- pm_LGM_Login_PhoneNumber -->
        <test-method signature="pm_LGM_Login_OTP()[pri:0, instance:generated.GeneratedApiTest@2e4b8173]" started-at="2025-09-23T04:03:40 GMT-04:00" name="pm_LGM_Login_OTP" finished-at="2025-09-23T04:03:41 GMT-04:00" duration-ms="743" status="PASS">
          <reporter-output>
          </reporter-output>
        </test-method> <!-- pm_LGM_Login_OTP -->
        <test-method signature="pm_AskEPI_Login_UI()[pri:0, instance:generated.GeneratedApiTest@2e4b8173]" started-at="2025-09-23T04:03:41 GMT-04:00" name="pm_AskEPI_Login_UI" finished-at="2025-09-23T04:03:42 GMT-04:00" duration-ms="1203" status="PASS">
          <reporter-output>
          </reporter-output>
        </test-method> <!-- pm_AskEPI_Login_UI -->
        <test-method signature="pm_AskEPI_Login_PhoneNumber()[pri:0, instance:generated.GeneratedApiTest@2e4b8173]" started-at="2025-09-23T04:03:42 GMT-04:00" name="pm_AskEPI_Login_PhoneNumber" finished-at="2025-09-23T04:03:43 GMT-04:00" duration-ms="1016" status="PASS">
          <reporter-output>
          </reporter-output>
        </test-method> <!-- pm_AskEPI_Login_PhoneNumber -->
        <test-method signature="pm_AskEPI_Login_OTP()[pri:0, instance:generated.GeneratedApiTest@2e4b8173]" started-at="2025-09-23T04:03:43 GMT-04:00" name="pm_AskEPI_Login_OTP" finished-at="2025-09-23T04:03:44 GMT-04:00" duration-ms="671" status="PASS">
          <reporter-output>
          </reporter-output>
        </test-method> <!-- pm_AskEPI_Login_OTP -->
        <test-method signature="pm_RiskRealm_Admin_Web_Login_UI()[pri:0, instance:generated.GeneratedApiTest@2e4b8173]" started-at="2025-09-23T04:03:44 GMT-04:00" name="pm_RiskRealm_Admin_Web_Login_UI" finished-at="2025-09-23T04:03:44 GMT-04:00" duration-ms="698" status="PASS">
          <reporter-output>
          </reporter-output>
        </test-method> <!-- pm_RiskRealm_Admin_Web_Login_UI -->
        <test-method signature="pm_RiskRealm_Chat_Web_Login_UI()[pri:0, instance:generated.GeneratedApiTest@2e4b8173]" started-at="2025-09-23T04:03:44 GMT-04:00" name="pm_RiskRealm_Chat_Web_Login_UI" finished-at="2025-09-23T04:03:45 GMT-04:00" duration-ms="282" status="PASS">
          <reporter-output>
          </reporter-output>
        </test-method> <!-- pm_RiskRealm_Chat_Web_Login_UI -->
        <test-method signature="pm_RiskRealm_Login_Number()[pri:0, instance:generated.GeneratedApiTest@2e4b8173]" started-at="2025-09-23T04:03:45 GMT-04:00" name="pm_RiskRealm_Login_Number" finished-at="2025-09-23T04:03:45 GMT-04:00" duration-ms="341" status="PASS">
          <reporter-output>
          </reporter-output>
        </test-method> <!-- pm_RiskRealm_Login_Number -->
        <test-method signature="pm_RiskRealm_Login_OTP()[pri:0, instance:generated.GeneratedApiTest@2e4b8173]" started-at="2025-09-23T04:03:45 GMT-04:00" name="pm_RiskRealm_Login_OTP" finished-at="2025-09-23T04:03:46 GMT-04:00" duration-ms="663" status="PASS">
          <reporter-output>
          </reporter-output>
        </test-method> <!-- pm_RiskRealm_Login_OTP -->
        <test-method signature="pm_AutoeVantage_eCommerce_Web_UI()[pri:0, instance:generated.GeneratedApiTest@2e4b8173]" started-at="2025-09-23T04:03:46 GMT-04:00" name="pm_AutoeVantage_eCommerce_Web_UI" finished-at="2025-09-23T04:03:46 GMT-04:00" duration-ms="748" status="PASS">
          <reporter-output>
          </reporter-output>
        </test-method> <!-- pm_AutoeVantage_eCommerce_Web_UI -->
        <test-method signature="pm_AutoeVantage_eCommerce_Login_PhoneNumber()[pri:0, instance:generated.GeneratedApiTest@2e4b8173]" started-at="2025-09-23T04:03:46 GMT-04:00" name="pm_AutoeVantage_eCommerce_Login_PhoneNumber" finished-at="2025-09-23T04:03:47 GMT-04:00" duration-ms="303" status="PASS">
          <reporter-output>
          </reporter-output>
        </test-method> <!-- pm_AutoeVantage_eCommerce_Login_PhoneNumber -->
        <test-method signature="pm_AutoeVantage_eCommerce_Login_OTP()[pri:0, instance:generated.GeneratedApiTest@2e4b8173]" started-at="2025-09-23T04:03:47 GMT-04:00" name="pm_AutoeVantage_eCommerce_Login_OTP" finished-at="2025-09-23T04:03:47 GMT-04:00" duration-ms="485" status="PASS">
          <reporter-output>
          </reporter-output>
        </test-method> <!-- pm_AutoeVantage_eCommerce_Login_OTP -->
        <test-method signature="pm_AutoeVantage_Tools_Web_UI()[pri:0, instance:generated.GeneratedApiTest@2e4b8173]" started-at="2025-09-23T04:03:47 GMT-04:00" name="pm_AutoeVantage_Tools_Web_UI" finished-at="2025-09-23T04:03:47 GMT-04:00" duration-ms="321" status="PASS">
          <reporter-output>
          </reporter-output>
        </test-method> <!-- pm_AutoeVantage_Tools_Web_UI -->
        <test-method signature="pm_AutoeVantage_Tools_Login_PhoneNumber()[pri:0, instance:generated.GeneratedApiTest@2e4b8173]" started-at="2025-09-23T04:03:47 GMT-04:00" name="pm_AutoeVantage_Tools_Login_PhoneNumber" finished-at="2025-09-23T04:03:48 GMT-04:00" duration-ms="297" status="PASS">
          <reporter-output>
          </reporter-output>
        </test-method> <!-- pm_AutoeVantage_Tools_Login_PhoneNumber -->
        <test-method signature="pm_AutoeVantage_Tools_Login_OTP()[pri:0, instance:generated.GeneratedApiTest@2e4b8173]" started-at="2025-09-23T04:03:48 GMT-04:00" name="pm_AutoeVantage_Tools_Login_OTP" finished-at="2025-09-23T04:03:48 GMT-04:00" duration-ms="376" status="PASS">
          <reporter-output>
          </reporter-output>
        </test-method> <!-- pm_AutoeVantage_Tools_Login_OTP -->
        <test-method signature="pm_AutoeVantage_Analytics_Web_UI()[pri:0, instance:generated.GeneratedApiTest@2e4b8173]" started-at="2025-09-23T04:03:48 GMT-04:00" name="pm_AutoeVantage_Analytics_Web_UI" finished-at="2025-09-23T04:03:49 GMT-04:00" duration-ms="487" status="PASS">
          <reporter-output>
          </reporter-output>
        </test-method> <!-- pm_AutoeVantage_Analytics_Web_UI -->
        <test-method signature="pm_AutoeVantage_Analytics_Login_PhoneNumber()[pri:0, instance:generated.GeneratedApiTest@2e4b8173]" started-at="2025-09-23T04:03:49 GMT-04:00" name="pm_AutoeVantage_Analytics_Login_PhoneNumber" finished-at="2025-09-23T04:03:49 GMT-04:00" duration-ms="293" status="PASS">
          <reporter-output>
          </reporter-output>
        </test-method> <!-- pm_AutoeVantage_Analytics_Login_PhoneNumber -->
        <test-method signature="pm_AutoeVantage_Analytics_Login_OTP()[pri:0, instance:generated.GeneratedApiTest@2e4b8173]" started-at="2025-09-23T04:03:49 GMT-04:00" name="pm_AutoeVantage_Analytics_Login_OTP" finished-at="2025-09-23T04:03:49 GMT-04:00" duration-ms="381" status="PASS">
          <reporter-output>
          </reporter-output>
        </test-method> <!-- pm_AutoeVantage_Analytics_Login_OTP -->
        <test-method signature="pm_Metcalf_UI()[pri:0, instance:generated.GeneratedApiTest@2e4b8173]" started-at="2025-09-23T04:03:49 GMT-04:00" name="pm_Metcalf_UI" finished-at="2025-09-23T04:03:49 GMT-04:00" duration-ms="74" status="PASS">
          <reporter-output>
          </reporter-output>
        </test-method> <!-- pm_Metcalf_UI -->
      </class> <!-- generated.GeneratedApiTest -->
    </test> <!-- AdHash_API_Tests -->
  </suite> <!-- AdHash_All_Projects_API_Production -->
</testng-results>
