<?xml version="1.0" encoding="UTF-8"?>
<testng-results ignored="0" total="60" passed="60" failed="0" skipped="0">
  <reporter-output>
  </reporter-output>
  <suite started-at="2025-09-23T04:15:51 GMT-04:00" name="AdHash_All_Projects_API_Production" finished-at="2025-09-23T04:16:34 GMT-04:00" duration-ms="42634">
    <groups>
    </groups>
    <test started-at="2025-09-23T04:15:51 GMT-04:00" name="AdHash_API_Tests" finished-at="2025-09-23T04:16:34 GMT-04:00" duration-ms="42634">
      <class name="generated.GeneratedApiTest">
        <test-method is-config="true" signature="setup()[pri:0, instance:generated.GeneratedApiTest@6e4784bc]" started-at="2025-09-23T04:15:51 GMT-04:00" name="setup" finished-at="2025-09-23T04:15:51 GMT-04:00" duration-ms="7" status="PASS">
          <reporter-output>
          </reporter-output>
        </test-method> <!-- setup -->
        <test-method signature="pm_AdHash_Website()[pri:0, instance:generated.GeneratedApiTest@6e4784bc]" started-at="2025-09-23T04:15:51 GMT-04:00" name="pm_AdHash_Website" finished-at="2025-09-23T04:15:52 GMT-04:00" duration-ms="1164" status="PASS">
          <reporter-output>
          </reporter-output>
        </test-method> <!-- pm_AdHash_Website -->
        <test-method signature="pm_AutoChecker_Login_UI()[pri:0, instance:generated.GeneratedApiTest@6e4784bc]" started-at="2025-09-23T04:15:52 GMT-04:00" name="pm_AutoChecker_Login_UI" finished-at="2025-09-23T04:15:54 GMT-04:00" duration-ms="1183" status="PASS">
          <reporter-output>
          </reporter-output>
        </test-method> <!-- pm_AutoChecker_Login_UI -->
        <test-method signature="pm_AutoChecker_Admin_Login()[pri:0, instance:generated.GeneratedApiTest@6e4784bc]" started-at="2025-09-23T04:15:54 GMT-04:00" name="pm_AutoChecker_Admin_Login" finished-at="2025-09-23T04:15:55 GMT-04:00" duration-ms="1157" status="PASS">
          <reporter-output>
          </reporter-output>
        </test-method> <!-- pm_AutoChecker_Admin_Login -->
        <test-method signature="pm_AutoChecker_App_Login()[pri:0, instance:generated.GeneratedApiTest@6e4784bc]" started-at="2025-09-23T04:15:55 GMT-04:00" name="pm_AutoChecker_App_Login" finished-at="2025-09-23T04:15:56 GMT-04:00" duration-ms="1150" status="PASS">
          <reporter-output>
          </reporter-output>
        </test-method> <!-- pm_AutoChecker_App_Login -->
        <test-method signature="pm_MHAI_Doctor_SuperAdmin_Login_UI()[pri:0, instance:generated.GeneratedApiTest@6e4784bc]" started-at="2025-09-23T04:15:56 GMT-04:00" name="pm_MHAI_Doctor_SuperAdmin_Login_UI" finished-at="2025-09-23T04:15:57 GMT-04:00" duration-ms="1091" status="PASS">
          <reporter-output>
          </reporter-output>
        </test-method> <!-- pm_MHAI_Doctor_SuperAdmin_Login_UI -->
        <test-method signature="pm_MHAI_Doctor_SuperAdmin_Login()[pri:0, instance:generated.GeneratedApiTest@6e4784bc]" started-at="2025-09-23T04:15:57 GMT-04:00" name="pm_MHAI_Doctor_SuperAdmin_Login" finished-at="2025-09-23T04:15:57 GMT-04:00" duration-ms="275" status="PASS">
          <reporter-output>
          </reporter-output>
        </test-method> <!-- pm_MHAI_Doctor_SuperAdmin_Login -->
        <test-method signature="pm_MHAI_Doctor_Login_UI()[pri:0, instance:generated.GeneratedApiTest@6e4784bc]" started-at="2025-09-23T04:15:57 GMT-04:00" name="pm_MHAI_Doctor_Login_UI" finished-at="2025-09-23T04:15:58 GMT-04:00" duration-ms="1103" status="PASS">
          <reporter-output>
          </reporter-output>
        </test-method> <!-- pm_MHAI_Doctor_Login_UI -->
        <test-method signature="pm_MHAI_Doctor_Login()[pri:0, instance:generated.GeneratedApiTest@6e4784bc]" started-at="2025-09-23T04:15:58 GMT-04:00" name="pm_MHAI_Doctor_Login" finished-at="2025-09-23T04:15:59 GMT-04:00" duration-ms="274" status="PASS">
          <reporter-output>
          </reporter-output>
        </test-method> <!-- pm_MHAI_Doctor_Login -->
        <test-method signature="pm_KCAI_Doctor_SuperAdmin_Login_UI()[pri:0, instance:generated.GeneratedApiTest@6e4784bc]" started-at="2025-09-23T04:15:59 GMT-04:00" name="pm_KCAI_Doctor_SuperAdmin_Login_UI" finished-at="2025-09-23T04:15:59 GMT-04:00" duration-ms="592" status="PASS">
          <reporter-output>
          </reporter-output>
        </test-method> <!-- pm_KCAI_Doctor_SuperAdmin_Login_UI -->
        <test-method signature="pm_KCAI_Doctor_SuperAdmin_Login()[pri:0, instance:generated.GeneratedApiTest@6e4784bc]" started-at="2025-09-23T04:15:59 GMT-04:00" name="pm_KCAI_Doctor_SuperAdmin_Login" finished-at="2025-09-23T04:16:00 GMT-04:00" duration-ms="618" status="PASS">
          <reporter-output>
          </reporter-output>
        </test-method> <!-- pm_KCAI_Doctor_SuperAdmin_Login -->
        <test-method signature="pm_KCAI_Doctor_Login_UI()[pri:0, instance:generated.GeneratedApiTest@6e4784bc]" started-at="2025-09-23T04:16:00 GMT-04:00" name="pm_KCAI_Doctor_Login_UI" finished-at="2025-09-23T04:16:00 GMT-04:00" duration-ms="586" status="PASS">
          <reporter-output>
          </reporter-output>
        </test-method> <!-- pm_KCAI_Doctor_Login_UI -->
        <test-method signature="pm_KCAI_Doctor_Login()[pri:0, instance:generated.GeneratedApiTest@6e4784bc]" started-at="2025-09-23T04:16:00 GMT-04:00" name="pm_KCAI_Doctor_Login" finished-at="2025-09-23T04:16:01 GMT-04:00" duration-ms="495" status="PASS">
          <reporter-output>
          </reporter-output>
        </test-method> <!-- pm_KCAI_Doctor_Login -->
        <test-method signature="pm_MHCRM_SuperAdmin_Login_UI()[pri:0, instance:generated.GeneratedApiTest@6e4784bc]" started-at="2025-09-23T04:16:01 GMT-04:00" name="pm_MHCRM_SuperAdmin_Login_UI" finished-at="2025-09-23T04:16:02 GMT-04:00" duration-ms="1086" status="PASS">
          <reporter-output>
          </reporter-output>
        </test-method> <!-- pm_MHCRM_SuperAdmin_Login_UI -->
        <test-method signature="pm_MHCRM_SuperAdmin_Login()[pri:0, instance:generated.GeneratedApiTest@6e4784bc]" started-at="2025-09-23T04:16:02 GMT-04:00" name="pm_MHCRM_SuperAdmin_Login" finished-at="2025-09-23T04:16:03 GMT-04:00" duration-ms="1138" status="PASS">
          <reporter-output>
          </reporter-output>
        </test-method> <!-- pm_MHCRM_SuperAdmin_Login -->
        <test-method signature="pm_MHCRM_Admin_Login()[pri:0, instance:generated.GeneratedApiTest@6e4784bc]" started-at="2025-09-23T04:16:03 GMT-04:00" name="pm_MHCRM_Admin_Login" finished-at="2025-09-23T04:16:03 GMT-04:00" duration-ms="282" status="PASS">
          <reporter-output>
          </reporter-output>
        </test-method> <!-- pm_MHCRM_Admin_Login -->
        <test-method signature="pm_MHCCM_SuperAdmin_Login_UI()[pri:0, instance:generated.GeneratedApiTest@6e4784bc]" started-at="2025-09-23T04:16:03 GMT-04:00" name="pm_MHCCM_SuperAdmin_Login_UI" finished-at="2025-09-23T04:16:05 GMT-04:00" duration-ms="1137" status="PASS">
          <reporter-output>
          </reporter-output>
        </test-method> <!-- pm_MHCCM_SuperAdmin_Login_UI -->
        <test-method signature="pm_MHCCM_SuperAdmin_Login()[pri:0, instance:generated.GeneratedApiTest@6e4784bc]" started-at="2025-09-23T04:16:05 GMT-04:00" name="pm_MHCCM_SuperAdmin_Login" finished-at="2025-09-23T04:16:05 GMT-04:00" duration-ms="299" status="PASS">
          <reporter-output>
          </reporter-output>
        </test-method> <!-- pm_MHCCM_SuperAdmin_Login -->
        <test-method signature="pm_MHCCM_CPA_Login_UI()[pri:0, instance:generated.GeneratedApiTest@6e4784bc]" started-at="2025-09-23T04:16:05 GMT-04:00" name="pm_MHCCM_CPA_Login_UI" finished-at="2025-09-23T04:16:06 GMT-04:00" duration-ms="1139" status="PASS">
          <reporter-output>
          </reporter-output>
        </test-method> <!-- pm_MHCCM_CPA_Login_UI -->
        <test-method signature="pm_MHCCM_CPA_Login()[pri:0, instance:generated.GeneratedApiTest@6e4784bc]" started-at="2025-09-23T04:16:06 GMT-04:00" name="pm_MHCCM_CPA_Login" finished-at="2025-09-23T04:16:06 GMT-04:00" duration-ms="312" status="PASS">
          <reporter-output>
          </reporter-output>
        </test-method> <!-- pm_MHCCM_CPA_Login -->
        <test-method signature="pm_MHCCM_PAR_Login_UI()[pri:0, instance:generated.GeneratedApiTest@6e4784bc]" started-at="2025-09-23T04:16:06 GMT-04:00" name="pm_MHCCM_PAR_Login_UI" finished-at="2025-09-23T04:16:08 GMT-04:00" duration-ms="1222" status="PASS">
          <reporter-output>
          </reporter-output>
        </test-method> <!-- pm_MHCCM_PAR_Login_UI -->
        <test-method signature="pm_MHCCM_PAR_Login()[pri:0, instance:generated.GeneratedApiTest@6e4784bc]" started-at="2025-09-23T04:16:08 GMT-04:00" name="pm_MHCCM_PAR_Login" finished-at="2025-09-23T04:16:08 GMT-04:00" duration-ms="342" status="PASS">
          <reporter-output>
          </reporter-output>
        </test-method> <!-- pm_MHCCM_PAR_Login -->
        <test-method signature="pm_MHCCM_Form_UI()[pri:0, instance:generated.GeneratedApiTest@6e4784bc]" started-at="2025-09-23T04:16:08 GMT-04:00" name="pm_MHCCM_Form_UI" finished-at="2025-09-23T04:16:09 GMT-04:00" duration-ms="1141" status="PASS">
          <reporter-output>
          </reporter-output>
        </test-method> <!-- pm_MHCCM_Form_UI -->
        <test-method signature="pm_MHCCM_PAR_CRM_Login_UI()[pri:0, instance:generated.GeneratedApiTest@6e4784bc]" started-at="2025-09-23T04:16:09 GMT-04:00" name="pm_MHCCM_PAR_CRM_Login_UI" finished-at="2025-09-23T04:16:10 GMT-04:00" duration-ms="1131" status="PASS">
          <reporter-output>
          </reporter-output>
        </test-method> <!-- pm_MHCCM_PAR_CRM_Login_UI -->
        <test-method signature="pm_MHCCM_PAR_CRM_Login()[pri:0, instance:generated.GeneratedApiTest@6e4784bc]" started-at="2025-09-23T04:16:10 GMT-04:00" name="pm_MHCCM_PAR_CRM_Login" finished-at="2025-09-23T04:16:11 GMT-04:00" duration-ms="1275" status="PASS">
          <reporter-output>
          </reporter-output>
        </test-method> <!-- pm_MHCCM_PAR_CRM_Login -->
        <test-method signature="pm_MHRTM_SuperAdmin_Login_UI()[pri:0, instance:generated.GeneratedApiTest@6e4784bc]" started-at="2025-09-23T04:16:11 GMT-04:00" name="pm_MHRTM_SuperAdmin_Login_UI" finished-at="2025-09-23T04:16:12 GMT-04:00" duration-ms="154" status="PASS">
          <reporter-output>
          </reporter-output>
        </test-method> <!-- pm_MHRTM_SuperAdmin_Login_UI -->
        <test-method signature="pm_MHRTM_SuperAdmin_Login()[pri:0, instance:generated.GeneratedApiTest@6e4784bc]" started-at="2025-09-23T04:16:12 GMT-04:00" name="pm_MHRTM_SuperAdmin_Login" finished-at="2025-09-23T04:16:12 GMT-04:00" duration-ms="614" status="PASS">
          <reporter-output>
          </reporter-output>
        </test-method> <!-- pm_MHRTM_SuperAdmin_Login -->
        <test-method signature="pm_MHRTM_CPA_Login_UI()[pri:0, instance:generated.GeneratedApiTest@6e4784bc]" started-at="2025-09-23T04:16:12 GMT-04:00" name="pm_MHRTM_CPA_Login_UI" finished-at="2025-09-23T04:16:13 GMT-04:00" duration-ms="612" status="PASS">
          <reporter-output>
          </reporter-output>
        </test-method> <!-- pm_MHRTM_CPA_Login_UI -->
        <test-method signature="pm_MHRTM_CPA_Login()[pri:0, instance:generated.GeneratedApiTest@6e4784bc]" started-at="2025-09-23T04:16:13 GMT-04:00" name="pm_MHRTM_CPA_Login" finished-at="2025-09-23T04:16:13 GMT-04:00" duration-ms="490" status="PASS">
          <reporter-output>
          </reporter-output>
        </test-method> <!-- pm_MHRTM_CPA_Login -->
        <test-method signature="pm_MHRTM_Participant_Login_UI()[pri:0, instance:generated.GeneratedApiTest@6e4784bc]" started-at="2025-09-23T04:16:13 GMT-04:00" name="pm_MHRTM_Participant_Login_UI" finished-at="2025-09-23T04:16:14 GMT-04:00" duration-ms="605" status="PASS">
          <reporter-output>
          </reporter-output>
        </test-method> <!-- pm_MHRTM_Participant_Login_UI -->
        <test-method signature="pm_MHRTM_Participant_Login()[pri:0, instance:generated.GeneratedApiTest@6e4784bc]" started-at="2025-09-23T04:16:14 GMT-04:00" name="pm_MHRTM_Participant_Login" finished-at="2025-09-23T04:16:14 GMT-04:00" duration-ms="483" status="PASS">
          <reporter-output>
          </reporter-output>
        </test-method> <!-- pm_MHRTM_Participant_Login -->
        <test-method signature="pm_MHAI_Patient_App_Login()[pri:0, instance:generated.GeneratedApiTest@6e4784bc]" started-at="2025-09-23T04:16:14 GMT-04:00" name="pm_MHAI_Patient_App_Login" finished-at="2025-09-23T04:16:16 GMT-04:00" duration-ms="1179" status="PASS">
          <reporter-output>
          </reporter-output>
        </test-method> <!-- pm_MHAI_Patient_App_Login -->
        <test-method signature="pm_KCAI_Patient_App_Login()[pri:0, instance:generated.GeneratedApiTest@6e4784bc]" started-at="2025-09-23T04:16:16 GMT-04:00" name="pm_KCAI_Patient_App_Login" finished-at="2025-09-23T04:16:16 GMT-04:00" duration-ms="720" status="PASS">
          <reporter-output>
          </reporter-output>
        </test-method> <!-- pm_KCAI_Patient_App_Login -->
        <test-method signature="pm_Wavedin_App_Login()[pri:0, instance:generated.GeneratedApiTest@6e4784bc]" started-at="2025-09-23T04:16:16 GMT-04:00" name="pm_Wavedin_App_Login" finished-at="2025-09-23T04:16:18 GMT-04:00" duration-ms="1152" status="PASS">
          <reporter-output>
          </reporter-output>
        </test-method> <!-- pm_Wavedin_App_Login -->
        <test-method signature="pm_Sparkme_App_Login()[pri:0, instance:generated.GeneratedApiTest@6e4784bc]" started-at="2025-09-23T04:16:18 GMT-04:00" name="pm_Sparkme_App_Login" finished-at="2025-09-23T04:16:18 GMT-04:00" duration-ms="240" status="PASS">
          <reporter-output>
          </reporter-output>
        </test-method> <!-- pm_Sparkme_App_Login -->
        <test-method signature="pm_WavedIn_SuperAdmin_Login_UI()[pri:0, instance:generated.GeneratedApiTest@6e4784bc]" started-at="2025-09-23T04:16:18 GMT-04:00" name="pm_WavedIn_SuperAdmin_Login_UI" finished-at="2025-09-23T04:16:19 GMT-04:00" duration-ms="990" status="PASS">
          <reporter-output>
          </reporter-output>
        </test-method> <!-- pm_WavedIn_SuperAdmin_Login_UI -->
        <test-method signature="pm_WavedIn_Market_Web()[pri:0, instance:generated.GeneratedApiTest@6e4784bc]" started-at="2025-09-23T04:16:19 GMT-04:00" name="pm_WavedIn_Market_Web" finished-at="2025-09-23T04:16:20 GMT-04:00" duration-ms="985" status="PASS">
          <reporter-output>
          </reporter-output>
        </test-method> <!-- pm_WavedIn_Market_Web -->
        <test-method signature="pm_Sparkme_Web_Login_UI()[pri:0, instance:generated.GeneratedApiTest@6e4784bc]" started-at="2025-09-23T04:16:20 GMT-04:00" name="pm_Sparkme_Web_Login_UI" finished-at="2025-09-23T04:16:20 GMT-04:00" duration-ms="234" status="PASS">
          <reporter-output>
          </reporter-output>
        </test-method> <!-- pm_Sparkme_Web_Login_UI -->
        <test-method signature="pm_Sparkme_Web_Login()[pri:0, instance:generated.GeneratedApiTest@6e4784bc]" started-at="2025-09-23T04:16:20 GMT-04:00" name="pm_Sparkme_Web_Login" finished-at="2025-09-23T04:16:20 GMT-04:00" duration-ms="97" status="PASS">
          <reporter-output>
          </reporter-output>
        </test-method> <!-- pm_Sparkme_Web_Login -->
        <test-method signature="pm_Algomax_ProSky_Web_Login_UI()[pri:0, instance:generated.GeneratedApiTest@6e4784bc]" started-at="2025-09-23T04:16:20 GMT-04:00" name="pm_Algomax_ProSky_Web_Login_UI" finished-at="2025-09-23T04:16:20 GMT-04:00" duration-ms="277" status="PASS">
          <reporter-output>
          </reporter-output>
        </test-method> <!-- pm_Algomax_ProSky_Web_Login_UI -->
        <test-method signature="pm_Algomax_GoPocket_Web_Login_UI()[pri:0, instance:generated.GeneratedApiTest@6e4784bc]" started-at="2025-09-23T04:16:20 GMT-04:00" name="pm_Algomax_GoPocket_Web_Login_UI" finished-at="2025-09-23T04:16:21 GMT-04:00" duration-ms="224" status="PASS">
          <reporter-output>
          </reporter-output>
        </test-method> <!-- pm_Algomax_GoPocket_Web_Login_UI -->
        <test-method signature="pm_LGM_Login_UI()[pri:0, instance:generated.GeneratedApiTest@6e4784bc]" started-at="2025-09-23T04:16:21 GMT-04:00" name="pm_LGM_Login_UI" finished-at="2025-09-23T04:16:22 GMT-04:00" duration-ms="1002" status="PASS">
          <reporter-output>
          </reporter-output>
        </test-method> <!-- pm_LGM_Login_UI -->
        <test-method signature="pm_LGM_Login_PhoneNumber()[pri:0, instance:generated.GeneratedApiTest@6e4784bc]" started-at="2025-09-23T04:16:22 GMT-04:00" name="pm_LGM_Login_PhoneNumber" finished-at="2025-09-23T04:16:23 GMT-04:00" duration-ms="1348" status="PASS">
          <reporter-output>
          </reporter-output>
        </test-method> <!-- pm_LGM_Login_PhoneNumber -->
        <test-method signature="pm_LGM_Login_OTP()[pri:0, instance:generated.GeneratedApiTest@6e4784bc]" started-at="2025-09-23T04:16:23 GMT-04:00" name="pm_LGM_Login_OTP" finished-at="2025-09-23T04:16:24 GMT-04:00" duration-ms="760" status="PASS">
          <reporter-output>
          </reporter-output>
        </test-method> <!-- pm_LGM_Login_OTP -->
        <test-method signature="pm_AskEPI_Login_UI()[pri:0, instance:generated.GeneratedApiTest@6e4784bc]" started-at="2025-09-23T04:16:24 GMT-04:00" name="pm_AskEPI_Login_UI" finished-at="2025-09-23T04:16:25 GMT-04:00" duration-ms="1406" status="PASS">
          <reporter-output>
          </reporter-output>
        </test-method> <!-- pm_AskEPI_Login_UI -->
        <test-method signature="pm_AskEPI_Login_PhoneNumber()[pri:0, instance:generated.GeneratedApiTest@6e4784bc]" started-at="2025-09-23T04:16:25 GMT-04:00" name="pm_AskEPI_Login_PhoneNumber" finished-at="2025-09-23T04:16:26 GMT-04:00" duration-ms="974" status="PASS">
          <reporter-output>
          </reporter-output>
        </test-method> <!-- pm_AskEPI_Login_PhoneNumber -->
        <test-method signature="pm_AskEPI_Login_OTP()[pri:0, instance:generated.GeneratedApiTest@6e4784bc]" started-at="2025-09-23T04:16:26 GMT-04:00" name="pm_AskEPI_Login_OTP" finished-at="2025-09-23T04:16:27 GMT-04:00" duration-ms="775" status="PASS">
          <reporter-output>
          </reporter-output>
        </test-method> <!-- pm_AskEPI_Login_OTP -->
        <test-method signature="pm_RiskRealm_Admin_Web_Login_UI()[pri:0, instance:generated.GeneratedApiTest@6e4784bc]" started-at="2025-09-23T04:16:27 GMT-04:00" name="pm_RiskRealm_Admin_Web_Login_UI" finished-at="2025-09-23T04:16:28 GMT-04:00" duration-ms="832" status="PASS">
          <reporter-output>
          </reporter-output>
        </test-method> <!-- pm_RiskRealm_Admin_Web_Login_UI -->
        <test-method signature="pm_RiskRealm_Chat_Web_Login_UI()[pri:0, instance:generated.GeneratedApiTest@6e4784bc]" started-at="2025-09-23T04:16:28 GMT-04:00" name="pm_RiskRealm_Chat_Web_Login_UI" finished-at="2025-09-23T04:16:28 GMT-04:00" duration-ms="401" status="PASS">
          <reporter-output>
          </reporter-output>
        </test-method> <!-- pm_RiskRealm_Chat_Web_Login_UI -->
        <test-method signature="pm_RiskRealm_Login_Number()[pri:0, instance:generated.GeneratedApiTest@6e4784bc]" started-at="2025-09-23T04:16:28 GMT-04:00" name="pm_RiskRealm_Login_Number" finished-at="2025-09-23T04:16:28 GMT-04:00" duration-ms="353" status="PASS">
          <reporter-output>
          </reporter-output>
        </test-method> <!-- pm_RiskRealm_Login_Number -->
        <test-method signature="pm_RiskRealm_Login_OTP()[pri:0, instance:generated.GeneratedApiTest@6e4784bc]" started-at="2025-09-23T04:16:28 GMT-04:00" name="pm_RiskRealm_Login_OTP" finished-at="2025-09-23T04:16:29 GMT-04:00" duration-ms="819" status="PASS">
          <reporter-output>
          </reporter-output>
        </test-method> <!-- pm_RiskRealm_Login_OTP -->
        <test-method signature="pm_AutoeVantage_eCommerce_Web_UI()[pri:0, instance:generated.GeneratedApiTest@6e4784bc]" started-at="2025-09-23T04:16:29 GMT-04:00" name="pm_AutoeVantage_eCommerce_Web_UI" finished-at="2025-09-23T04:16:30 GMT-04:00" duration-ms="764" status="PASS">
          <reporter-output>
          </reporter-output>
        </test-method> <!-- pm_AutoeVantage_eCommerce_Web_UI -->
        <test-method signature="pm_AutoeVantage_eCommerce_Login_PhoneNumber()[pri:0, instance:generated.GeneratedApiTest@6e4784bc]" started-at="2025-09-23T04:16:30 GMT-04:00" name="pm_AutoeVantage_eCommerce_Login_PhoneNumber" finished-at="2025-09-23T04:16:31 GMT-04:00" duration-ms="569" status="PASS">
          <reporter-output>
          </reporter-output>
        </test-method> <!-- pm_AutoeVantage_eCommerce_Login_PhoneNumber -->
        <test-method signature="pm_AutoeVantage_eCommerce_Login_OTP()[pri:0, instance:generated.GeneratedApiTest@6e4784bc]" started-at="2025-09-23T04:16:31 GMT-04:00" name="pm_AutoeVantage_eCommerce_Login_OTP" finished-at="2025-09-23T04:16:31 GMT-04:00" duration-ms="519" status="PASS">
          <reporter-output>
          </reporter-output>
        </test-method> <!-- pm_AutoeVantage_eCommerce_Login_OTP -->
        <test-method signature="pm_AutoeVantage_Tools_Web_UI()[pri:0, instance:generated.GeneratedApiTest@6e4784bc]" started-at="2025-09-23T04:16:31 GMT-04:00" name="pm_AutoeVantage_Tools_Web_UI" finished-at="2025-09-23T04:16:32 GMT-04:00" duration-ms="419" status="PASS">
          <reporter-output>
          </reporter-output>
        </test-method> <!-- pm_AutoeVantage_Tools_Web_UI -->
        <test-method signature="pm_AutoeVantage_Tools_Login_PhoneNumber()[pri:0, instance:generated.GeneratedApiTest@6e4784bc]" started-at="2025-09-23T04:16:32 GMT-04:00" name="pm_AutoeVantage_Tools_Login_PhoneNumber" finished-at="2025-09-23T04:16:32 GMT-04:00" duration-ms="295" status="PASS">
          <reporter-output>
          </reporter-output>
        </test-method> <!-- pm_AutoeVantage_Tools_Login_PhoneNumber -->
        <test-method signature="pm_AutoeVantage_Tools_Login_OTP()[pri:0, instance:generated.GeneratedApiTest@6e4784bc]" started-at="2025-09-23T04:16:32 GMT-04:00" name="pm_AutoeVantage_Tools_Login_OTP" finished-at="2025-09-23T04:16:32 GMT-04:00" duration-ms="447" status="PASS">
          <reporter-output>
          </reporter-output>
        </test-method> <!-- pm_AutoeVantage_Tools_Login_OTP -->
        <test-method signature="pm_AutoeVantage_Analytics_Web_UI()[pri:0, instance:generated.GeneratedApiTest@6e4784bc]" started-at="2025-09-23T04:16:32 GMT-04:00" name="pm_AutoeVantage_Analytics_Web_UI" finished-at="2025-09-23T04:16:33 GMT-04:00" duration-ms="574" status="PASS">
          <reporter-output>
          </reporter-output>
        </test-method> <!-- pm_AutoeVantage_Analytics_Web_UI -->
        <test-method signature="pm_AutoeVantage_Analytics_Login_PhoneNumber()[pri:0, instance:generated.GeneratedApiTest@6e4784bc]" started-at="2025-09-23T04:16:33 GMT-04:00" name="pm_AutoeVantage_Analytics_Login_PhoneNumber" finished-at="2025-09-23T04:16:33 GMT-04:00" duration-ms="294" status="PASS">
          <reporter-output>
          </reporter-output>
        </test-method> <!-- pm_AutoeVantage_Analytics_Login_PhoneNumber -->
        <test-method signature="pm_AutoeVantage_Analytics_Login_OTP()[pri:0, instance:generated.GeneratedApiTest@6e4784bc]" started-at="2025-09-23T04:16:33 GMT-04:00" name="pm_AutoeVantage_Analytics_Login_OTP" finished-at="2025-09-23T04:16:34 GMT-04:00" duration-ms="593" status="PASS">
          <reporter-output>
          </reporter-output>
        </test-method> <!-- pm_AutoeVantage_Analytics_Login_OTP -->
        <test-method signature="pm_Metcalf_UI()[pri:0, instance:generated.GeneratedApiTest@6e4784bc]" started-at="2025-09-23T04:16:34 GMT-04:00" name="pm_Metcalf_UI" finished-at="2025-09-23T04:16:34 GMT-04:00" duration-ms="145" status="PASS">
          <reporter-output>
          </reporter-output>
        </test-method> <!-- pm_Metcalf_UI -->
      </class> <!-- generated.GeneratedApiTest -->
    </test> <!-- AdHash_API_Tests -->
  </suite> <!-- AdHash_All_Projects_API_Production -->
</testng-results>
