<?xml version="1.0" encoding="UTF-8"?>
<testsuite xmlns:xsi="http://www.w3.org/2001/XMLSchema-instance" xsi:noNamespaceSchemaLocation="https://maven.apache.org/surefire/maven-surefire-plugin/xsd/surefire-test-report-3.0.xsd" version="3.0" name="TestSuite" time="39.692" tests="60" errors="0" skipped="0" failures="0">
  <properties>
[...]
</properties>
  <testcase name="pm_AdHash_Website" classname="generated.GeneratedApiTest" time="0.897">
    <system-out><![CDATA[Setting up API test environment...
]]></system-out>
    <system-err><![CDATA[SLF4J: No SLF4J providers were found.
SLF4J: Defaulting to no-operation (NOP) logger implementation
SLF4J: See https://www.slf4j.org/codes.html#noProviders for further details.
SLF4J: Class path contains SLF4J bindings targeting slf4j-api versions 1.7.x or earlier.
SLF4J: Ignoring binding found at [jar:file:/C:/Users/Adhash%20Tech/.m2/repository/org/slf4j/slf4j-simple/1.7.36/slf4j-simple-1.7.36.jar!/org/slf4j/impl/StaticLoggerBinder.class]
SLF4J: See https://www.slf4j.org/codes.html#ignoredBindings for an explanation.
]]></system-err>
  </testcase>
  <testcase name="pm_AutoChecker_Login_UI" classname="generated.GeneratedApiTest" time="1.131">
    <system-out><![CDATA[✅ PASSED: pm_AdHash_Website
]]></system-out>
  </testcase>
  <testcase name="pm_AutoChecker_Admin_Login" classname="generated.GeneratedApiTest" time="1.113">
    <system-out><![CDATA[✅ PASSED: pm_AutoChecker_Login_UI
]]></system-out>
  </testcase>
  <testcase name="pm_AutoChecker_App_Login" classname="generated.GeneratedApiTest" time="1.098">
    <system-out><![CDATA[✅ PASSED: pm_AutoChecker_Admin_Login
]]></system-out>
  </testcase>
  <testcase name="pm_MHAI_Doctor_SuperAdmin_Login_UI" classname="generated.GeneratedApiTest" time="1.048">
    <system-out><![CDATA[✅ PASSED: pm_AutoChecker_App_Login
]]></system-out>
  </testcase>
  <testcase name="pm_MHAI_Doctor_SuperAdmin_Login" classname="generated.GeneratedApiTest" time="0.265">
    <system-out><![CDATA[✅ PASSED: pm_MHAI_Doctor_SuperAdmin_Login_UI
]]></system-out>
  </testcase>
  <testcase name="pm_MHAI_Doctor_Login_UI" classname="generated.GeneratedApiTest" time="1.067">
    <system-out><![CDATA[✅ PASSED: pm_MHAI_Doctor_SuperAdmin_Login
]]></system-out>
  </testcase>
  <testcase name="pm_MHAI_Doctor_Login" classname="generated.GeneratedApiTest" time="0.275">
    <system-out><![CDATA[✅ PASSED: pm_MHAI_Doctor_Login_UI
]]></system-out>
  </testcase>
  <testcase name="pm_KCAI_Doctor_SuperAdmin_Login_UI" classname="generated.GeneratedApiTest" time="0.589">
    <system-out><![CDATA[✅ PASSED: pm_MHAI_Doctor_Login
]]></system-out>
  </testcase>
  <testcase name="pm_KCAI_Doctor_SuperAdmin_Login" classname="generated.GeneratedApiTest" time="0.553">
    <system-out><![CDATA[✅ PASSED: pm_KCAI_Doctor_SuperAdmin_Login_UI
]]></system-out>
  </testcase>
  <testcase name="pm_KCAI_Doctor_Login_UI" classname="generated.GeneratedApiTest" time="0.572">
    <system-out><![CDATA[✅ PASSED: pm_KCAI_Doctor_SuperAdmin_Login
]]></system-out>
  </testcase>
  <testcase name="pm_KCAI_Doctor_Login" classname="generated.GeneratedApiTest" time="0.496">
    <system-out><![CDATA[✅ PASSED: pm_KCAI_Doctor_Login_UI
]]></system-out>
  </testcase>
  <testcase name="pm_MHCRM_SuperAdmin_Login_UI" classname="generated.GeneratedApiTest" time="1.072">
    <system-out><![CDATA[✅ PASSED: pm_KCAI_Doctor_Login
]]></system-out>
  </testcase>
  <testcase name="pm_MHCRM_SuperAdmin_Login" classname="generated.GeneratedApiTest" time="1.131">
    <system-out><![CDATA[✅ PASSED: pm_MHCRM_SuperAdmin_Login_UI
]]></system-out>
  </testcase>
  <testcase name="pm_MHCRM_Admin_Login" classname="generated.GeneratedApiTest" time="0.307">
    <system-out><![CDATA[✅ PASSED: pm_MHCRM_SuperAdmin_Login
]]></system-out>
  </testcase>
  <testcase name="pm_MHCCM_SuperAdmin_Login_UI" classname="generated.GeneratedApiTest" time="1.052">
    <system-out><![CDATA[✅ PASSED: pm_MHCRM_Admin_Login
]]></system-out>
  </testcase>
  <testcase name="pm_MHCCM_SuperAdmin_Login" classname="generated.GeneratedApiTest" time="0.291">
    <system-out><![CDATA[✅ PASSED: pm_MHCCM_SuperAdmin_Login_UI
]]></system-out>
  </testcase>
  <testcase name="pm_MHCCM_CPA_Login_UI" classname="generated.GeneratedApiTest" time="1.09">
    <system-out><![CDATA[✅ PASSED: pm_MHCCM_SuperAdmin_Login
]]></system-out>
  </testcase>
  <testcase name="pm_MHCCM_CPA_Login" classname="generated.GeneratedApiTest" time="0.314">
    <system-out><![CDATA[✅ PASSED: pm_MHCCM_CPA_Login_UI
]]></system-out>
  </testcase>
  <testcase name="pm_MHCCM_PAR_Login_UI" classname="generated.GeneratedApiTest" time="1.1">
    <system-out><![CDATA[✅ PASSED: pm_MHCCM_CPA_Login
]]></system-out>
  </testcase>
  <testcase name="pm_MHCCM_PAR_Login" classname="generated.GeneratedApiTest" time="0.314">
    <system-out><![CDATA[✅ PASSED: pm_MHCCM_PAR_Login_UI
]]></system-out>
  </testcase>
  <testcase name="pm_MHCCM_Form_UI" classname="generated.GeneratedApiTest" time="1.098">
    <system-out><![CDATA[✅ PASSED: pm_MHCCM_PAR_Login
]]></system-out>
  </testcase>
  <testcase name="pm_MHCCM_PAR_CRM_Login_UI" classname="generated.GeneratedApiTest" time="1.077">
    <system-out><![CDATA[✅ PASSED: pm_MHCCM_Form_UI
]]></system-out>
  </testcase>
  <testcase name="pm_MHCCM_PAR_CRM_Login" classname="generated.GeneratedApiTest" time="1.276">
    <system-out><![CDATA[✅ PASSED: pm_MHCCM_PAR_CRM_Login_UI
]]></system-out>
  </testcase>
  <testcase name="pm_MHRTM_SuperAdmin_Login_UI" classname="generated.GeneratedApiTest" time="0.099">
    <system-out><![CDATA[✅ PASSED: pm_MHCCM_PAR_CRM_Login
]]></system-out>
  </testcase>
  <testcase name="pm_MHRTM_SuperAdmin_Login" classname="generated.GeneratedApiTest" time="0.597">
    <system-out><![CDATA[✅ PASSED: pm_MHRTM_SuperAdmin_Login_UI
]]></system-out>
  </testcase>
  <testcase name="pm_MHRTM_CPA_Login_UI" classname="generated.GeneratedApiTest" time="0.557">
    <system-out><![CDATA[✅ PASSED: pm_MHRTM_SuperAdmin_Login
]]></system-out>
  </testcase>
  <testcase name="pm_MHRTM_CPA_Login" classname="generated.GeneratedApiTest" time="0.508">
    <system-out><![CDATA[✅ PASSED: pm_MHRTM_CPA_Login_UI
]]></system-out>
  </testcase>
  <testcase name="pm_MHRTM_Participant_Login_UI" classname="generated.GeneratedApiTest" time="0.595">
    <system-out><![CDATA[✅ PASSED: pm_MHRTM_CPA_Login
]]></system-out>
  </testcase>
  <testcase name="pm_MHRTM_Participant_Login" classname="generated.GeneratedApiTest" time="0.263">
    <system-out><![CDATA[✅ PASSED: pm_MHRTM_Participant_Login_UI
]]></system-out>
  </testcase>
  <testcase name="pm_MHAI_Patient_App_Login" classname="generated.GeneratedApiTest" time="1.115">
    <system-out><![CDATA[✅ PASSED: pm_MHRTM_Participant_Login
]]></system-out>
  </testcase>
  <testcase name="pm_KCAI_Patient_App_Login" classname="generated.GeneratedApiTest" time="0.636">
    <system-out><![CDATA[✅ PASSED: pm_MHAI_Patient_App_Login
]]></system-out>
  </testcase>
  <testcase name="pm_Wavedin_App_Login" classname="generated.GeneratedApiTest" time="1.115">
    <system-out><![CDATA[✅ PASSED: pm_KCAI_Patient_App_Login
]]></system-out>
  </testcase>
  <testcase name="pm_Sparkme_App_Login" classname="generated.GeneratedApiTest" time="0.197">
    <system-out><![CDATA[✅ PASSED: pm_Wavedin_App_Login
]]></system-out>
  </testcase>
  <testcase name="pm_WavedIn_SuperAdmin_Login_UI" classname="generated.GeneratedApiTest" time="0.915">
    <system-out><![CDATA[✅ PASSED: pm_Sparkme_App_Login
]]></system-out>
  </testcase>
  <testcase name="pm_WavedIn_Market_Web" classname="generated.GeneratedApiTest" time="0.894">
    <system-out><![CDATA[✅ PASSED: pm_WavedIn_SuperAdmin_Login_UI
]]></system-out>
  </testcase>
  <testcase name="pm_Sparkme_Web_Login_UI" classname="generated.GeneratedApiTest" time="0.116">
    <system-out><![CDATA[✅ PASSED: pm_WavedIn_Market_Web
]]></system-out>
  </testcase>
  <testcase name="pm_Sparkme_Web_Login" classname="generated.GeneratedApiTest" time="0.055">
    <system-out><![CDATA[✅ PASSED: pm_Sparkme_Web_Login_UI
]]></system-out>
  </testcase>
  <testcase name="pm_Algomax_ProSky_Web_Login_UI" classname="generated.GeneratedApiTest" time="0.145">
    <system-out><![CDATA[✅ PASSED: pm_Sparkme_Web_Login
]]></system-out>
  </testcase>
  <testcase name="pm_Algomax_GoPocket_Web_Login_UI" classname="generated.GeneratedApiTest" time="0.153">
    <system-out><![CDATA[✅ PASSED: pm_Algomax_ProSky_Web_Login_UI
]]></system-out>
  </testcase>
  <testcase name="pm_LGM_Login_UI" classname="generated.GeneratedApiTest" time="0.903">
    <system-out><![CDATA[✅ PASSED: pm_Algomax_GoPocket_Web_Login_UI
]]></system-out>
  </testcase>
  <testcase name="pm_LGM_Login_PhoneNumber" classname="generated.GeneratedApiTest" time="0.377">
    <system-out><![CDATA[✅ PASSED: pm_LGM_Login_UI
]]></system-out>
  </testcase>
  <testcase name="pm_LGM_Login_OTP" classname="generated.GeneratedApiTest" time="0.582">
    <system-out><![CDATA[✅ PASSED: pm_LGM_Login_PhoneNumber
]]></system-out>
  </testcase>
  <testcase name="pm_AskEPI_Login_UI" classname="generated.GeneratedApiTest" time="1.162">
    <system-out><![CDATA[✅ PASSED: pm_LGM_Login_OTP
]]></system-out>
  </testcase>
  <testcase name="pm_AskEPI_Login_PhoneNumber" classname="generated.GeneratedApiTest" time="0.964">
    <system-out><![CDATA[✅ PASSED: pm_AskEPI_Login_UI
]]></system-out>
  </testcase>
  <testcase name="pm_AskEPI_Login_OTP" classname="generated.GeneratedApiTest" time="0.895">
    <system-out><![CDATA[✅ PASSED: pm_AskEPI_Login_PhoneNumber
]]></system-out>
  </testcase>
  <testcase name="pm_RiskRealm_Admin_Web_Login_UI" classname="generated.GeneratedApiTest" time="0.738">
    <system-out><![CDATA[✅ PASSED: pm_AskEPI_Login_OTP
]]></system-out>
  </testcase>
  <testcase name="pm_RiskRealm_Chat_Web_Login_UI" classname="generated.GeneratedApiTest" time="0.278">
    <system-out><![CDATA[✅ PASSED: pm_RiskRealm_Admin_Web_Login_UI
]]></system-out>
  </testcase>
  <testcase name="pm_RiskRealm_Login_Number" classname="generated.GeneratedApiTest" time="0.291">
    <system-out><![CDATA[✅ PASSED: pm_RiskRealm_Chat_Web_Login_UI
]]></system-out>
  </testcase>
  <testcase name="pm_RiskRealm_Login_OTP" classname="generated.GeneratedApiTest" time="0.67">
    <system-out><![CDATA[✅ PASSED: pm_RiskRealm_Login_Number
]]></system-out>
  </testcase>
  <testcase name="pm_AutoeVantage_eCommerce_Web_UI" classname="generated.GeneratedApiTest" time="0.797">
    <system-out><![CDATA[✅ PASSED: pm_RiskRealm_Login_OTP
]]></system-out>
  </testcase>
  <testcase name="pm_AutoeVantage_eCommerce_Login_PhoneNumber" classname="generated.GeneratedApiTest" time="0.287">
    <system-out><![CDATA[✅ PASSED: pm_AutoeVantage_eCommerce_Web_UI
]]></system-out>
  </testcase>
  <testcase name="pm_AutoeVantage_eCommerce_Login_OTP" classname="generated.GeneratedApiTest" time="0.529">
    <system-out><![CDATA[✅ PASSED: pm_AutoeVantage_eCommerce_Login_PhoneNumber
]]></system-out>
  </testcase>
  <testcase name="pm_AutoeVantage_Tools_Web_UI" classname="generated.GeneratedApiTest" time="1.279">
    <system-out><![CDATA[✅ PASSED: pm_AutoeVantage_eCommerce_Login_OTP
]]></system-out>
  </testcase>
  <testcase name="pm_AutoeVantage_Tools_Login_PhoneNumber" classname="generated.GeneratedApiTest" time="0.29">
    <system-out><![CDATA[✅ PASSED: pm_AutoeVantage_Tools_Web_UI
]]></system-out>
  </testcase>
  <testcase name="pm_AutoeVantage_Tools_Login_OTP" classname="generated.GeneratedApiTest" time="0.373">
    <system-out><![CDATA[✅ PASSED: pm_AutoeVantage_Tools_Login_PhoneNumber
]]></system-out>
  </testcase>
  <testcase name="pm_AutoeVantage_Analytics_Web_UI" classname="generated.GeneratedApiTest" time="0.505">
    <system-out><![CDATA[✅ PASSED: pm_AutoeVantage_Tools_Login_OTP
]]></system-out>
  </testcase>
  <testcase name="pm_AutoeVantage_Analytics_Login_PhoneNumber" classname="generated.GeneratedApiTest" time="0.291">
    <system-out><![CDATA[✅ PASSED: pm_AutoeVantage_Analytics_Web_UI
]]></system-out>
  </testcase>
  <testcase name="pm_AutoeVantage_Analytics_Login_OTP" classname="generated.GeneratedApiTest" time="0.419">
    <system-out><![CDATA[✅ PASSED: pm_AutoeVantage_Analytics_Login_PhoneNumber
]]></system-out>
  </testcase>
  <testcase name="pm_Metcalf_UI" classname="generated.GeneratedApiTest" time="0.055">
    <system-out><![CDATA[✅ PASSED: pm_AutoeVantage_Analytics_Login_OTP
]]></system-out>
  </testcase>
</testsuite>