<?xml version="1.0" encoding="UTF-8"?>
<testng-results ignored="0" total="60" passed="60" failed="0" skipped="0">
  <reporter-output>
  </reporter-output>
  <suite started-at="2025-09-23T05:30:54 GMT-04:00" name="AdHash_All_Projects_API_Production" finished-at="2025-09-23T05:31:38 GMT-04:00" duration-ms="44407">
    <groups>
    </groups>
    <test started-at="2025-09-23T05:30:54 GMT-04:00" name="AdHash_API_Tests" finished-at="2025-09-23T05:31:38 GMT-04:00" duration-ms="44407">
      <class name="generated.GeneratedApiTest">
        <test-method is-config="true" signature="setup()[pri:0, instance:generated.GeneratedApiTest@6e4784bc]" started-at="2025-09-23T05:30:54 GMT-04:00" name="setup" finished-at="2025-09-23T05:30:54 GMT-04:00" duration-ms="11" status="PASS">
          <reporter-output>
          </reporter-output>
        </test-method> <!-- setup -->
        <test-method signature="pm_AdHash_Website()[pri:0, instance:generated.GeneratedApiTest@6e4784bc]" started-at="2025-09-23T05:30:54 GMT-04:00" name="pm_AdHash_Website" finished-at="2025-09-23T05:30:55 GMT-04:00" duration-ms="1147" status="PASS">
          <reporter-output>
          </reporter-output>
        </test-method> <!-- pm_AdHash_Website -->
        <test-method signature="pm_AutoChecker_Login_UI()[pri:0, instance:generated.GeneratedApiTest@6e4784bc]" started-at="2025-09-23T05:30:55 GMT-04:00" name="pm_AutoChecker_Login_UI" finished-at="2025-09-23T05:30:56 GMT-04:00" duration-ms="1126" status="PASS">
          <reporter-output>
          </reporter-output>
        </test-method> <!-- pm_AutoChecker_Login_UI -->
        <test-method signature="pm_AutoChecker_Admin_Login()[pri:0, instance:generated.GeneratedApiTest@6e4784bc]" started-at="2025-09-23T05:30:56 GMT-04:00" name="pm_AutoChecker_Admin_Login" finished-at="2025-09-23T05:30:58 GMT-04:00" duration-ms="1481" status="PASS">
          <reporter-output>
          </reporter-output>
        </test-method> <!-- pm_AutoChecker_Admin_Login -->
        <test-method signature="pm_AutoChecker_App_Login()[pri:0, instance:generated.GeneratedApiTest@6e4784bc]" started-at="2025-09-23T05:30:58 GMT-04:00" name="pm_AutoChecker_App_Login" finished-at="2025-09-23T05:30:59 GMT-04:00" duration-ms="1110" status="PASS">
          <reporter-output>
          </reporter-output>
        </test-method> <!-- pm_AutoChecker_App_Login -->
        <test-method signature="pm_MHAI_Doctor_SuperAdmin_Login_UI()[pri:0, instance:generated.GeneratedApiTest@6e4784bc]" started-at="2025-09-23T05:30:59 GMT-04:00" name="pm_MHAI_Doctor_SuperAdmin_Login_UI" finished-at="2025-09-23T05:31:00 GMT-04:00" duration-ms="1081" status="PASS">
          <reporter-output>
          </reporter-output>
        </test-method> <!-- pm_MHAI_Doctor_SuperAdmin_Login_UI -->
        <test-method signature="pm_MHAI_Doctor_SuperAdmin_Login()[pri:0, instance:generated.GeneratedApiTest@6e4784bc]" started-at="2025-09-23T05:31:00 GMT-04:00" name="pm_MHAI_Doctor_SuperAdmin_Login" finished-at="2025-09-23T05:31:00 GMT-04:00" duration-ms="283" status="PASS">
          <reporter-output>
          </reporter-output>
        </test-method> <!-- pm_MHAI_Doctor_SuperAdmin_Login -->
        <test-method signature="pm_MHAI_Doctor_Login_UI()[pri:0, instance:generated.GeneratedApiTest@6e4784bc]" started-at="2025-09-23T05:31:00 GMT-04:00" name="pm_MHAI_Doctor_Login_UI" finished-at="2025-09-23T05:31:01 GMT-04:00" duration-ms="1045" status="PASS">
          <reporter-output>
          </reporter-output>
        </test-method> <!-- pm_MHAI_Doctor_Login_UI -->
        <test-method signature="pm_MHAI_Doctor_Login()[pri:0, instance:generated.GeneratedApiTest@6e4784bc]" started-at="2025-09-23T05:31:01 GMT-04:00" name="pm_MHAI_Doctor_Login" finished-at="2025-09-23T05:31:02 GMT-04:00" duration-ms="301" status="PASS">
          <reporter-output>
          </reporter-output>
        </test-method> <!-- pm_MHAI_Doctor_Login -->
        <test-method signature="pm_KCAI_Doctor_SuperAdmin_Login_UI()[pri:0, instance:generated.GeneratedApiTest@6e4784bc]" started-at="2025-09-23T05:31:02 GMT-04:00" name="pm_KCAI_Doctor_SuperAdmin_Login_UI" finished-at="2025-09-23T05:31:02 GMT-04:00" duration-ms="569" status="PASS">
          <reporter-output>
          </reporter-output>
        </test-method> <!-- pm_KCAI_Doctor_SuperAdmin_Login_UI -->
        <test-method signature="pm_KCAI_Doctor_SuperAdmin_Login()[pri:0, instance:generated.GeneratedApiTest@6e4784bc]" started-at="2025-09-23T05:31:02 GMT-04:00" name="pm_KCAI_Doctor_SuperAdmin_Login" finished-at="2025-09-23T05:31:03 GMT-04:00" duration-ms="633" status="PASS">
          <reporter-output>
          </reporter-output>
        </test-method> <!-- pm_KCAI_Doctor_SuperAdmin_Login -->
        <test-method signature="pm_KCAI_Doctor_Login_UI()[pri:0, instance:generated.GeneratedApiTest@6e4784bc]" started-at="2025-09-23T05:31:03 GMT-04:00" name="pm_KCAI_Doctor_Login_UI" finished-at="2025-09-23T05:31:04 GMT-04:00" duration-ms="715" status="PASS">
          <reporter-output>
          </reporter-output>
        </test-method> <!-- pm_KCAI_Doctor_Login_UI -->
        <test-method signature="pm_KCAI_Doctor_Login()[pri:0, instance:generated.GeneratedApiTest@6e4784bc]" started-at="2025-09-23T05:31:04 GMT-04:00" name="pm_KCAI_Doctor_Login" finished-at="2025-09-23T05:31:04 GMT-04:00" duration-ms="552" status="PASS">
          <reporter-output>
          </reporter-output>
        </test-method> <!-- pm_KCAI_Doctor_Login -->
        <test-method signature="pm_MHCRM_SuperAdmin_Login_UI()[pri:0, instance:generated.GeneratedApiTest@6e4784bc]" started-at="2025-09-23T05:31:04 GMT-04:00" name="pm_MHCRM_SuperAdmin_Login_UI" finished-at="2025-09-23T05:31:05 GMT-04:00" duration-ms="1120" status="PASS">
          <reporter-output>
          </reporter-output>
        </test-method> <!-- pm_MHCRM_SuperAdmin_Login_UI -->
        <test-method signature="pm_MHCRM_SuperAdmin_Login()[pri:0, instance:generated.GeneratedApiTest@6e4784bc]" started-at="2025-09-23T05:31:05 GMT-04:00" name="pm_MHCRM_SuperAdmin_Login" finished-at="2025-09-23T05:31:06 GMT-04:00" duration-ms="1151" status="PASS">
          <reporter-output>
          </reporter-output>
        </test-method> <!-- pm_MHCRM_SuperAdmin_Login -->
        <test-method signature="pm_MHCRM_Admin_Login()[pri:0, instance:generated.GeneratedApiTest@6e4784bc]" started-at="2025-09-23T05:31:06 GMT-04:00" name="pm_MHCRM_Admin_Login" finished-at="2025-09-23T05:31:07 GMT-04:00" duration-ms="305" status="PASS">
          <reporter-output>
          </reporter-output>
        </test-method> <!-- pm_MHCRM_Admin_Login -->
        <test-method signature="pm_MHCCM_SuperAdmin_Login_UI()[pri:0, instance:generated.GeneratedApiTest@6e4784bc]" started-at="2025-09-23T05:31:07 GMT-04:00" name="pm_MHCCM_SuperAdmin_Login_UI" finished-at="2025-09-23T05:31:08 GMT-04:00" duration-ms="1076" status="PASS">
          <reporter-output>
          </reporter-output>
        </test-method> <!-- pm_MHCCM_SuperAdmin_Login_UI -->
        <test-method signature="pm_MHCCM_SuperAdmin_Login()[pri:0, instance:generated.GeneratedApiTest@6e4784bc]" started-at="2025-09-23T05:31:08 GMT-04:00" name="pm_MHCCM_SuperAdmin_Login" finished-at="2025-09-23T05:31:08 GMT-04:00" duration-ms="302" status="PASS">
          <reporter-output>
          </reporter-output>
        </test-method> <!-- pm_MHCCM_SuperAdmin_Login -->
        <test-method signature="pm_MHCCM_CPA_Login_UI()[pri:0, instance:generated.GeneratedApiTest@6e4784bc]" started-at="2025-09-23T05:31:08 GMT-04:00" name="pm_MHCCM_CPA_Login_UI" finished-at="2025-09-23T05:31:09 GMT-04:00" duration-ms="1101" status="PASS">
          <reporter-output>
          </reporter-output>
        </test-method> <!-- pm_MHCCM_CPA_Login_UI -->
        <test-method signature="pm_MHCCM_CPA_Login()[pri:0, instance:generated.GeneratedApiTest@6e4784bc]" started-at="2025-09-23T05:31:09 GMT-04:00" name="pm_MHCCM_CPA_Login" finished-at="2025-09-23T05:31:10 GMT-04:00" duration-ms="334" status="PASS">
          <reporter-output>
          </reporter-output>
        </test-method> <!-- pm_MHCCM_CPA_Login -->
        <test-method signature="pm_MHCCM_PAR_Login_UI()[pri:0, instance:generated.GeneratedApiTest@6e4784bc]" started-at="2025-09-23T05:31:10 GMT-04:00" name="pm_MHCCM_PAR_Login_UI" finished-at="2025-09-23T05:31:11 GMT-04:00" duration-ms="1110" status="PASS">
          <reporter-output>
          </reporter-output>
        </test-method> <!-- pm_MHCCM_PAR_Login_UI -->
        <test-method signature="pm_MHCCM_PAR_Login()[pri:0, instance:generated.GeneratedApiTest@6e4784bc]" started-at="2025-09-23T05:31:11 GMT-04:00" name="pm_MHCCM_PAR_Login" finished-at="2025-09-23T05:31:11 GMT-04:00" duration-ms="331" status="PASS">
          <reporter-output>
          </reporter-output>
        </test-method> <!-- pm_MHCCM_PAR_Login -->
        <test-method signature="pm_MHCCM_Form_UI()[pri:0, instance:generated.GeneratedApiTest@6e4784bc]" started-at="2025-09-23T05:31:11 GMT-04:00" name="pm_MHCCM_Form_UI" finished-at="2025-09-23T05:31:12 GMT-04:00" duration-ms="1097" status="PASS">
          <reporter-output>
          </reporter-output>
        </test-method> <!-- pm_MHCCM_Form_UI -->
        <test-method signature="pm_MHCCM_PAR_CRM_Login_UI()[pri:0, instance:generated.GeneratedApiTest@6e4784bc]" started-at="2025-09-23T05:31:12 GMT-04:00" name="pm_MHCCM_PAR_CRM_Login_UI" finished-at="2025-09-23T05:31:13 GMT-04:00" duration-ms="1036" status="PASS">
          <reporter-output>
          </reporter-output>
        </test-method> <!-- pm_MHCCM_PAR_CRM_Login_UI -->
        <test-method signature="pm_MHCCM_PAR_CRM_Login()[pri:0, instance:generated.GeneratedApiTest@6e4784bc]" started-at="2025-09-23T05:31:13 GMT-04:00" name="pm_MHCCM_PAR_CRM_Login" finished-at="2025-09-23T05:31:14 GMT-04:00" duration-ms="1372" status="PASS">
          <reporter-output>
          </reporter-output>
        </test-method> <!-- pm_MHCCM_PAR_CRM_Login -->
        <test-method signature="pm_MHRTM_SuperAdmin_Login_UI()[pri:0, instance:generated.GeneratedApiTest@6e4784bc]" started-at="2025-09-23T05:31:14 GMT-04:00" name="pm_MHRTM_SuperAdmin_Login_UI" finished-at="2025-09-23T05:31:15 GMT-04:00" duration-ms="213" status="PASS">
          <reporter-output>
          </reporter-output>
        </test-method> <!-- pm_MHRTM_SuperAdmin_Login_UI -->
        <test-method signature="pm_MHRTM_SuperAdmin_Login()[pri:0, instance:generated.GeneratedApiTest@6e4784bc]" started-at="2025-09-23T05:31:15 GMT-04:00" name="pm_MHRTM_SuperAdmin_Login" finished-at="2025-09-23T05:31:15 GMT-04:00" duration-ms="640" status="PASS">
          <reporter-output>
          </reporter-output>
        </test-method> <!-- pm_MHRTM_SuperAdmin_Login -->
        <test-method signature="pm_MHRTM_CPA_Login_UI()[pri:0, instance:generated.GeneratedApiTest@6e4784bc]" started-at="2025-09-23T05:31:15 GMT-04:00" name="pm_MHRTM_CPA_Login_UI" finished-at="2025-09-23T05:31:16 GMT-04:00" duration-ms="556" status="PASS">
          <reporter-output>
          </reporter-output>
        </test-method> <!-- pm_MHRTM_CPA_Login_UI -->
        <test-method signature="pm_MHRTM_CPA_Login()[pri:0, instance:generated.GeneratedApiTest@6e4784bc]" started-at="2025-09-23T05:31:16 GMT-04:00" name="pm_MHRTM_CPA_Login" finished-at="2025-09-23T05:31:16 GMT-04:00" duration-ms="498" status="PASS">
          <reporter-output>
          </reporter-output>
        </test-method> <!-- pm_MHRTM_CPA_Login -->
        <test-method signature="pm_MHRTM_Participant_Login_UI()[pri:0, instance:generated.GeneratedApiTest@6e4784bc]" started-at="2025-09-23T05:31:16 GMT-04:00" name="pm_MHRTM_Participant_Login_UI" finished-at="2025-09-23T05:31:17 GMT-04:00" duration-ms="566" status="PASS">
          <reporter-output>
          </reporter-output>
        </test-method> <!-- pm_MHRTM_Participant_Login_UI -->
        <test-method signature="pm_MHRTM_Participant_Login()[pri:0, instance:generated.GeneratedApiTest@6e4784bc]" started-at="2025-09-23T05:31:17 GMT-04:00" name="pm_MHRTM_Participant_Login" finished-at="2025-09-23T05:31:17 GMT-04:00" duration-ms="275" status="PASS">
          <reporter-output>
          </reporter-output>
        </test-method> <!-- pm_MHRTM_Participant_Login -->
        <test-method signature="pm_MHAI_Patient_App_Login()[pri:0, instance:generated.GeneratedApiTest@6e4784bc]" started-at="2025-09-23T05:31:17 GMT-04:00" name="pm_MHAI_Patient_App_Login" finished-at="2025-09-23T05:31:18 GMT-04:00" duration-ms="1073" status="PASS">
          <reporter-output>
          </reporter-output>
        </test-method> <!-- pm_MHAI_Patient_App_Login -->
        <test-method signature="pm_KCAI_Patient_App_Login()[pri:0, instance:generated.GeneratedApiTest@6e4784bc]" started-at="2025-09-23T05:31:18 GMT-04:00" name="pm_KCAI_Patient_App_Login" finished-at="2025-09-23T05:31:19 GMT-04:00" duration-ms="629" status="PASS">
          <reporter-output>
          </reporter-output>
        </test-method> <!-- pm_KCAI_Patient_App_Login -->
        <test-method signature="pm_Wavedin_App_Login()[pri:0, instance:generated.GeneratedApiTest@6e4784bc]" started-at="2025-09-23T05:31:19 GMT-04:00" name="pm_Wavedin_App_Login" finished-at="2025-09-23T05:31:20 GMT-04:00" duration-ms="1138" status="PASS">
          <reporter-output>
          </reporter-output>
        </test-method> <!-- pm_Wavedin_App_Login -->
        <test-method signature="pm_Sparkme_App_Login()[pri:0, instance:generated.GeneratedApiTest@6e4784bc]" started-at="2025-09-23T05:31:20 GMT-04:00" name="pm_Sparkme_App_Login" finished-at="2025-09-23T05:31:20 GMT-04:00" duration-ms="274" status="PASS">
          <reporter-output>
          </reporter-output>
        </test-method> <!-- pm_Sparkme_App_Login -->
        <test-method signature="pm_WavedIn_SuperAdmin_Login_UI()[pri:0, instance:generated.GeneratedApiTest@6e4784bc]" started-at="2025-09-23T05:31:20 GMT-04:00" name="pm_WavedIn_SuperAdmin_Login_UI" finished-at="2025-09-23T05:31:24 GMT-04:00" duration-ms="3937" status="PASS">
          <reporter-output>
          </reporter-output>
        </test-method> <!-- pm_WavedIn_SuperAdmin_Login_UI -->
        <test-method signature="pm_WavedIn_Market_Web()[pri:0, instance:generated.GeneratedApiTest@6e4784bc]" started-at="2025-09-23T05:31:24 GMT-04:00" name="pm_WavedIn_Market_Web" finished-at="2025-09-23T05:31:25 GMT-04:00" duration-ms="930" status="PASS">
          <reporter-output>
          </reporter-output>
        </test-method> <!-- pm_WavedIn_Market_Web -->
        <test-method signature="pm_Sparkme_Web_Login_UI()[pri:0, instance:generated.GeneratedApiTest@6e4784bc]" started-at="2025-09-23T05:31:25 GMT-04:00" name="pm_Sparkme_Web_Login_UI" finished-at="2025-09-23T05:31:25 GMT-04:00" duration-ms="149" status="PASS">
          <reporter-output>
          </reporter-output>
        </test-method> <!-- pm_Sparkme_Web_Login_UI -->
        <test-method signature="pm_Sparkme_Web_Login()[pri:0, instance:generated.GeneratedApiTest@6e4784bc]" started-at="2025-09-23T05:31:25 GMT-04:00" name="pm_Sparkme_Web_Login" finished-at="2025-09-23T05:31:25 GMT-04:00" duration-ms="70" status="PASS">
          <reporter-output>
          </reporter-output>
        </test-method> <!-- pm_Sparkme_Web_Login -->
        <test-method signature="pm_Algomax_ProSky_Web_Login_UI()[pri:0, instance:generated.GeneratedApiTest@6e4784bc]" started-at="2025-09-23T05:31:25 GMT-04:00" name="pm_Algomax_ProSky_Web_Login_UI" finished-at="2025-09-23T05:31:26 GMT-04:00" duration-ms="723" status="PASS">
          <reporter-output>
          </reporter-output>
        </test-method> <!-- pm_Algomax_ProSky_Web_Login_UI -->
        <test-method signature="pm_Algomax_GoPocket_Web_Login_UI()[pri:0, instance:generated.GeneratedApiTest@6e4784bc]" started-at="2025-09-23T05:31:26 GMT-04:00" name="pm_Algomax_GoPocket_Web_Login_UI" finished-at="2025-09-23T05:31:26 GMT-04:00" duration-ms="179" status="PASS">
          <reporter-output>
          </reporter-output>
        </test-method> <!-- pm_Algomax_GoPocket_Web_Login_UI -->
        <test-method signature="pm_LGM_Login_UI()[pri:0, instance:generated.GeneratedApiTest@6e4784bc]" started-at="2025-09-23T05:31:26 GMT-04:00" name="pm_LGM_Login_UI" finished-at="2025-09-23T05:31:27 GMT-04:00" duration-ms="946" status="PASS">
          <reporter-output>
          </reporter-output>
        </test-method> <!-- pm_LGM_Login_UI -->
        <test-method signature="pm_LGM_Login_PhoneNumber()[pri:0, instance:generated.GeneratedApiTest@6e4784bc]" started-at="2025-09-23T05:31:27 GMT-04:00" name="pm_LGM_Login_PhoneNumber" finished-at="2025-09-23T05:31:28 GMT-04:00" duration-ms="426" status="PASS">
          <reporter-output>
          </reporter-output>
        </test-method> <!-- pm_LGM_Login_PhoneNumber -->
        <test-method signature="pm_LGM_Login_OTP()[pri:0, instance:generated.GeneratedApiTest@6e4784bc]" started-at="2025-09-23T05:31:28 GMT-04:00" name="pm_LGM_Login_OTP" finished-at="2025-09-23T05:31:29 GMT-04:00" duration-ms="815" status="PASS">
          <reporter-output>
          </reporter-output>
        </test-method> <!-- pm_LGM_Login_OTP -->
        <test-method signature="pm_AskEPI_Login_UI()[pri:0, instance:generated.GeneratedApiTest@6e4784bc]" started-at="2025-09-23T05:31:29 GMT-04:00" name="pm_AskEPI_Login_UI" finished-at="2025-09-23T05:31:30 GMT-04:00" duration-ms="1213" status="PASS">
          <reporter-output>
          </reporter-output>
        </test-method> <!-- pm_AskEPI_Login_UI -->
        <test-method signature="pm_AskEPI_Login_PhoneNumber()[pri:0, instance:generated.GeneratedApiTest@6e4784bc]" started-at="2025-09-23T05:31:30 GMT-04:00" name="pm_AskEPI_Login_PhoneNumber" finished-at="2025-09-23T05:31:31 GMT-04:00" duration-ms="910" status="PASS">
          <reporter-output>
          </reporter-output>
        </test-method> <!-- pm_AskEPI_Login_PhoneNumber -->
        <test-method signature="pm_AskEPI_Login_OTP()[pri:0, instance:generated.GeneratedApiTest@6e4784bc]" started-at="2025-09-23T05:31:31 GMT-04:00" name="pm_AskEPI_Login_OTP" finished-at="2025-09-23T05:31:31 GMT-04:00" duration-ms="653" status="PASS">
          <reporter-output>
          </reporter-output>
        </test-method> <!-- pm_AskEPI_Login_OTP -->
        <test-method signature="pm_RiskRealm_Admin_Web_Login_UI()[pri:0, instance:generated.GeneratedApiTest@6e4784bc]" started-at="2025-09-23T05:31:31 GMT-04:00" name="pm_RiskRealm_Admin_Web_Login_UI" finished-at="2025-09-23T05:31:32 GMT-04:00" duration-ms="756" status="PASS">
          <reporter-output>
          </reporter-output>
        </test-method> <!-- pm_RiskRealm_Admin_Web_Login_UI -->
        <test-method signature="pm_RiskRealm_Chat_Web_Login_UI()[pri:0, instance:generated.GeneratedApiTest@6e4784bc]" started-at="2025-09-23T05:31:32 GMT-04:00" name="pm_RiskRealm_Chat_Web_Login_UI" finished-at="2025-09-23T05:31:32 GMT-04:00" duration-ms="324" status="PASS">
          <reporter-output>
          </reporter-output>
        </test-method> <!-- pm_RiskRealm_Chat_Web_Login_UI -->
        <test-method signature="pm_RiskRealm_Login_Number()[pri:0, instance:generated.GeneratedApiTest@6e4784bc]" started-at="2025-09-23T05:31:32 GMT-04:00" name="pm_RiskRealm_Login_Number" finished-at="2025-09-23T05:31:33 GMT-04:00" duration-ms="290" status="PASS">
          <reporter-output>
          </reporter-output>
        </test-method> <!-- pm_RiskRealm_Login_Number -->
        <test-method signature="pm_RiskRealm_Login_OTP()[pri:0, instance:generated.GeneratedApiTest@6e4784bc]" started-at="2025-09-23T05:31:33 GMT-04:00" name="pm_RiskRealm_Login_OTP" finished-at="2025-09-23T05:31:33 GMT-04:00" duration-ms="665" status="PASS">
          <reporter-output>
          </reporter-output>
        </test-method> <!-- pm_RiskRealm_Login_OTP -->
        <test-method signature="pm_AutoeVantage_eCommerce_Web_UI()[pri:0, instance:generated.GeneratedApiTest@6e4784bc]" started-at="2025-09-23T05:31:33 GMT-04:00" name="pm_AutoeVantage_eCommerce_Web_UI" finished-at="2025-09-23T05:31:35 GMT-04:00" duration-ms="1781" status="PASS">
          <reporter-output>
          </reporter-output>
        </test-method> <!-- pm_AutoeVantage_eCommerce_Web_UI -->
        <test-method signature="pm_AutoeVantage_eCommerce_Login_PhoneNumber()[pri:0, instance:generated.GeneratedApiTest@6e4784bc]" started-at="2025-09-23T05:31:35 GMT-04:00" name="pm_AutoeVantage_eCommerce_Login_PhoneNumber" finished-at="2025-09-23T05:31:35 GMT-04:00" duration-ms="322" status="PASS">
          <reporter-output>
          </reporter-output>
        </test-method> <!-- pm_AutoeVantage_eCommerce_Login_PhoneNumber -->
        <test-method signature="pm_AutoeVantage_eCommerce_Login_OTP()[pri:0, instance:generated.GeneratedApiTest@6e4784bc]" started-at="2025-09-23T05:31:35 GMT-04:00" name="pm_AutoeVantage_eCommerce_Login_OTP" finished-at="2025-09-23T05:31:36 GMT-04:00" duration-ms="609" status="PASS">
          <reporter-output>
          </reporter-output>
        </test-method> <!-- pm_AutoeVantage_eCommerce_Login_OTP -->
        <test-method signature="pm_AutoeVantage_Tools_Web_UI()[pri:0, instance:generated.GeneratedApiTest@6e4784bc]" started-at="2025-09-23T05:31:36 GMT-04:00" name="pm_AutoeVantage_Tools_Web_UI" finished-at="2025-09-23T05:31:36 GMT-04:00" duration-ms="338" status="PASS">
          <reporter-output>
          </reporter-output>
        </test-method> <!-- pm_AutoeVantage_Tools_Web_UI -->
        <test-method signature="pm_AutoeVantage_Tools_Login_PhoneNumber()[pri:0, instance:generated.GeneratedApiTest@6e4784bc]" started-at="2025-09-23T05:31:36 GMT-04:00" name="pm_AutoeVantage_Tools_Login_PhoneNumber" finished-at="2025-09-23T05:31:37 GMT-04:00" duration-ms="308" status="PASS">
          <reporter-output>
          </reporter-output>
        </test-method> <!-- pm_AutoeVantage_Tools_Login_PhoneNumber -->
        <test-method signature="pm_AutoeVantage_Tools_Login_OTP()[pri:0, instance:generated.GeneratedApiTest@6e4784bc]" started-at="2025-09-23T05:31:37 GMT-04:00" name="pm_AutoeVantage_Tools_Login_OTP" finished-at="2025-09-23T05:31:37 GMT-04:00" duration-ms="392" status="PASS">
          <reporter-output>
          </reporter-output>
        </test-method> <!-- pm_AutoeVantage_Tools_Login_OTP -->
        <test-method signature="pm_AutoeVantage_Analytics_Web_UI()[pri:0, instance:generated.GeneratedApiTest@6e4784bc]" started-at="2025-09-23T05:31:37 GMT-04:00" name="pm_AutoeVantage_Analytics_Web_UI" finished-at="2025-09-23T05:31:38 GMT-04:00" duration-ms="496" status="PASS">
          <reporter-output>
          </reporter-output>
        </test-method> <!-- pm_AutoeVantage_Analytics_Web_UI -->
        <test-method signature="pm_AutoeVantage_Analytics_Login_PhoneNumber()[pri:0, instance:generated.GeneratedApiTest@6e4784bc]" started-at="2025-09-23T05:31:38 GMT-04:00" name="pm_AutoeVantage_Analytics_Login_PhoneNumber" finished-at="2025-09-23T05:31:38 GMT-04:00" duration-ms="304" status="PASS">
          <reporter-output>
          </reporter-output>
        </test-method> <!-- pm_AutoeVantage_Analytics_Login_PhoneNumber -->
        <test-method signature="pm_AutoeVantage_Analytics_Login_OTP()[pri:0, instance:generated.GeneratedApiTest@6e4784bc]" started-at="2025-09-23T05:31:38 GMT-04:00" name="pm_AutoeVantage_Analytics_Login_OTP" finished-at="2025-09-23T05:31:38 GMT-04:00" duration-ms="427" status="PASS">
          <reporter-output>
          </reporter-output>
        </test-method> <!-- pm_AutoeVantage_Analytics_Login_OTP -->
        <test-method signature="pm_Metcalf_UI()[pri:0, instance:generated.GeneratedApiTest@6e4784bc]" started-at="2025-09-23T05:31:38 GMT-04:00" name="pm_Metcalf_UI" finished-at="2025-09-23T05:31:38 GMT-04:00" duration-ms="65" status="PASS">
          <reporter-output>
          </reporter-output>
        </test-method> <!-- pm_Metcalf_UI -->
      </class> <!-- generated.GeneratedApiTest -->
    </test> <!-- AdHash_API_Tests -->
  </suite> <!-- AdHash_All_Projects_API_Production -->
</testng-results>
