<?xml version="1.0" encoding="UTF-8"?>
<testng-results ignored="4" total="7" passed="3" failed="0" skipped="0">
  <reporter-output>
  </reporter-output>
  <suite started-at="2025-09-22T04:18:36 GMT-04:00" name="Daily Vitals Test Suite" finished-at="2025-09-22T04:18:38 GMT-04:00" duration-ms="1832">
    <groups>
    </groups>
    <test started-at="2025-09-22T04:18:36 GMT-04:00" name="Add Vitals Test" finished-at="2025-09-22T04:18:38 GMT-04:00" duration-ms="1832">
      <class name="MyHealthAPI.AddVitals">
        <test-method is-config="true" signature="beforeTest()[pri:0, instance:MyHealthAPI.AddVitals@3d51f06e]" started-at="2025-09-22T04:18:36 GMT-04:00" name="beforeTest" finished-at="2025-09-22T04:18:36 GMT-04:00" duration-ms="15" status="PASS">
          <reporter-output>
          </reporter-output>
        </test-method> <!-- beforeTest -->
        <test-method is-config="true" signature="beforeClass()[pri:0, instance:MyHealthAPI.AddVitals@3d51f06e]" started-at="2025-09-22T04:18:36 GMT-04:00" name="beforeClass" finished-at="2025-09-22T04:18:36 GMT-04:00" duration-ms="3" status="PASS">
          <reporter-output>
          </reporter-output>
        </test-method> <!-- beforeClass -->
        <test-method signature="loginEncReq()[pri:1, instance:MyHealthAPI.AddVitals@3d51f06e]" started-at="2025-09-22T04:18:36 GMT-04:00" name="loginEncReq" finished-at="2025-09-22T04:18:36 GMT-04:00" duration-ms="34" status="PASS">
          <reporter-output>
          </reporter-output>
        </test-method> <!-- loginEncReq -->
        <test-method signature="loginEncRes()[pri:2, instance:MyHealthAPI.AddVitals@3d51f06e]" started-at="2025-09-22T04:18:36 GMT-04:00" name="loginEncRes" finished-at="2025-09-22T04:18:38 GMT-04:00" duration-ms="1737" status="PASS">
          <reporter-output>
          </reporter-output>
        </test-method> <!-- loginEncRes -->
        <test-method signature="loginDecRes()[pri:3, instance:MyHealthAPI.AddVitals@3d51f06e]" started-at="2025-09-22T04:18:38 GMT-04:00" name="loginDecRes" finished-at="2025-09-22T04:18:38 GMT-04:00" duration-ms="20" status="PASS">
          <reporter-output>
          </reporter-output>
        </test-method> <!-- loginDecRes -->
      </class> <!-- MyHealthAPI.AddVitals -->
    </test> <!-- Add Vitals Test -->
  </suite> <!-- Daily Vitals Test Suite -->
</testng-results>
