<?xml version="1.0" encoding="UTF-8"?>
<testng-results ignored="0" total="60" passed="59" failed="1" skipped="0">
  <reporter-output>
  </reporter-output>
  <suite started-at="2025-09-23T03:37:50 GMT-04:00" name="AdHash_All_Projects_API_Production" finished-at="2025-09-23T03:38:29 GMT-04:00" duration-ms="38303">
    <groups>
    </groups>
    <test started-at="2025-09-23T03:37:50 GMT-04:00" name="AdHash_API_Tests" finished-at="2025-09-23T03:38:29 GMT-04:00" duration-ms="38303">
      <class name="generated.GeneratedApiTest">
        <test-method is-config="true" signature="setup()[pri:0, instance:generated.GeneratedApiTest@2e4b8173]" started-at="2025-09-23T03:37:50 GMT-04:00" name="setup" finished-at="2025-09-23T03:37:51 GMT-04:00" duration-ms="6" status="PASS">
          <reporter-output>
          </reporter-output>
        </test-method> <!-- setup -->
        <test-method signature="pm_AdHash_Website()[pri:0, instance:generated.GeneratedApiTest@2e4b8173]" started-at="2025-09-23T03:37:51 GMT-04:00" name="pm_AdHash_Website" finished-at="2025-09-23T03:37:51 GMT-04:00" duration-ms="924" status="PASS">
          <reporter-output>
          </reporter-output>
        </test-method> <!-- pm_AdHash_Website -->
        <test-method signature="pm_AutoChecker_Login_UI()[pri:0, instance:generated.GeneratedApiTest@2e4b8173]" started-at="2025-09-23T03:37:51 GMT-04:00" name="pm_AutoChecker_Login_UI" finished-at="2025-09-23T03:37:53 GMT-04:00" duration-ms="1112" status="PASS">
          <reporter-output>
          </reporter-output>
        </test-method> <!-- pm_AutoChecker_Login_UI -->
        <test-method signature="pm_AutoChecker_Admin_Login()[pri:0, instance:generated.GeneratedApiTest@2e4b8173]" started-at="2025-09-23T03:37:53 GMT-04:00" name="pm_AutoChecker_Admin_Login" finished-at="2025-09-23T03:37:54 GMT-04:00" duration-ms="1121" status="PASS">
          <reporter-output>
          </reporter-output>
        </test-method> <!-- pm_AutoChecker_Admin_Login -->
        <test-method signature="pm_AutoChecker_App_Login()[pri:0, instance:generated.GeneratedApiTest@2e4b8173]" started-at="2025-09-23T03:37:54 GMT-04:00" name="pm_AutoChecker_App_Login" finished-at="2025-09-23T03:37:55 GMT-04:00" duration-ms="1109" status="PASS">
          <reporter-output>
          </reporter-output>
        </test-method> <!-- pm_AutoChecker_App_Login -->
        <test-method signature="pm_MHAI_Doctor_SuperAdmin_Login_UI()[pri:0, instance:generated.GeneratedApiTest@2e4b8173]" started-at="2025-09-23T03:37:55 GMT-04:00" name="pm_MHAI_Doctor_SuperAdmin_Login_UI" finished-at="2025-09-23T03:37:56 GMT-04:00" duration-ms="1031" status="PASS">
          <reporter-output>
          </reporter-output>
        </test-method> <!-- pm_MHAI_Doctor_SuperAdmin_Login_UI -->
        <test-method signature="pm_MHAI_Doctor_SuperAdmin_Login()[pri:0, instance:generated.GeneratedApiTest@2e4b8173]" started-at="2025-09-23T03:37:56 GMT-04:00" name="pm_MHAI_Doctor_SuperAdmin_Login" finished-at="2025-09-23T03:37:56 GMT-04:00" duration-ms="264" status="PASS">
          <reporter-output>
          </reporter-output>
        </test-method> <!-- pm_MHAI_Doctor_SuperAdmin_Login -->
        <test-method signature="pm_MHAI_Doctor_Login_UI()[pri:0, instance:generated.GeneratedApiTest@2e4b8173]" started-at="2025-09-23T03:37:56 GMT-04:00" name="pm_MHAI_Doctor_Login_UI" finished-at="2025-09-23T03:37:57 GMT-04:00" duration-ms="1102" status="PASS">
          <reporter-output>
          </reporter-output>
        </test-method> <!-- pm_MHAI_Doctor_Login_UI -->
        <test-method signature="pm_MHAI_Doctor_Login()[pri:0, instance:generated.GeneratedApiTest@2e4b8173]" started-at="2025-09-23T03:37:57 GMT-04:00" name="pm_MHAI_Doctor_Login" finished-at="2025-09-23T03:37:57 GMT-04:00" duration-ms="280" status="PASS">
          <reporter-output>
          </reporter-output>
        </test-method> <!-- pm_MHAI_Doctor_Login -->
        <test-method signature="pm_KCAI_Doctor_SuperAdmin_Login_UI()[pri:0, instance:generated.GeneratedApiTest@2e4b8173]" started-at="2025-09-23T03:37:57 GMT-04:00" name="pm_KCAI_Doctor_SuperAdmin_Login_UI" finished-at="2025-09-23T03:37:58 GMT-04:00" duration-ms="596" status="PASS">
          <reporter-output>
          </reporter-output>
        </test-method> <!-- pm_KCAI_Doctor_SuperAdmin_Login_UI -->
        <test-method signature="pm_KCAI_Doctor_SuperAdmin_Login()[pri:0, instance:generated.GeneratedApiTest@2e4b8173]" started-at="2025-09-23T03:37:58 GMT-04:00" name="pm_KCAI_Doctor_SuperAdmin_Login" finished-at="2025-09-23T03:37:59 GMT-04:00" duration-ms="566" status="PASS">
          <reporter-output>
          </reporter-output>
        </test-method> <!-- pm_KCAI_Doctor_SuperAdmin_Login -->
        <test-method signature="pm_KCAI_Doctor_Login_UI()[pri:0, instance:generated.GeneratedApiTest@2e4b8173]" started-at="2025-09-23T03:37:59 GMT-04:00" name="pm_KCAI_Doctor_Login_UI" finished-at="2025-09-23T03:37:59 GMT-04:00" duration-ms="552" status="PASS">
          <reporter-output>
          </reporter-output>
        </test-method> <!-- pm_KCAI_Doctor_Login_UI -->
        <test-method signature="pm_KCAI_Doctor_Login()[pri:0, instance:generated.GeneratedApiTest@2e4b8173]" started-at="2025-09-23T03:37:59 GMT-04:00" name="pm_KCAI_Doctor_Login" finished-at="2025-09-23T03:38:00 GMT-04:00" duration-ms="501" status="PASS">
          <reporter-output>
          </reporter-output>
        </test-method> <!-- pm_KCAI_Doctor_Login -->
        <test-method signature="pm_MHCRM_SuperAdmin_Login_UI()[pri:0, instance:generated.GeneratedApiTest@2e4b8173]" started-at="2025-09-23T03:38:00 GMT-04:00" name="pm_MHCRM_SuperAdmin_Login_UI" finished-at="2025-09-23T03:38:01 GMT-04:00" duration-ms="1090" status="PASS">
          <reporter-output>
          </reporter-output>
        </test-method> <!-- pm_MHCRM_SuperAdmin_Login_UI -->
        <test-method signature="pm_MHCRM_SuperAdmin_Login()[pri:0, instance:generated.GeneratedApiTest@2e4b8173]" started-at="2025-09-23T03:38:01 GMT-04:00" name="pm_MHCRM_SuperAdmin_Login" finished-at="2025-09-23T03:38:02 GMT-04:00" duration-ms="1098" status="PASS">
          <reporter-output>
          </reporter-output>
        </test-method> <!-- pm_MHCRM_SuperAdmin_Login -->
        <test-method signature="pm_MHCRM_Admin_Login()[pri:0, instance:generated.GeneratedApiTest@2e4b8173]" started-at="2025-09-23T03:38:02 GMT-04:00" name="pm_MHCRM_Admin_Login" finished-at="2025-09-23T03:38:02 GMT-04:00" duration-ms="296" status="PASS">
          <reporter-output>
          </reporter-output>
        </test-method> <!-- pm_MHCRM_Admin_Login -->
        <test-method signature="pm_MHCCM_SuperAdmin_Login_UI()[pri:0, instance:generated.GeneratedApiTest@2e4b8173]" started-at="2025-09-23T03:38:02 GMT-04:00" name="pm_MHCCM_SuperAdmin_Login_UI" finished-at="2025-09-23T03:38:03 GMT-04:00" duration-ms="1101" status="PASS">
          <reporter-output>
          </reporter-output>
        </test-method> <!-- pm_MHCCM_SuperAdmin_Login_UI -->
        <test-method signature="pm_MHCCM_SuperAdmin_Login()[pri:0, instance:generated.GeneratedApiTest@2e4b8173]" started-at="2025-09-23T03:38:03 GMT-04:00" name="pm_MHCCM_SuperAdmin_Login" finished-at="2025-09-23T03:38:04 GMT-04:00" duration-ms="299" status="PASS">
          <reporter-output>
          </reporter-output>
        </test-method> <!-- pm_MHCCM_SuperAdmin_Login -->
        <test-method signature="pm_MHCCM_CPA_Login_UI()[pri:0, instance:generated.GeneratedApiTest@2e4b8173]" started-at="2025-09-23T03:38:04 GMT-04:00" name="pm_MHCCM_CPA_Login_UI" finished-at="2025-09-23T03:38:05 GMT-04:00" duration-ms="1099" status="PASS">
          <reporter-output>
          </reporter-output>
        </test-method> <!-- pm_MHCCM_CPA_Login_UI -->
        <test-method signature="pm_MHCCM_CPA_Login()[pri:0, instance:generated.GeneratedApiTest@2e4b8173]" started-at="2025-09-23T03:38:05 GMT-04:00" name="pm_MHCCM_CPA_Login" finished-at="2025-09-23T03:38:05 GMT-04:00" duration-ms="316" status="PASS">
          <reporter-output>
          </reporter-output>
        </test-method> <!-- pm_MHCCM_CPA_Login -->
        <test-method signature="pm_MHCCM_PAR_Login_UI()[pri:0, instance:generated.GeneratedApiTest@2e4b8173]" started-at="2025-09-23T03:38:05 GMT-04:00" name="pm_MHCCM_PAR_Login_UI" finished-at="2025-09-23T03:38:06 GMT-04:00" duration-ms="1048" status="PASS">
          <reporter-output>
          </reporter-output>
        </test-method> <!-- pm_MHCCM_PAR_Login_UI -->
        <test-method signature="pm_MHCCM_PAR_Login()[pri:0, instance:generated.GeneratedApiTest@2e4b8173]" started-at="2025-09-23T03:38:06 GMT-04:00" name="pm_MHCCM_PAR_Login" finished-at="2025-09-23T03:38:06 GMT-04:00" duration-ms="314" status="PASS">
          <reporter-output>
          </reporter-output>
        </test-method> <!-- pm_MHCCM_PAR_Login -->
        <test-method signature="pm_MHCCM_Form_UI()[pri:0, instance:generated.GeneratedApiTest@2e4b8173]" started-at="2025-09-23T03:38:06 GMT-04:00" name="pm_MHCCM_Form_UI" finished-at="2025-09-23T03:38:07 GMT-04:00" duration-ms="1053" status="PASS">
          <reporter-output>
          </reporter-output>
        </test-method> <!-- pm_MHCCM_Form_UI -->
        <test-method signature="pm_MHCCM_PAR_CRM_Login_UI()[pri:0, instance:generated.GeneratedApiTest@2e4b8173]" started-at="2025-09-23T03:38:07 GMT-04:00" name="pm_MHCCM_PAR_CRM_Login_UI" finished-at="2025-09-23T03:38:08 GMT-04:00" duration-ms="1099" status="PASS">
          <reporter-output>
          </reporter-output>
        </test-method> <!-- pm_MHCCM_PAR_CRM_Login_UI -->
        <test-method signature="pm_MHCCM_PAR_CRM_Login()[pri:0, instance:generated.GeneratedApiTest@2e4b8173]" started-at="2025-09-23T03:38:08 GMT-04:00" name="pm_MHCCM_PAR_CRM_Login" finished-at="2025-09-23T03:38:10 GMT-04:00" duration-ms="1321" status="PASS">
          <reporter-output>
          </reporter-output>
        </test-method> <!-- pm_MHCCM_PAR_CRM_Login -->
        <test-method signature="pm_MHRTM_SuperAdmin_Login_UI()[pri:0, instance:generated.GeneratedApiTest@2e4b8173]" started-at="2025-09-23T03:38:10 GMT-04:00" name="pm_MHRTM_SuperAdmin_Login_UI" finished-at="2025-09-23T03:38:10 GMT-04:00" duration-ms="121" status="PASS">
          <reporter-output>
          </reporter-output>
        </test-method> <!-- pm_MHRTM_SuperAdmin_Login_UI -->
        <test-method signature="pm_MHRTM_SuperAdmin_Login()[pri:0, instance:generated.GeneratedApiTest@2e4b8173]" started-at="2025-09-23T03:38:10 GMT-04:00" name="pm_MHRTM_SuperAdmin_Login" finished-at="2025-09-23T03:38:11 GMT-04:00" duration-ms="579" status="PASS">
          <reporter-output>
          </reporter-output>
        </test-method> <!-- pm_MHRTM_SuperAdmin_Login -->
        <test-method signature="pm_MHRTM_CPA_Login_UI()[pri:0, instance:generated.GeneratedApiTest@2e4b8173]" started-at="2025-09-23T03:38:11 GMT-04:00" name="pm_MHRTM_CPA_Login_UI" finished-at="2025-09-23T03:38:11 GMT-04:00" duration-ms="604" status="PASS">
          <reporter-output>
          </reporter-output>
        </test-method> <!-- pm_MHRTM_CPA_Login_UI -->
        <test-method signature="pm_MHRTM_CPA_Login()[pri:0, instance:generated.GeneratedApiTest@2e4b8173]" started-at="2025-09-23T03:38:11 GMT-04:00" name="pm_MHRTM_CPA_Login" finished-at="2025-09-23T03:38:12 GMT-04:00" duration-ms="491" status="PASS">
          <reporter-output>
          </reporter-output>
        </test-method> <!-- pm_MHRTM_CPA_Login -->
        <test-method signature="pm_MHRTM_Participant_Login_UI()[pri:0, instance:generated.GeneratedApiTest@2e4b8173]" started-at="2025-09-23T03:38:12 GMT-04:00" name="pm_MHRTM_Participant_Login_UI" finished-at="2025-09-23T03:38:12 GMT-04:00" duration-ms="596" status="PASS">
          <reporter-output>
          </reporter-output>
        </test-method> <!-- pm_MHRTM_Participant_Login_UI -->
        <test-method signature="pm_MHRTM_Participant_Login()[pri:0, instance:generated.GeneratedApiTest@2e4b8173]" started-at="2025-09-23T03:38:12 GMT-04:00" name="pm_MHRTM_Participant_Login" finished-at="2025-09-23T03:38:12 GMT-04:00" duration-ms="275" status="PASS">
          <reporter-output>
          </reporter-output>
        </test-method> <!-- pm_MHRTM_Participant_Login -->
        <test-method signature="pm_MHAI_Patient_App_Login()[pri:0, instance:generated.GeneratedApiTest@2e4b8173]" started-at="2025-09-23T03:38:12 GMT-04:00" name="pm_MHAI_Patient_App_Login" finished-at="2025-09-23T03:38:14 GMT-04:00" duration-ms="1369" status="PASS">
          <reporter-output>
          </reporter-output>
        </test-method> <!-- pm_MHAI_Patient_App_Login -->
        <test-method signature="pm_KCAI_Patient_App_Login()[pri:0, instance:generated.GeneratedApiTest@2e4b8173]" started-at="2025-09-23T03:38:14 GMT-04:00" name="pm_KCAI_Patient_App_Login" finished-at="2025-09-23T03:38:15 GMT-04:00" duration-ms="820" status="PASS">
          <reporter-output>
          </reporter-output>
        </test-method> <!-- pm_KCAI_Patient_App_Login -->
        <test-method signature="pm_Wavedin_App_Login()[pri:0, instance:generated.GeneratedApiTest@2e4b8173]" started-at="2025-09-23T03:38:15 GMT-04:00" name="pm_Wavedin_App_Login" finished-at="2025-09-23T03:38:16 GMT-04:00" duration-ms="1131" status="PASS">
          <reporter-output>
          </reporter-output>
        </test-method> <!-- pm_Wavedin_App_Login -->
        <test-method signature="pm_Sparkme_App_Login()[pri:0, instance:generated.GeneratedApiTest@2e4b8173]" started-at="2025-09-23T03:38:16 GMT-04:00" name="pm_Sparkme_App_Login" finished-at="2025-09-23T03:38:16 GMT-04:00" duration-ms="250" status="PASS">
          <reporter-output>
          </reporter-output>
        </test-method> <!-- pm_Sparkme_App_Login -->
        <test-method signature="pm_WavedIn_SuperAdmin_Login_UI()[pri:0, instance:generated.GeneratedApiTest@2e4b8173]" started-at="2025-09-23T03:38:16 GMT-04:00" name="pm_WavedIn_SuperAdmin_Login_UI" finished-at="2025-09-23T03:38:17 GMT-04:00" duration-ms="935" status="PASS">
          <reporter-output>
          </reporter-output>
        </test-method> <!-- pm_WavedIn_SuperAdmin_Login_UI -->
        <test-method signature="pm_WavedIn_Market_Web()[pri:0, instance:generated.GeneratedApiTest@2e4b8173]" started-at="2025-09-23T03:38:17 GMT-04:00" name="pm_WavedIn_Market_Web" finished-at="2025-09-23T03:38:18 GMT-04:00" duration-ms="905" status="PASS">
          <reporter-output>
          </reporter-output>
        </test-method> <!-- pm_WavedIn_Market_Web -->
        <test-method signature="pm_Sparkme_Web_Login_UI()[pri:0, instance:generated.GeneratedApiTest@2e4b8173]" started-at="2025-09-23T03:38:18 GMT-04:00" name="pm_Sparkme_Web_Login_UI" finished-at="2025-09-23T03:38:18 GMT-04:00" duration-ms="122" status="PASS">
          <reporter-output>
          </reporter-output>
        </test-method> <!-- pm_Sparkme_Web_Login_UI -->
        <test-method signature="pm_Sparkme_Web_Login()[pri:0, instance:generated.GeneratedApiTest@2e4b8173]" started-at="2025-09-23T03:38:18 GMT-04:00" name="pm_Sparkme_Web_Login" finished-at="2025-09-23T03:38:18 GMT-04:00" duration-ms="61" status="PASS">
          <reporter-output>
          </reporter-output>
        </test-method> <!-- pm_Sparkme_Web_Login -->
        <test-method signature="pm_Algomax_ProSky_Web_Login_UI()[pri:0, instance:generated.GeneratedApiTest@2e4b8173]" started-at="2025-09-23T03:38:18 GMT-04:00" name="pm_Algomax_ProSky_Web_Login_UI" finished-at="2025-09-23T03:38:18 GMT-04:00" duration-ms="196" status="PASS">
          <reporter-output>
          </reporter-output>
        </test-method> <!-- pm_Algomax_ProSky_Web_Login_UI -->
        <test-method signature="pm_Algomax_GoPocket_Web_Login_UI()[pri:0, instance:generated.GeneratedApiTest@2e4b8173]" started-at="2025-09-23T03:38:18 GMT-04:00" name="pm_Algomax_GoPocket_Web_Login_UI" finished-at="2025-09-23T03:38:18 GMT-04:00" duration-ms="184" status="PASS">
          <reporter-output>
          </reporter-output>
        </test-method> <!-- pm_Algomax_GoPocket_Web_Login_UI -->
        <test-method signature="pm_LGM_Login_UI()[pri:0, instance:generated.GeneratedApiTest@2e4b8173]" started-at="2025-09-23T03:38:18 GMT-04:00" name="pm_LGM_Login_UI" finished-at="2025-09-23T03:38:19 GMT-04:00" duration-ms="985" status="PASS">
          <reporter-output>
          </reporter-output>
        </test-method> <!-- pm_LGM_Login_UI -->
        <test-method signature="pm_LGM_Login_PhoneNumber()[pri:0, instance:generated.GeneratedApiTest@2e4b8173]" started-at="2025-09-23T03:38:19 GMT-04:00" name="pm_LGM_Login_PhoneNumber" finished-at="2025-09-23T03:38:20 GMT-04:00" duration-ms="381" status="PASS">
          <reporter-output>
          </reporter-output>
        </test-method> <!-- pm_LGM_Login_PhoneNumber -->
        <test-method signature="pm_LGM_Login_OTP()[pri:0, instance:generated.GeneratedApiTest@2e4b8173]" started-at="2025-09-23T03:38:20 GMT-04:00" name="pm_LGM_Login_OTP" finished-at="2025-09-23T03:38:21 GMT-04:00" duration-ms="663" status="PASS">
          <reporter-output>
          </reporter-output>
        </test-method> <!-- pm_LGM_Login_OTP -->
        <test-method signature="pm_AskEPI_Login_UI()[pri:0, instance:generated.GeneratedApiTest@2e4b8173]" started-at="2025-09-23T03:38:21 GMT-04:00" name="pm_AskEPI_Login_UI" finished-at="2025-09-23T03:38:22 GMT-04:00" duration-ms="1156" status="PASS">
          <reporter-output>
          </reporter-output>
        </test-method> <!-- pm_AskEPI_Login_UI -->
        <test-method signature="pm_AskEPI_Login_PhoneNumber()[pri:0, instance:generated.GeneratedApiTest@2e4b8173]" started-at="2025-09-23T03:38:22 GMT-04:00" name="pm_AskEPI_Login_PhoneNumber" finished-at="2025-09-23T03:38:22 GMT-04:00" duration-ms="469" status="FAIL">
          <exception class="java.lang.RuntimeException">
            <message>
              <![CDATA[HTTP POST request failed: PKIX path building failed: sun.security.provider.certpath.SunCertPathBuilderException: unable to find valid certification path to requested target]]>
            </message>
            <full-stacktrace>
              <![CDATA[java.lang.RuntimeException: HTTP POST request failed: PKIX path building failed: sun.security.provider.certpath.SunCertPathBuilderException: unable to find valid certification path to requested target
at utils.HttpClient.post(HttpClient.java:68)
at generated.GeneratedApiTest.pm_AskEPI_Login_PhoneNumber(GeneratedApiTest.java:321)
at java.base/jdk.internal.reflect.DirectMethodHandleAccessor.invoke(DirectMethodHandleAccessor.java:103)
at java.base/java.lang.reflect.Method.invoke(Method.java:580)
at org.testng.internal.MethodInvocationHelper.invokeMethod(MethodInvocationHelper.java:133)
at org.testng.internal.TestInvoker.invokeMethod(TestInvoker.java:598)
at org.testng.internal.TestInvoker.invokeTestMethod(TestInvoker.java:173)
at org.testng.internal.MethodRunner.runInSequence(MethodRunner.java:46)
at org.testng.internal.TestInvoker$MethodInvocationAgent.invoke(TestInvoker.java:824)
at org.testng.internal.TestInvoker.invokeTestMethods(TestInvoker.java:146)
at org.testng.internal.TestMethodWorker.invokeTestMethods(TestMethodWorker.java:146)
at org.testng.internal.TestMethodWorker.run(TestMethodWorker.java:128)
at java.base/java.util.ArrayList.forEach(ArrayList.java:1596)
at org.testng.TestRunner.privateRun(TestRunner.java:794)
at org.testng.TestRunner.run(TestRunner.java:596)
at org.testng.SuiteRunner.runTest(SuiteRunner.java:377)
at org.testng.SuiteRunner.runSequentially(SuiteRunner.java:371)
at org.testng.SuiteRunner.privateRun(SuiteRunner.java:332)
at org.testng.SuiteRunner.run(SuiteRunner.java:276)
at org.testng.SuiteRunnerWorker.runSuite(SuiteRunnerWorker.java:53)
at org.testng.SuiteRunnerWorker.run(SuiteRunnerWorker.java:96)
at org.testng.TestNG.runSuitesSequentially(TestNG.java:1212)
at org.testng.TestNG.runSuitesLocally(TestNG.java:1134)
at org.testng.TestNG.runSuites(TestNG.java:1063)
at org.testng.TestNG.run(TestNG.java:1031)
at org.apache.maven.surefire.testng.TestNGExecutor.run(TestNGExecutor.java:308)
at org.apache.maven.surefire.testng.TestNGXmlTestSuite.execute(TestNGXmlTestSuite.java:71)
at org.apache.maven.surefire.testng.TestNGProvider.invoke(TestNGProvider.java:113)
at org.apache.maven.surefire.booter.ForkedBooter.runSuitesInProcess(ForkedBooter.java:385)
at org.apache.maven.surefire.booter.ForkedBooter.execute(ForkedBooter.java:162)
at org.apache.maven.surefire.booter.ForkedBooter.run(ForkedBooter.java:507)
at org.apache.maven.surefire.booter.ForkedBooter.main(ForkedBooter.java:495)
Caused by: javax.net.ssl.SSLHandshakeException: PKIX path building failed: sun.security.provider.certpath.SunCertPathBuilderException: unable to find valid certification path to requested target
at java.base/sun.security.ssl.Alert.createSSLException(Alert.java:130)
at java.base/sun.security.ssl.TransportContext.fatal(TransportContext.java:383)
at java.base/sun.security.ssl.TransportContext.fatal(TransportContext.java:326)
at java.base/sun.security.ssl.TransportContext.fatal(TransportContext.java:321)
at java.base/sun.security.ssl.CertificateMessage$T12CertificateConsumer.checkServerCerts(CertificateMessage.java:647)
at java.base/sun.security.ssl.CertificateMessage$T12CertificateConsumer.onCertificate(CertificateMessage.java:467)
at java.base/sun.security.ssl.CertificateMessage$T12CertificateConsumer.consume(CertificateMessage.java:363)
at java.base/sun.security.ssl.SSLHandshake.consume(SSLHandshake.java:393)
at java.base/sun.security.ssl.HandshakeContext.dispatch(HandshakeContext.java:476)
at java.base/sun.security.ssl.HandshakeContext.dispatch(HandshakeContext.java:447)
at java.base/sun.security.ssl.TransportContext.dispatch(TransportContext.java:206)
at java.base/sun.security.ssl.SSLTransport.decode(SSLTransport.java:172)
at java.base/sun.security.ssl.SSLSocketImpl.decode(SSLSocketImpl.java:1506)
at java.base/sun.security.ssl.SSLSocketImpl.readHandshakeRecord(SSLSocketImpl.java:1421)
at java.base/sun.security.ssl.SSLSocketImpl.startHandshake(SSLSocketImpl.java:455)
at java.base/sun.security.ssl.SSLSocketImpl.startHandshake(SSLSocketImpl.java:426)
at org.apache.http.conn.ssl.SSLConnectionSocketFactory.createLayeredSocket(SSLConnectionSocketFactory.java:436)
at org.apache.http.conn.ssl.SSLConnectionSocketFactory.connectSocket(SSLConnectionSocketFactory.java:384)
at org.apache.http.impl.conn.DefaultHttpClientConnectionOperator.connect(DefaultHttpClientConnectionOperator.java:142)
at org.apache.http.impl.conn.PoolingHttpClientConnectionManager.connect(PoolingHttpClientConnectionManager.java:376)
at org.apache.http.impl.execchain.MainClientExec.establishRoute(MainClientExec.java:393)
at org.apache.http.impl.execchain.MainClientExec.execute(MainClientExec.java:236)
at org.apache.http.impl.execchain.ProtocolExec.execute(ProtocolExec.java:186)
at org.apache.http.impl.execchain.RetryExec.execute(RetryExec.java:89)
at org.apache.http.impl.execchain.RedirectExec.execute(RedirectExec.java:110)
at org.apache.http.impl.client.InternalHttpClient.doExecute(InternalHttpClient.java:185)
at org.apache.http.impl.client.CloseableHttpClient.execute(CloseableHttpClient.java:83)
at org.apache.http.impl.client.CloseableHttpClient.execute(CloseableHttpClient.java:108)
at utils.HttpClient.post(HttpClient.java:57)
... 31 more
Caused by: sun.security.validator.ValidatorException: PKIX path building failed: sun.security.provider.certpath.SunCertPathBuilderException: unable to find valid certification path to requested target
at java.base/sun.security.validator.PKIXValidator.doBuild(PKIXValidator.java:388)
at java.base/sun.security.validator.PKIXValidator.engineValidate(PKIXValidator.java:271)
at java.base/sun.security.validator.Validator.validate(Validator.java:256)
at java.base/sun.security.ssl.X509TrustManagerImpl.checkTrusted(X509TrustManagerImpl.java:230)
at java.base/sun.security.ssl.X509TrustManagerImpl.checkServerTrusted(X509TrustManagerImpl.java:132)
at java.base/sun.security.ssl.CertificateMessage$T12CertificateConsumer.checkServerCerts(CertificateMessage.java:631)
... 55 more
Caused by: sun.security.provider.certpath.SunCertPathBuilderException: unable to find valid certification path to requested target
at java.base/sun.security.provider.certpath.SunCertPathBuilder.build(SunCertPathBuilder.java:148)
at java.base/sun.security.provider.certpath.SunCertPathBuilder.engineBuild(SunCertPathBuilder.java:129)
at java.base/java.security.cert.CertPathBuilder.build(CertPathBuilder.java:297)
at java.base/sun.security.validator.PKIXValidator.doBuild(PKIXValidator.java:383)
... 60 more
]]>
            </full-stacktrace>
          </exception> <!-- java.lang.RuntimeException -->
          <reporter-output>
          </reporter-output>
        </test-method> <!-- pm_AskEPI_Login_PhoneNumber -->
        <test-method signature="pm_AskEPI_Login_OTP()[pri:0, instance:generated.GeneratedApiTest@2e4b8173]" started-at="2025-09-23T03:38:22 GMT-04:00" name="pm_AskEPI_Login_OTP" finished-at="2025-09-23T03:38:23 GMT-04:00" duration-ms="790" status="PASS">
          <reporter-output>
          </reporter-output>
        </test-method> <!-- pm_AskEPI_Login_OTP -->
        <test-method signature="pm_RiskRealm_Admin_Web_Login_UI()[pri:0, instance:generated.GeneratedApiTest@2e4b8173]" started-at="2025-09-23T03:38:23 GMT-04:00" name="pm_RiskRealm_Admin_Web_Login_UI" finished-at="2025-09-23T03:38:24 GMT-04:00" duration-ms="713" status="PASS">
          <reporter-output>
          </reporter-output>
        </test-method> <!-- pm_RiskRealm_Admin_Web_Login_UI -->
        <test-method signature="pm_RiskRealm_Chat_Web_Login_UI()[pri:0, instance:generated.GeneratedApiTest@2e4b8173]" started-at="2025-09-23T03:38:24 GMT-04:00" name="pm_RiskRealm_Chat_Web_Login_UI" finished-at="2025-09-23T03:38:24 GMT-04:00" duration-ms="284" status="PASS">
          <reporter-output>
          </reporter-output>
        </test-method> <!-- pm_RiskRealm_Chat_Web_Login_UI -->
        <test-method signature="pm_RiskRealm_Login_Number()[pri:0, instance:generated.GeneratedApiTest@2e4b8173]" started-at="2025-09-23T03:38:24 GMT-04:00" name="pm_RiskRealm_Login_Number" finished-at="2025-09-23T03:38:24 GMT-04:00" duration-ms="272" status="PASS">
          <reporter-output>
          </reporter-output>
        </test-method> <!-- pm_RiskRealm_Login_Number -->
        <test-method signature="pm_RiskRealm_Login_OTP()[pri:0, instance:generated.GeneratedApiTest@2e4b8173]" started-at="2025-09-23T03:38:24 GMT-04:00" name="pm_RiskRealm_Login_OTP" finished-at="2025-09-23T03:38:25 GMT-04:00" duration-ms="676" status="PASS">
          <reporter-output>
          </reporter-output>
        </test-method> <!-- pm_RiskRealm_Login_OTP -->
        <test-method signature="pm_AutoeVantage_eCommerce_Web_UI()[pri:0, instance:generated.GeneratedApiTest@2e4b8173]" started-at="2025-09-23T03:38:25 GMT-04:00" name="pm_AutoeVantage_eCommerce_Web_UI" finished-at="2025-09-23T03:38:26 GMT-04:00" duration-ms="801" status="PASS">
          <reporter-output>
          </reporter-output>
        </test-method> <!-- pm_AutoeVantage_eCommerce_Web_UI -->
        <test-method signature="pm_AutoeVantage_eCommerce_Login_PhoneNumber()[pri:0, instance:generated.GeneratedApiTest@2e4b8173]" started-at="2025-09-23T03:38:26 GMT-04:00" name="pm_AutoeVantage_eCommerce_Login_PhoneNumber" finished-at="2025-09-23T03:38:26 GMT-04:00" duration-ms="299" status="PASS">
          <reporter-output>
          </reporter-output>
        </test-method> <!-- pm_AutoeVantage_eCommerce_Login_PhoneNumber -->
        <test-method signature="pm_AutoeVantage_eCommerce_Login_OTP()[pri:0, instance:generated.GeneratedApiTest@2e4b8173]" started-at="2025-09-23T03:38:26 GMT-04:00" name="pm_AutoeVantage_eCommerce_Login_OTP" finished-at="2025-09-23T03:38:26 GMT-04:00" duration-ms="504" status="PASS">
          <reporter-output>
          </reporter-output>
        </test-method> <!-- pm_AutoeVantage_eCommerce_Login_OTP -->
        <test-method signature="pm_AutoeVantage_Tools_Web_UI()[pri:0, instance:generated.GeneratedApiTest@2e4b8173]" started-at="2025-09-23T03:38:26 GMT-04:00" name="pm_AutoeVantage_Tools_Web_UI" finished-at="2025-09-23T03:38:27 GMT-04:00" duration-ms="314" status="PASS">
          <reporter-output>
          </reporter-output>
        </test-method> <!-- pm_AutoeVantage_Tools_Web_UI -->
        <test-method signature="pm_AutoeVantage_Tools_Login_PhoneNumber()[pri:0, instance:generated.GeneratedApiTest@2e4b8173]" started-at="2025-09-23T03:38:27 GMT-04:00" name="pm_AutoeVantage_Tools_Login_PhoneNumber" finished-at="2025-09-23T03:38:27 GMT-04:00" duration-ms="295" status="PASS">
          <reporter-output>
          </reporter-output>
        </test-method> <!-- pm_AutoeVantage_Tools_Login_PhoneNumber -->
        <test-method signature="pm_AutoeVantage_Tools_Login_OTP()[pri:0, instance:generated.GeneratedApiTest@2e4b8173]" started-at="2025-09-23T03:38:27 GMT-04:00" name="pm_AutoeVantage_Tools_Login_OTP" finished-at="2025-09-23T03:38:27 GMT-04:00" duration-ms="384" status="PASS">
          <reporter-output>
          </reporter-output>
        </test-method> <!-- pm_AutoeVantage_Tools_Login_OTP -->
        <test-method signature="pm_AutoeVantage_Analytics_Web_UI()[pri:0, instance:generated.GeneratedApiTest@2e4b8173]" started-at="2025-09-23T03:38:27 GMT-04:00" name="pm_AutoeVantage_Analytics_Web_UI" finished-at="2025-09-23T03:38:28 GMT-04:00" duration-ms="520" status="PASS">
          <reporter-output>
          </reporter-output>
        </test-method> <!-- pm_AutoeVantage_Analytics_Web_UI -->
        <test-method signature="pm_AutoeVantage_Analytics_Login_PhoneNumber()[pri:0, instance:generated.GeneratedApiTest@2e4b8173]" started-at="2025-09-23T03:38:28 GMT-04:00" name="pm_AutoeVantage_Analytics_Login_PhoneNumber" finished-at="2025-09-23T03:38:28 GMT-04:00" duration-ms="335" status="PASS">
          <reporter-output>
          </reporter-output>
        </test-method> <!-- pm_AutoeVantage_Analytics_Login_PhoneNumber -->
        <test-method signature="pm_AutoeVantage_Analytics_Login_OTP()[pri:0, instance:generated.GeneratedApiTest@2e4b8173]" started-at="2025-09-23T03:38:28 GMT-04:00" name="pm_AutoeVantage_Analytics_Login_OTP" finished-at="2025-09-23T03:38:29 GMT-04:00" duration-ms="389" status="PASS">
          <reporter-output>
          </reporter-output>
        </test-method> <!-- pm_AutoeVantage_Analytics_Login_OTP -->
        <test-method signature="pm_Metcalf_UI()[pri:0, instance:generated.GeneratedApiTest@2e4b8173]" started-at="2025-09-23T03:38:29 GMT-04:00" name="pm_Metcalf_UI" finished-at="2025-09-23T03:38:29 GMT-04:00" duration-ms="51" status="PASS">
          <reporter-output>
          </reporter-output>
        </test-method> <!-- pm_Metcalf_UI -->
      </class> <!-- generated.GeneratedApiTest -->
    </test> <!-- AdHash_API_Tests -->
  </suite> <!-- AdHash_All_Projects_API_Production -->
</testng-results>
