<?xml version="1.0" encoding="UTF-8"?>
<testng-results ignored="0" total="79" passed="79" failed="0" skipped="0">
  <reporter-output>
  </reporter-output>
  <suite started-at="2026-01-06T13:56:18 IST" name="AdHash_All_Projects_API_Production" finished-at="2026-01-06T13:57:20 IST" duration-ms="61987">
    <groups>
    </groups>
    <test started-at="2026-01-06T13:56:18 IST" name="AdHash_API_Tests" finished-at="2026-01-06T13:57:20 IST" duration-ms="61987">
      <class name="generated.GeneratedApiTest">
        <test-method is-config="true" signature="setup()[pri:0, instance:generated.GeneratedApiTest@575cabf0]" started-at="2026-01-06T13:56:18 IST" name="setup" finished-at="2026-01-06T13:56:18 IST" duration-ms="9" status="PASS">
          <reporter-output>
          </reporter-output>
        </test-method> <!-- setup -->
        <test-method signature="pm_AdHash_Website()[pri:0, instance:generated.GeneratedApiTest@575cabf0]" started-at="2026-01-06T13:56:18 IST" name="pm_AdHash_Website" finished-at="2026-01-06T13:56:19 IST" duration-ms="639" status="PASS">
          <reporter-output>
          </reporter-output>
        </test-method> <!-- pm_AdHash_Website -->
        <test-method signature="pm_AutoChecker_Login_UI()[pri:0, instance:generated.GeneratedApiTest@575cabf0]" started-at="2026-01-06T13:56:19 IST" name="pm_AutoChecker_Login_UI" finished-at="2026-01-06T13:56:20 IST" duration-ms="1605" status="PASS">
          <reporter-output>
          </reporter-output>
        </test-method> <!-- pm_AutoChecker_Login_UI -->
        <test-method signature="pm_AutoChecker_Admin_Login()[pri:0, instance:generated.GeneratedApiTest@575cabf0]" started-at="2026-01-06T13:56:20 IST" name="pm_AutoChecker_Admin_Login" finished-at="2026-01-06T13:56:22 IST" duration-ms="1556" status="PASS">
          <reporter-output>
          </reporter-output>
        </test-method> <!-- pm_AutoChecker_Admin_Login -->
        <test-method signature="pm_AutoChecker_App_Login()[pri:0, instance:generated.GeneratedApiTest@575cabf0]" started-at="2026-01-06T13:56:22 IST" name="pm_AutoChecker_App_Login" finished-at="2026-01-06T13:56:24 IST" duration-ms="1576" status="PASS">
          <reporter-output>
          </reporter-output>
        </test-method> <!-- pm_AutoChecker_App_Login -->
        <test-method signature="pm_KCAI_Doctor_SuperAdmin_Login_UI()[pri:0, instance:generated.GeneratedApiTest@575cabf0]" started-at="2026-01-06T13:56:24 IST" name="pm_KCAI_Doctor_SuperAdmin_Login_UI" finished-at="2026-01-06T13:56:24 IST" duration-ms="694" status="PASS">
          <reporter-output>
          </reporter-output>
        </test-method> <!-- pm_KCAI_Doctor_SuperAdmin_Login_UI -->
        <test-method signature="pm_KCAI_Doctor_SuperAdmin_Login()[pri:0, instance:generated.GeneratedApiTest@575cabf0]" started-at="2026-01-06T13:56:24 IST" name="pm_KCAI_Doctor_SuperAdmin_Login" finished-at="2026-01-06T13:56:25 IST" duration-ms="634" status="PASS">
          <reporter-output>
          </reporter-output>
        </test-method> <!-- pm_KCAI_Doctor_SuperAdmin_Login -->
        <test-method signature="pm_KCAI_Doctor_Login_UI()[pri:0, instance:generated.GeneratedApiTest@575cabf0]" started-at="2026-01-06T13:56:25 IST" name="pm_KCAI_Doctor_Login_UI" finished-at="2026-01-06T13:56:26 IST" duration-ms="701" status="PASS">
          <reporter-output>
          </reporter-output>
        </test-method> <!-- pm_KCAI_Doctor_Login_UI -->
        <test-method signature="pm_KCAI_Doctor_Login()[pri:0, instance:generated.GeneratedApiTest@575cabf0]" started-at="2026-01-06T13:56:26 IST" name="pm_KCAI_Doctor_Login" finished-at="2026-01-06T13:56:26 IST" duration-ms="341" status="PASS">
          <reporter-output>
          </reporter-output>
        </test-method> <!-- pm_KCAI_Doctor_Login -->
        <test-method signature="pm_MHCRM_SuperAdmin_Login_UI()[pri:0, instance:generated.GeneratedApiTest@575cabf0]" started-at="2026-01-06T13:56:26 IST" name="pm_MHCRM_SuperAdmin_Login_UI" finished-at="2026-01-06T13:56:27 IST" duration-ms="627" status="PASS">
          <reporter-output>
          </reporter-output>
        </test-method> <!-- pm_MHCRM_SuperAdmin_Login_UI -->
        <test-method signature="pm_MHCRM_SuperAdmin_Login()[pri:0, instance:generated.GeneratedApiTest@575cabf0]" started-at="2026-01-06T13:56:27 IST" name="pm_MHCRM_SuperAdmin_Login" finished-at="2026-01-06T13:56:27 IST" duration-ms="642" status="PASS">
          <reporter-output>
          </reporter-output>
        </test-method> <!-- pm_MHCRM_SuperAdmin_Login -->
        <test-method signature="pm_MHCRM_Admin_Login()[pri:0, instance:generated.GeneratedApiTest@575cabf0]" started-at="2026-01-06T13:56:27 IST" name="pm_MHCRM_Admin_Login" finished-at="2026-01-06T13:56:28 IST" duration-ms="341" status="PASS">
          <reporter-output>
          </reporter-output>
        </test-method> <!-- pm_MHCRM_Admin_Login -->
        <test-method signature="pm_MHCCM_SuperAdmin_Login_UI()[pri:0, instance:generated.GeneratedApiTest@575cabf0]" started-at="2026-01-06T13:56:28 IST" name="pm_MHCCM_SuperAdmin_Login_UI" finished-at="2026-01-06T13:56:28 IST" duration-ms="803" status="PASS">
          <reporter-output>
          </reporter-output>
        </test-method> <!-- pm_MHCCM_SuperAdmin_Login_UI -->
        <test-method signature="pm_MHCCM_SuperAdmin_Login()[pri:0, instance:generated.GeneratedApiTest@575cabf0]" started-at="2026-01-06T13:56:28 IST" name="pm_MHCCM_SuperAdmin_Login" finished-at="2026-01-06T13:56:29 IST" duration-ms="316" status="PASS">
          <reporter-output>
          </reporter-output>
        </test-method> <!-- pm_MHCCM_SuperAdmin_Login -->
        <test-method signature="pm_MHCCM_CPA_Login_UI()[pri:0, instance:generated.GeneratedApiTest@575cabf0]" started-at="2026-01-06T13:56:29 IST" name="pm_MHCCM_CPA_Login_UI" finished-at="2026-01-06T13:56:29 IST" duration-ms="614" status="PASS">
          <reporter-output>
          </reporter-output>
        </test-method> <!-- pm_MHCCM_CPA_Login_UI -->
        <test-method signature="pm_MHCCM_CPA_Login()[pri:0, instance:generated.GeneratedApiTest@575cabf0]" started-at="2026-01-06T13:56:29 IST" name="pm_MHCCM_CPA_Login" finished-at="2026-01-06T13:56:30 IST" duration-ms="326" status="PASS">
          <reporter-output>
          </reporter-output>
        </test-method> <!-- pm_MHCCM_CPA_Login -->
        <test-method signature="pm_MHCCM_PAR_Login_UI()[pri:0, instance:generated.GeneratedApiTest@575cabf0]" started-at="2026-01-06T13:56:30 IST" name="pm_MHCCM_PAR_Login_UI" finished-at="2026-01-06T13:56:30 IST" duration-ms="616" status="PASS">
          <reporter-output>
          </reporter-output>
        </test-method> <!-- pm_MHCCM_PAR_Login_UI -->
        <test-method signature="pm_MHCCM_PAR_Login()[pri:0, instance:generated.GeneratedApiTest@575cabf0]" started-at="2026-01-06T13:56:30 IST" name="pm_MHCCM_PAR_Login" finished-at="2026-01-06T13:56:31 IST" duration-ms="611" status="PASS">
          <reporter-output>
          </reporter-output>
        </test-method> <!-- pm_MHCCM_PAR_Login -->
        <test-method signature="pm_MHCCM_Form_UI()[pri:0, instance:generated.GeneratedApiTest@575cabf0]" started-at="2026-01-06T13:56:31 IST" name="pm_MHCCM_Form_UI" finished-at="2026-01-06T13:56:31 IST" duration-ms="606" status="PASS">
          <reporter-output>
          </reporter-output>
        </test-method> <!-- pm_MHCCM_Form_UI -->
        <test-method signature="pm_MHCCM_PAR_CRM_Login_UI()[pri:0, instance:generated.GeneratedApiTest@575cabf0]" started-at="2026-01-06T13:56:31 IST" name="pm_MHCCM_PAR_CRM_Login_UI" finished-at="2026-01-06T13:56:32 IST" duration-ms="606" status="PASS">
          <reporter-output>
          </reporter-output>
        </test-method> <!-- pm_MHCCM_PAR_CRM_Login_UI -->
        <test-method signature="pm_MHCCM_PAR_CRM_Login()[pri:0, instance:generated.GeneratedApiTest@575cabf0]" started-at="2026-01-06T13:56:32 IST" name="pm_MHCCM_PAR_CRM_Login" finished-at="2026-01-06T13:56:33 IST" duration-ms="784" status="PASS">
          <reporter-output>
          </reporter-output>
        </test-method> <!-- pm_MHCCM_PAR_CRM_Login -->
        <test-method signature="pm_MHRTM_SuperAdmin_Login_UI()[pri:0, instance:generated.GeneratedApiTest@575cabf0]" started-at="2026-01-06T13:56:33 IST" name="pm_MHRTM_SuperAdmin_Login_UI" finished-at="2026-01-06T13:56:33 IST" duration-ms="200" status="PASS">
          <reporter-output>
          </reporter-output>
        </test-method> <!-- pm_MHRTM_SuperAdmin_Login_UI -->
        <test-method signature="pm_MHRTM_SuperAdmin_Login()[pri:0, instance:generated.GeneratedApiTest@575cabf0]" started-at="2026-01-06T13:56:33 IST" name="pm_MHRTM_SuperAdmin_Login" finished-at="2026-01-06T13:56:34 IST" duration-ms="640" status="PASS">
          <reporter-output>
          </reporter-output>
        </test-method> <!-- pm_MHRTM_SuperAdmin_Login -->
        <test-method signature="pm_MHRTM_CPA_Login_UI()[pri:0, instance:generated.GeneratedApiTest@575cabf0]" started-at="2026-01-06T13:56:34 IST" name="pm_MHRTM_CPA_Login_UI" finished-at="2026-01-06T13:56:34 IST" duration-ms="676" status="PASS">
          <reporter-output>
          </reporter-output>
        </test-method> <!-- pm_MHRTM_CPA_Login_UI -->
        <test-method signature="pm_MHRTM_CPA_Login()[pri:0, instance:generated.GeneratedApiTest@575cabf0]" started-at="2026-01-06T13:56:34 IST" name="pm_MHRTM_CPA_Login" finished-at="2026-01-06T13:56:35 IST" duration-ms="384" status="PASS">
          <reporter-output>
          </reporter-output>
        </test-method> <!-- pm_MHRTM_CPA_Login -->
        <test-method signature="pm_MHRTM_Participant_Login_UI()[pri:0, instance:generated.GeneratedApiTest@575cabf0]" started-at="2026-01-06T13:56:35 IST" name="pm_MHRTM_Participant_Login_UI" finished-at="2026-01-06T13:56:35 IST" duration-ms="630" status="PASS">
          <reporter-output>
          </reporter-output>
        </test-method> <!-- pm_MHRTM_Participant_Login_UI -->
        <test-method signature="pm_MHRTM_Participant_Login()[pri:0, instance:generated.GeneratedApiTest@575cabf0]" started-at="2026-01-06T13:56:35 IST" name="pm_MHRTM_Participant_Login" finished-at="2026-01-06T13:56:36 IST" duration-ms="340" status="PASS">
          <reporter-output>
          </reporter-output>
        </test-method> <!-- pm_MHRTM_Participant_Login -->
        <test-method signature="pm_KCAI_Patient_App_Login()[pri:0, instance:generated.GeneratedApiTest@575cabf0]" started-at="2026-01-06T13:56:36 IST" name="pm_KCAI_Patient_App_Login" finished-at="2026-01-06T13:56:36 IST" duration-ms="687" status="PASS">
          <reporter-output>
          </reporter-output>
        </test-method> <!-- pm_KCAI_Patient_App_Login -->
        <test-method signature="pm_Wavedin_App_Login()[pri:0, instance:generated.GeneratedApiTest@575cabf0]" started-at="2026-01-06T13:56:36 IST" name="pm_Wavedin_App_Login" finished-at="2026-01-06T13:56:38 IST" duration-ms="1583" status="PASS">
          <reporter-output>
          </reporter-output>
        </test-method> <!-- pm_Wavedin_App_Login -->
        <test-method signature="pm_Sparkme_App_Login()[pri:0, instance:generated.GeneratedApiTest@575cabf0]" started-at="2026-01-06T13:56:38 IST" name="pm_Sparkme_App_Login" finished-at="2026-01-06T13:56:38 IST" duration-ms="304" status="PASS">
          <reporter-output>
          </reporter-output>
        </test-method> <!-- pm_Sparkme_App_Login -->
        <test-method signature="pm_WavedIn_SuperAdmin_Login_UI()[pri:0, instance:generated.GeneratedApiTest@575cabf0]" started-at="2026-01-06T13:56:38 IST" name="pm_WavedIn_SuperAdmin_Login_UI" finished-at="2026-01-06T13:56:40 IST" duration-ms="1548" status="PASS">
          <reporter-output>
          </reporter-output>
        </test-method> <!-- pm_WavedIn_SuperAdmin_Login_UI -->
        <test-method signature="pm_WavedIn_Market_Web()[pri:0, instance:generated.GeneratedApiTest@575cabf0]" started-at="2026-01-06T13:56:40 IST" name="pm_WavedIn_Market_Web" finished-at="2026-01-06T13:56:41 IST" duration-ms="1564" status="PASS">
          <reporter-output>
          </reporter-output>
        </test-method> <!-- pm_WavedIn_Market_Web -->
        <test-method signature="pm_Sparkme_Web_Login_UI()[pri:0, instance:generated.GeneratedApiTest@575cabf0]" started-at="2026-01-06T13:56:41 IST" name="pm_Sparkme_Web_Login_UI" finished-at="2026-01-06T13:56:42 IST" duration-ms="251" status="PASS">
          <reporter-output>
          </reporter-output>
        </test-method> <!-- pm_Sparkme_Web_Login_UI -->
        <test-method signature="pm_Sparkme_Web_Login()[pri:0, instance:generated.GeneratedApiTest@575cabf0]" started-at="2026-01-06T13:56:42 IST" name="pm_Sparkme_Web_Login" finished-at="2026-01-06T13:56:42 IST" duration-ms="134" status="PASS">
          <reporter-output>
          </reporter-output>
        </test-method> <!-- pm_Sparkme_Web_Login -->
        <test-method signature="pm_Algomax_ProSky_Web_Login_UI()[pri:0, instance:generated.GeneratedApiTest@575cabf0]" started-at="2026-01-06T13:56:42 IST" name="pm_Algomax_ProSky_Web_Login_UI" finished-at="2026-01-06T13:56:42 IST" duration-ms="283" status="PASS">
          <reporter-output>
          </reporter-output>
        </test-method> <!-- pm_Algomax_ProSky_Web_Login_UI -->
        <test-method signature="pm_Algomax_GoPocket_Web_Login_UI()[pri:0, instance:generated.GeneratedApiTest@575cabf0]" started-at="2026-01-06T13:56:42 IST" name="pm_Algomax_GoPocket_Web_Login_UI" finished-at="2026-01-06T13:56:42 IST" duration-ms="261" status="PASS">
          <reporter-output>
          </reporter-output>
        </test-method> <!-- pm_Algomax_GoPocket_Web_Login_UI -->
        <test-method signature="pm_LGM_Login_UI()[pri:0, instance:generated.GeneratedApiTest@575cabf0]" started-at="2026-01-06T13:56:42 IST" name="pm_LGM_Login_UI" finished-at="2026-01-06T13:56:44 IST" duration-ms="1951" status="PASS">
          <reporter-output>
          </reporter-output>
        </test-method> <!-- pm_LGM_Login_UI -->
        <test-method signature="pm_LGM_Login_PhoneNumber()[pri:0, instance:generated.GeneratedApiTest@575cabf0]" started-at="2026-01-06T13:56:44 IST" name="pm_LGM_Login_PhoneNumber" finished-at="2026-01-06T13:56:45 IST" duration-ms="415" status="PASS">
          <reporter-output>
          </reporter-output>
        </test-method> <!-- pm_LGM_Login_PhoneNumber -->
        <test-method signature="pm_LGM_Login_OTP()[pri:0, instance:generated.GeneratedApiTest@575cabf0]" started-at="2026-01-06T13:56:45 IST" name="pm_LGM_Login_OTP" finished-at="2026-01-06T13:56:45 IST" duration-ms="693" status="PASS">
          <reporter-output>
          </reporter-output>
        </test-method> <!-- pm_LGM_Login_OTP -->
        <test-method signature="pm_LGM_Login_CheckUser()[pri:0, instance:generated.GeneratedApiTest@575cabf0]" started-at="2026-01-06T13:56:45 IST" name="pm_LGM_Login_CheckUser" finished-at="2026-01-06T13:56:47 IST" duration-ms="1412" status="PASS">
          <reporter-output>
          </reporter-output>
        </test-method> <!-- pm_LGM_Login_CheckUser -->
        <test-method signature="pm_AskEPI_Login_UI()[pri:0, instance:generated.GeneratedApiTest@575cabf0]" started-at="2026-01-06T13:56:47 IST" name="pm_AskEPI_Login_UI" finished-at="2026-01-06T13:56:49 IST" duration-ms="2212" status="PASS">
          <reporter-output>
          </reporter-output>
        </test-method> <!-- pm_AskEPI_Login_UI -->
        <test-method signature="pm_AskEPI_Login_PhoneNumber()[pri:0, instance:generated.GeneratedApiTest@575cabf0]" started-at="2026-01-06T13:56:49 IST" name="pm_AskEPI_Login_PhoneNumber" finished-at="2026-01-06T13:56:51 IST" duration-ms="1460" status="PASS">
          <reporter-output>
          </reporter-output>
        </test-method> <!-- pm_AskEPI_Login_PhoneNumber -->
        <test-method signature="pm_AskEPI_Login_OTP()[pri:0, instance:generated.GeneratedApiTest@575cabf0]" started-at="2026-01-06T13:56:51 IST" name="pm_AskEPI_Login_OTP" finished-at="2026-01-06T13:56:51 IST" duration-ms="540" status="PASS">
          <reporter-output>
          </reporter-output>
        </test-method> <!-- pm_AskEPI_Login_OTP -->
        <test-method signature="pm_RiskRealm_Admin_Web_Login_UI()[pri:0, instance:generated.GeneratedApiTest@575cabf0]" started-at="2026-01-06T13:56:51 IST" name="pm_RiskRealm_Admin_Web_Login_UI" finished-at="2026-01-06T13:56:52 IST" duration-ms="893" status="PASS">
          <reporter-output>
          </reporter-output>
        </test-method> <!-- pm_RiskRealm_Admin_Web_Login_UI -->
        <test-method signature="pm_RiskRealm_Chat_Web_Login_UI()[pri:0, instance:generated.GeneratedApiTest@575cabf0]" started-at="2026-01-06T13:56:52 IST" name="pm_RiskRealm_Chat_Web_Login_UI" finished-at="2026-01-06T13:56:52 IST" duration-ms="386" status="PASS">
          <reporter-output>
          </reporter-output>
        </test-method> <!-- pm_RiskRealm_Chat_Web_Login_UI -->
        <test-method signature="pm_RiskRealm_Login_Number()[pri:0, instance:generated.GeneratedApiTest@575cabf0]" started-at="2026-01-06T13:56:52 IST" name="pm_RiskRealm_Login_Number" finished-at="2026-01-06T13:56:53 IST" duration-ms="373" status="PASS">
          <reporter-output>
          </reporter-output>
        </test-method> <!-- pm_RiskRealm_Login_Number -->
        <test-method signature="pm_RiskRealm_Login_OTP()[pri:0, instance:generated.GeneratedApiTest@575cabf0]" started-at="2026-01-06T13:56:53 IST" name="pm_RiskRealm_Login_OTP" finished-at="2026-01-06T13:56:53 IST" duration-ms="579" status="PASS">
          <reporter-output>
          </reporter-output>
        </test-method> <!-- pm_RiskRealm_Login_OTP -->
        <test-method signature="pm_AutoeVantage_eCommerce_Web_UI()[pri:0, instance:generated.GeneratedApiTest@575cabf0]" started-at="2026-01-06T13:56:53 IST" name="pm_AutoeVantage_eCommerce_Web_UI" finished-at="2026-01-06T13:56:54 IST" duration-ms="775" status="PASS">
          <reporter-output>
          </reporter-output>
        </test-method> <!-- pm_AutoeVantage_eCommerce_Web_UI -->
        <test-method signature="pm_AutoeVantage_eCommerce_Login_PhoneNumber()[pri:0, instance:generated.GeneratedApiTest@575cabf0]" started-at="2026-01-06T13:56:54 IST" name="pm_AutoeVantage_eCommerce_Login_PhoneNumber" finished-at="2026-01-06T13:56:54 IST" duration-ms="354" status="PASS">
          <reporter-output>
          </reporter-output>
        </test-method> <!-- pm_AutoeVantage_eCommerce_Login_PhoneNumber -->
        <test-method signature="pm_AutoeVantage_eCommerce_Login_OTP()[pri:0, instance:generated.GeneratedApiTest@575cabf0]" started-at="2026-01-06T13:56:54 IST" name="pm_AutoeVantage_eCommerce_Login_OTP" finished-at="2026-01-06T13:56:55 IST" duration-ms="556" status="PASS">
          <reporter-output>
          </reporter-output>
        </test-method> <!-- pm_AutoeVantage_eCommerce_Login_OTP -->
        <test-method signature="pm_AutoeVantage_eCommerce_Login()[pri:0, instance:generated.GeneratedApiTest@575cabf0]" started-at="2026-01-06T13:56:55 IST" name="pm_AutoeVantage_eCommerce_Login" finished-at="2026-01-06T13:56:55 IST" duration-ms="345" status="PASS">
          <reporter-output>
          </reporter-output>
        </test-method> <!-- pm_AutoeVantage_eCommerce_Login -->
        <test-method signature="pm_AutoeVantage_Tools_Web_UI()[pri:0, instance:generated.GeneratedApiTest@575cabf0]" started-at="2026-01-06T13:56:55 IST" name="pm_AutoeVantage_Tools_Web_UI" finished-at="2026-01-06T13:56:56 IST" duration-ms="311" status="PASS">
          <reporter-output>
          </reporter-output>
        </test-method> <!-- pm_AutoeVantage_Tools_Web_UI -->
        <test-method signature="pm_AutoeVantage_Tools_Login_PhoneNumber()[pri:0, instance:generated.GeneratedApiTest@575cabf0]" started-at="2026-01-06T13:56:56 IST" name="pm_AutoeVantage_Tools_Login_PhoneNumber" finished-at="2026-01-06T13:56:56 IST" duration-ms="347" status="PASS">
          <reporter-output>
          </reporter-output>
        </test-method> <!-- pm_AutoeVantage_Tools_Login_PhoneNumber -->
        <test-method signature="pm_AutoeVantage_Tools_Login_OTP()[pri:0, instance:generated.GeneratedApiTest@575cabf0]" started-at="2026-01-06T13:56:56 IST" name="pm_AutoeVantage_Tools_Login_OTP" finished-at="2026-01-06T13:56:57 IST" duration-ms="753" status="PASS">
          <reporter-output>
          </reporter-output>
        </test-method> <!-- pm_AutoeVantage_Tools_Login_OTP -->
        <test-method signature="pm_AutoeVantage_Tools_Login()[pri:0, instance:generated.GeneratedApiTest@575cabf0]" started-at="2026-01-06T13:56:57 IST" name="pm_AutoeVantage_Tools_Login" finished-at="2026-01-06T13:56:57 IST" duration-ms="321" status="PASS">
          <reporter-output>
          </reporter-output>
        </test-method> <!-- pm_AutoeVantage_Tools_Login -->
        <test-method signature="pm_AutoeVantage_Analytics_Web_UI()[pri:0, instance:generated.GeneratedApiTest@575cabf0]" started-at="2026-01-06T13:56:57 IST" name="pm_AutoeVantage_Analytics_Web_UI" finished-at="2026-01-06T13:56:58 IST" duration-ms="554" status="PASS">
          <reporter-output>
          </reporter-output>
        </test-method> <!-- pm_AutoeVantage_Analytics_Web_UI -->
        <test-method signature="pm_AutoeVantage_Analytics_Login_PhoneNumber()[pri:0, instance:generated.GeneratedApiTest@575cabf0]" started-at="2026-01-06T13:56:58 IST" name="pm_AutoeVantage_Analytics_Login_PhoneNumber" finished-at="2026-01-06T13:56:58 IST" duration-ms="357" status="PASS">
          <reporter-output>
          </reporter-output>
        </test-method> <!-- pm_AutoeVantage_Analytics_Login_PhoneNumber -->
        <test-method signature="pm_AutoeVantage_Analytics_Login_OTP()[pri:0, instance:generated.GeneratedApiTest@575cabf0]" started-at="2026-01-06T13:56:58 IST" name="pm_AutoeVantage_Analytics_Login_OTP" finished-at="2026-01-06T13:56:59 IST" duration-ms="658" status="PASS">
          <reporter-output>
          </reporter-output>
        </test-method> <!-- pm_AutoeVantage_Analytics_Login_OTP -->
        <test-method signature="pm_AutoeVantage_Analytics_Login()[pri:0, instance:generated.GeneratedApiTest@575cabf0]" started-at="2026-01-06T13:56:59 IST" name="pm_AutoeVantage_Analytics_Login" finished-at="2026-01-06T13:56:59 IST" duration-ms="339" status="PASS">
          <reporter-output>
          </reporter-output>
        </test-method> <!-- pm_AutoeVantage_Analytics_Login -->
        <test-method signature="pm_Metcalf_UI()[pri:0, instance:generated.GeneratedApiTest@575cabf0]" started-at="2026-01-06T13:56:59 IST" name="pm_Metcalf_UI" finished-at="2026-01-06T13:56:59 IST" duration-ms="124" status="PASS">
          <reporter-output>
          </reporter-output>
        </test-method> <!-- pm_Metcalf_UI -->
        <test-method signature="pm_Humee_Admin_Web_Login_UI()[pri:0, instance:generated.GeneratedApiTest@575cabf0]" started-at="2026-01-06T13:56:59 IST" name="pm_Humee_Admin_Web_Login_UI" finished-at="2026-01-06T13:57:00 IST" duration-ms="614" status="PASS">
          <reporter-output>
          </reporter-output>
        </test-method> <!-- pm_Humee_Admin_Web_Login_UI -->
        <test-method signature="pm_Humee_Dashboard_Web_Login_UI()[pri:0, instance:generated.GeneratedApiTest@575cabf0]" started-at="2026-01-06T13:57:00 IST" name="pm_Humee_Dashboard_Web_Login_UI" finished-at="2026-01-06T13:57:00 IST" duration-ms="349" status="PASS">
          <reporter-output>
          </reporter-output>
        </test-method> <!-- pm_Humee_Dashboard_Web_Login_UI -->
        <test-method signature="pm_Humee_Dashboard_Login_Number()[pri:0, instance:generated.GeneratedApiTest@575cabf0]" started-at="2026-01-06T13:57:00 IST" name="pm_Humee_Dashboard_Login_Number" finished-at="2026-01-06T13:57:01 IST" duration-ms="594" status="PASS">
          <reporter-output>
          </reporter-output>
        </test-method> <!-- pm_Humee_Dashboard_Login_Number -->
        <test-method signature="pm_Humee_Dashboard_Login_OTP()[pri:0, instance:generated.GeneratedApiTest@575cabf0]" started-at="2026-01-06T13:57:01 IST" name="pm_Humee_Dashboard_Login_OTP" finished-at="2026-01-06T13:57:01 IST" duration-ms="556" status="PASS">
          <reporter-output>
          </reporter-output>
        </test-method> <!-- pm_Humee_Dashboard_Login_OTP -->
        <test-method signature="pm_Humee_SuperAdmin_Login_UI()[pri:0, instance:generated.GeneratedApiTest@575cabf0]" started-at="2026-01-06T13:57:01 IST" name="pm_Humee_SuperAdmin_Login_UI" finished-at="2026-01-06T13:57:02 IST" duration-ms="834" status="PASS">
          <reporter-output>
          </reporter-output>
        </test-method> <!-- pm_Humee_SuperAdmin_Login_UI -->
        <test-method signature="pm_Humee_SuperAdmin_Login_Number()[pri:0, instance:generated.GeneratedApiTest@575cabf0]" started-at="2026-01-06T13:57:02 IST" name="pm_Humee_SuperAdmin_Login_Number" finished-at="2026-01-06T13:57:03 IST" duration-ms="753" status="PASS">
          <reporter-output>
          </reporter-output>
        </test-method> <!-- pm_Humee_SuperAdmin_Login_Number -->
        <test-method signature="pm_Humee_SuperAdmin_Login_OTP()[pri:0, instance:generated.GeneratedApiTest@575cabf0]" started-at="2026-01-06T13:57:03 IST" name="pm_Humee_SuperAdmin_Login_OTP" finished-at="2026-01-06T13:57:03 IST" duration-ms="540" status="PASS">
          <reporter-output>
          </reporter-output>
        </test-method> <!-- pm_Humee_SuperAdmin_Login_OTP -->
        <test-method signature="pm_Humee_CPA_Login_UI()[pri:0, instance:generated.GeneratedApiTest@575cabf0]" started-at="2026-01-06T13:57:03 IST" name="pm_Humee_CPA_Login_UI" finished-at="2026-01-06T13:57:04 IST" duration-ms="362" status="PASS">
          <reporter-output>
          </reporter-output>
        </test-method> <!-- pm_Humee_CPA_Login_UI -->
        <test-method signature="pm_Humee_CPA_Login_Number()[pri:0, instance:generated.GeneratedApiTest@575cabf0]" started-at="2026-01-06T13:57:04 IST" name="pm_Humee_CPA_Login_Number" finished-at="2026-01-06T13:57:04 IST" duration-ms="398" status="PASS">
          <reporter-output>
          </reporter-output>
        </test-method> <!-- pm_Humee_CPA_Login_Number -->
        <test-method signature="pm_Humee_CPA_Login_OTP()[pri:0, instance:generated.GeneratedApiTest@575cabf0]" started-at="2026-01-06T13:57:04 IST" name="pm_Humee_CPA_Login_OTP" finished-at="2026-01-06T13:57:05 IST" duration-ms="517" status="PASS">
          <reporter-output>
          </reporter-output>
        </test-method> <!-- pm_Humee_CPA_Login_OTP -->
        <test-method signature="pm_Humee_Participant_Login_UI()[pri:0, instance:generated.GeneratedApiTest@575cabf0]" started-at="2026-01-06T13:57:05 IST" name="pm_Humee_Participant_Login_UI" finished-at="2026-01-06T13:57:05 IST" duration-ms="398" status="PASS">
          <reporter-output>
          </reporter-output>
        </test-method> <!-- pm_Humee_Participant_Login_UI -->
        <test-method signature="pm_Humee_Participant_Login_Number()[pri:0, instance:generated.GeneratedApiTest@575cabf0]" started-at="2026-01-06T13:57:05 IST" name="pm_Humee_Participant_Login_Number" finished-at="2026-01-06T13:57:06 IST" duration-ms="893" status="PASS">
          <reporter-output>
          </reporter-output>
        </test-method> <!-- pm_Humee_Participant_Login_Number -->
        <test-method signature="pm_Humee_Participant_Login_OTP()[pri:0, instance:generated.GeneratedApiTest@575cabf0]" started-at="2026-01-06T13:57:06 IST" name="pm_Humee_Participant_Login_OTP" finished-at="2026-01-06T13:57:06 IST" duration-ms="537" status="PASS">
          <reporter-output>
          </reporter-output>
        </test-method> <!-- pm_Humee_Participant_Login_OTP -->
        <test-method signature="pm_ZAPAI_UI()[pri:0, instance:generated.GeneratedApiTest@575cabf0]" started-at="2026-01-06T13:57:06 IST" name="pm_ZAPAI_UI" finished-at="2026-01-06T13:57:17 IST" duration-ms="10159" status="PASS">
          <reporter-output>
          </reporter-output>
        </test-method> <!-- pm_ZAPAI_UI -->
        <test-method signature="pm_ZAPCRM_UI()[pri:0, instance:generated.GeneratedApiTest@575cabf0]" started-at="2026-01-06T13:57:17 IST" name="pm_ZAPCRM_UI" finished-at="2026-01-06T13:57:17 IST" duration-ms="413" status="PASS">
          <reporter-output>
          </reporter-output>
        </test-method> <!-- pm_ZAPCRM_UI -->
        <test-method signature="pm_Lead_ZAPCRM_UI()[pri:0, instance:generated.GeneratedApiTest@575cabf0]" started-at="2026-01-06T13:57:17 IST" name="pm_Lead_ZAPCRM_UI" finished-at="2026-01-06T13:57:18 IST" duration-ms="627" status="PASS">
          <reporter-output>
          </reporter-output>
        </test-method> <!-- pm_Lead_ZAPCRM_UI -->
        <test-method signature="pm_Secure_ZAPCRM_UI()[pri:0, instance:generated.GeneratedApiTest@575cabf0]" started-at="2026-01-06T13:57:18 IST" name="pm_Secure_ZAPCRM_UI" finished-at="2026-01-06T13:57:19 IST" duration-ms="877" status="PASS">
          <reporter-output>
          </reporter-output>
        </test-method> <!-- pm_Secure_ZAPCRM_UI -->
        <test-method signature="pm_Social_ZAPCRM_UI()[pri:0, instance:generated.GeneratedApiTest@575cabf0]" started-at="2026-01-06T13:57:19 IST" name="pm_Social_ZAPCRM_UI" finished-at="2026-01-06T13:57:19 IST" duration-ms="392" status="PASS">
          <reporter-output>
          </reporter-output>
        </test-method> <!-- pm_Social_ZAPCRM_UI -->
        <test-method signature="pm_KaiCareAi_CPTCode_Loader()[pri:0, instance:generated.GeneratedApiTest@575cabf0]" started-at="2026-01-06T13:57:19 IST" name="pm_KaiCareAi_CPTCode_Loader" finished-at="2026-01-06T13:57:20 IST" duration-ms="795" status="PASS">
          <reporter-output>
          </reporter-output>
        </test-method> <!-- pm_KaiCareAi_CPTCode_Loader -->
        <test-method signature="pm_KaiCareAi_CallRecord_Loader()[pri:0, instance:generated.GeneratedApiTest@575cabf0]" started-at="2026-01-06T13:57:20 IST" name="pm_KaiCareAi_CallRecord_Loader" finished-at="2026-01-06T13:57:20 IST" duration-ms="334" status="PASS">
          <reporter-output>
          </reporter-output>
        </test-method> <!-- pm_KaiCareAi_CallRecord_Loader -->
      </class> <!-- generated.GeneratedApiTest -->
    </test> <!-- AdHash_API_Tests -->
  </suite> <!-- AdHash_All_Projects_API_Production -->
</testng-results>
