<?xml version="1.0" encoding="UTF-8"?>
<testsuite xmlns:xsi="http://www.w3.org/2001/XMLSchema-instance" xsi:noNamespaceSchemaLocation="https://maven.apache.org/surefire/maven-surefire-plugin/xsd/surefire-test-report-3.0.xsd" version="3.0" name="TestSuite" time="38.902" tests="60" errors="0" skipped="0" failures="1">
  <properties>
[...]
</properties>
  <testcase name="pm_AdHash_Website" classname="generated.GeneratedApiTest" time="0.919">
    <system-out><![CDATA[Setting up API test environment...
]]></system-out>
    <system-err><![CDATA[SLF4J: No SLF4J providers were found.
SLF4J: Defaulting to no-operation (NOP) logger implementation
SLF4J: See https://www.slf4j.org/codes.html#noProviders for further details.
SLF4J: Class path contains SLF4J bindings targeting slf4j-api versions 1.7.x or earlier.
SLF4J: Ignoring binding found at [jar:file:/C:/Users/Adhash%20Tech/.m2/repository/org/slf4j/slf4j-simple/1.7.36/slf4j-simple-1.7.36.jar!/org/slf4j/impl/StaticLoggerBinder.class]
SLF4J: See https://www.slf4j.org/codes.html#ignoredBindings for an explanation.
]]></system-err>
  </testcase>
  <testcase name="pm_AutoChecker_Login_UI" classname="generated.GeneratedApiTest" time="1.106">
    <system-out><![CDATA[✅ PASSED: pm_AdHash_Website
]]></system-out>
  </testcase>
  <testcase name="pm_AutoChecker_Admin_Login" classname="generated.GeneratedApiTest" time="1.119">
    <system-out><![CDATA[✅ PASSED: pm_AutoChecker_Login_UI
]]></system-out>
  </testcase>
  <testcase name="pm_AutoChecker_App_Login" classname="generated.GeneratedApiTest" time="1.105">
    <system-out><![CDATA[✅ PASSED: pm_AutoChecker_Admin_Login
]]></system-out>
  </testcase>
  <testcase name="pm_MHAI_Doctor_SuperAdmin_Login_UI" classname="generated.GeneratedApiTest" time="1.028">
    <system-out><![CDATA[✅ PASSED: pm_AutoChecker_App_Login
]]></system-out>
  </testcase>
  <testcase name="pm_MHAI_Doctor_SuperAdmin_Login" classname="generated.GeneratedApiTest" time="0.262">
    <system-out><![CDATA[✅ PASSED: pm_MHAI_Doctor_SuperAdmin_Login_UI
]]></system-out>
  </testcase>
  <testcase name="pm_MHAI_Doctor_Login_UI" classname="generated.GeneratedApiTest" time="1.1">
    <system-out><![CDATA[✅ PASSED: pm_MHAI_Doctor_SuperAdmin_Login
]]></system-out>
  </testcase>
  <testcase name="pm_MHAI_Doctor_Login" classname="generated.GeneratedApiTest" time="0.279">
    <system-out><![CDATA[✅ PASSED: pm_MHAI_Doctor_Login_UI
]]></system-out>
  </testcase>
  <testcase name="pm_KCAI_Doctor_SuperAdmin_Login_UI" classname="generated.GeneratedApiTest" time="0.594">
    <system-out><![CDATA[✅ PASSED: pm_MHAI_Doctor_Login
]]></system-out>
  </testcase>
  <testcase name="pm_KCAI_Doctor_SuperAdmin_Login" classname="generated.GeneratedApiTest" time="0.564">
    <system-out><![CDATA[✅ PASSED: pm_KCAI_Doctor_SuperAdmin_Login_UI
]]></system-out>
  </testcase>
  <testcase name="pm_KCAI_Doctor_Login_UI" classname="generated.GeneratedApiTest" time="0.55">
    <system-out><![CDATA[✅ PASSED: pm_KCAI_Doctor_SuperAdmin_Login
]]></system-out>
  </testcase>
  <testcase name="pm_KCAI_Doctor_Login" classname="generated.GeneratedApiTest" time="0.497">
    <system-out><![CDATA[✅ PASSED: pm_KCAI_Doctor_Login_UI
]]></system-out>
  </testcase>
  <testcase name="pm_MHCRM_SuperAdmin_Login_UI" classname="generated.GeneratedApiTest" time="1.089">
    <system-out><![CDATA[✅ PASSED: pm_KCAI_Doctor_Login
]]></system-out>
  </testcase>
  <testcase name="pm_MHCRM_SuperAdmin_Login" classname="generated.GeneratedApiTest" time="1.094">
    <system-out><![CDATA[✅ PASSED: pm_MHCRM_SuperAdmin_Login_UI
]]></system-out>
  </testcase>
  <testcase name="pm_MHCRM_Admin_Login" classname="generated.GeneratedApiTest" time="0.293">
    <system-out><![CDATA[✅ PASSED: pm_MHCRM_SuperAdmin_Login
]]></system-out>
  </testcase>
  <testcase name="pm_MHCCM_SuperAdmin_Login_UI" classname="generated.GeneratedApiTest" time="1.097">
    <system-out><![CDATA[✅ PASSED: pm_MHCRM_Admin_Login
]]></system-out>
  </testcase>
  <testcase name="pm_MHCCM_SuperAdmin_Login" classname="generated.GeneratedApiTest" time="0.297">
    <system-out><![CDATA[✅ PASSED: pm_MHCCM_SuperAdmin_Login_UI
]]></system-out>
  </testcase>
  <testcase name="pm_MHCCM_CPA_Login_UI" classname="generated.GeneratedApiTest" time="1.096">
    <system-out><![CDATA[✅ PASSED: pm_MHCCM_SuperAdmin_Login
]]></system-out>
  </testcase>
  <testcase name="pm_MHCCM_CPA_Login" classname="generated.GeneratedApiTest" time="0.313">
    <system-out><![CDATA[✅ PASSED: pm_MHCCM_CPA_Login_UI
]]></system-out>
  </testcase>
  <testcase name="pm_MHCCM_PAR_Login_UI" classname="generated.GeneratedApiTest" time="1.044">
    <system-out><![CDATA[✅ PASSED: pm_MHCCM_CPA_Login
]]></system-out>
  </testcase>
  <testcase name="pm_MHCCM_PAR_Login" classname="generated.GeneratedApiTest" time="0.31">
    <system-out><![CDATA[✅ PASSED: pm_MHCCM_PAR_Login_UI
]]></system-out>
  </testcase>
  <testcase name="pm_MHCCM_Form_UI" classname="generated.GeneratedApiTest" time="1.05">
    <system-out><![CDATA[✅ PASSED: pm_MHCCM_PAR_Login
]]></system-out>
  </testcase>
  <testcase name="pm_MHCCM_PAR_CRM_Login_UI" classname="generated.GeneratedApiTest" time="1.094">
    <system-out><![CDATA[✅ PASSED: pm_MHCCM_Form_UI
]]></system-out>
  </testcase>
  <testcase name="pm_MHCCM_PAR_CRM_Login" classname="generated.GeneratedApiTest" time="1.317">
    <system-out><![CDATA[✅ PASSED: pm_MHCCM_PAR_CRM_Login_UI
]]></system-out>
  </testcase>
  <testcase name="pm_MHRTM_SuperAdmin_Login_UI" classname="generated.GeneratedApiTest" time="0.117">
    <system-out><![CDATA[✅ PASSED: pm_MHCCM_PAR_CRM_Login
]]></system-out>
  </testcase>
  <testcase name="pm_MHRTM_SuperAdmin_Login" classname="generated.GeneratedApiTest" time="0.571">
    <system-out><![CDATA[✅ PASSED: pm_MHRTM_SuperAdmin_Login_UI
]]></system-out>
  </testcase>
  <testcase name="pm_MHRTM_CPA_Login_UI" classname="generated.GeneratedApiTest" time="0.598">
    <system-out><![CDATA[✅ PASSED: pm_MHRTM_SuperAdmin_Login
]]></system-out>
  </testcase>
  <testcase name="pm_MHRTM_CPA_Login" classname="generated.GeneratedApiTest" time="0.488">
    <system-out><![CDATA[✅ PASSED: pm_MHRTM_CPA_Login_UI
]]></system-out>
  </testcase>
  <testcase name="pm_MHRTM_Participant_Login_UI" classname="generated.GeneratedApiTest" time="0.588">
    <system-out><![CDATA[✅ PASSED: pm_MHRTM_CPA_Login
]]></system-out>
  </testcase>
  <testcase name="pm_MHRTM_Participant_Login" classname="generated.GeneratedApiTest" time="0.264">
    <system-out><![CDATA[✅ PASSED: pm_MHRTM_Participant_Login_UI
]]></system-out>
  </testcase>
  <testcase name="pm_MHAI_Patient_App_Login" classname="generated.GeneratedApiTest" time="1.352">
    <system-out><![CDATA[✅ PASSED: pm_MHRTM_Participant_Login
]]></system-out>
  </testcase>
  <testcase name="pm_KCAI_Patient_App_Login" classname="generated.GeneratedApiTest" time="0.813">
    <system-out><![CDATA[✅ PASSED: pm_MHAI_Patient_App_Login
]]></system-out>
  </testcase>
  <testcase name="pm_Wavedin_App_Login" classname="generated.GeneratedApiTest" time="1.126">
    <system-out><![CDATA[✅ PASSED: pm_KCAI_Patient_App_Login
]]></system-out>
  </testcase>
  <testcase name="pm_Sparkme_App_Login" classname="generated.GeneratedApiTest" time="0.244">
    <system-out><![CDATA[✅ PASSED: pm_Wavedin_App_Login
]]></system-out>
  </testcase>
  <testcase name="pm_WavedIn_SuperAdmin_Login_UI" classname="generated.GeneratedApiTest" time="0.927">
    <system-out><![CDATA[✅ PASSED: pm_Sparkme_App_Login
]]></system-out>
  </testcase>
  <testcase name="pm_WavedIn_Market_Web" classname="generated.GeneratedApiTest" time="0.9">
    <system-out><![CDATA[✅ PASSED: pm_WavedIn_SuperAdmin_Login_UI
]]></system-out>
  </testcase>
  <testcase name="pm_Sparkme_Web_Login_UI" classname="generated.GeneratedApiTest" time="0.115">
    <system-out><![CDATA[✅ PASSED: pm_WavedIn_Market_Web
]]></system-out>
  </testcase>
  <testcase name="pm_Sparkme_Web_Login" classname="generated.GeneratedApiTest" time="0.057">
    <system-out><![CDATA[✅ PASSED: pm_Sparkme_Web_Login_UI
]]></system-out>
  </testcase>
  <testcase name="pm_Algomax_ProSky_Web_Login_UI" classname="generated.GeneratedApiTest" time="0.194">
    <system-out><![CDATA[✅ PASSED: pm_Sparkme_Web_Login
]]></system-out>
  </testcase>
  <testcase name="pm_Algomax_GoPocket_Web_Login_UI" classname="generated.GeneratedApiTest" time="0.179">
    <system-out><![CDATA[✅ PASSED: pm_Algomax_ProSky_Web_Login_UI
]]></system-out>
  </testcase>
  <testcase name="pm_LGM_Login_UI" classname="generated.GeneratedApiTest" time="0.981">
    <system-out><![CDATA[✅ PASSED: pm_Algomax_GoPocket_Web_Login_UI
]]></system-out>
  </testcase>
  <testcase name="pm_LGM_Login_PhoneNumber" classname="generated.GeneratedApiTest" time="0.374">
    <system-out><![CDATA[✅ PASSED: pm_LGM_Login_UI
]]></system-out>
  </testcase>
  <testcase name="pm_LGM_Login_OTP" classname="generated.GeneratedApiTest" time="0.66">
    <system-out><![CDATA[✅ PASSED: pm_LGM_Login_PhoneNumber
]]></system-out>
  </testcase>
  <testcase name="pm_AskEPI_Login_UI" classname="generated.GeneratedApiTest" time="1.144">
    <system-out><![CDATA[✅ PASSED: pm_LGM_Login_OTP
]]></system-out>
  </testcase>
  <testcase name="pm_AskEPI_Login_PhoneNumber" classname="generated.GeneratedApiTest" time="0.476">
    <failure message="HTTP POST request failed: PKIX path building failed: sun.security.provider.certpath.SunCertPathBuilderException: unable to find valid certification path to requested target" type="java.lang.RuntimeException"><![CDATA[java.lang.RuntimeException: HTTP POST request failed: PKIX path building failed: sun.security.provider.certpath.SunCertPathBuilderException: unable to find valid certification path to requested target
	at utils.HttpClient.post(HttpClient.java:68)
	at generated.GeneratedApiTest.pm_AskEPI_Login_PhoneNumber(GeneratedApiTest.java:321)
	at java.base/jdk.internal.reflect.DirectMethodHandleAccessor.invoke(DirectMethodHandleAccessor.java:103)
	at java.base/java.lang.reflect.Method.invoke(Method.java:580)
	at org.testng.internal.MethodInvocationHelper.invokeMethod(MethodInvocationHelper.java:133)
	at org.testng.internal.TestInvoker.invokeMethod(TestInvoker.java:598)
	at org.testng.internal.TestInvoker.invokeTestMethod(TestInvoker.java:173)
	at org.testng.internal.MethodRunner.runInSequence(MethodRunner.java:46)
	at org.testng.internal.TestInvoker$MethodInvocationAgent.invoke(TestInvoker.java:824)
	at org.testng.internal.TestInvoker.invokeTestMethods(TestInvoker.java:146)
	at org.testng.internal.TestMethodWorker.invokeTestMethods(TestMethodWorker.java:146)
	at org.testng.internal.TestMethodWorker.run(TestMethodWorker.java:128)
	at java.base/java.util.ArrayList.forEach(ArrayList.java:1596)
	at org.testng.TestRunner.privateRun(TestRunner.java:794)
	at org.testng.TestRunner.run(TestRunner.java:596)
	at org.testng.SuiteRunner.runTest(SuiteRunner.java:377)
	at org.testng.SuiteRunner.runSequentially(SuiteRunner.java:371)
	at org.testng.SuiteRunner.privateRun(SuiteRunner.java:332)
	at org.testng.SuiteRunner.run(SuiteRunner.java:276)
	at org.testng.SuiteRunnerWorker.runSuite(SuiteRunnerWorker.java:53)
	at org.testng.SuiteRunnerWorker.run(SuiteRunnerWorker.java:96)
	at org.testng.TestNG.runSuitesSequentially(TestNG.java:1212)
	at org.testng.TestNG.runSuitesLocally(TestNG.java:1134)
	at org.testng.TestNG.runSuites(TestNG.java:1063)
	at org.testng.TestNG.run(TestNG.java:1031)
	at org.apache.maven.surefire.testng.TestNGExecutor.run(TestNGExecutor.java:308)
	at org.apache.maven.surefire.testng.TestNGXmlTestSuite.execute(TestNGXmlTestSuite.java:71)
	at org.apache.maven.surefire.testng.TestNGProvider.invoke(TestNGProvider.java:113)
	at org.apache.maven.surefire.booter.ForkedBooter.runSuitesInProcess(ForkedBooter.java:385)
	at org.apache.maven.surefire.booter.ForkedBooter.execute(ForkedBooter.java:162)
	at org.apache.maven.surefire.booter.ForkedBooter.run(ForkedBooter.java:507)
	at org.apache.maven.surefire.booter.ForkedBooter.main(ForkedBooter.java:495)
Caused by: javax.net.ssl.SSLHandshakeException: PKIX path building failed: sun.security.provider.certpath.SunCertPathBuilderException: unable to find valid certification path to requested target
	at java.base/sun.security.ssl.Alert.createSSLException(Alert.java:130)
	at java.base/sun.security.ssl.TransportContext.fatal(TransportContext.java:383)
	at java.base/sun.security.ssl.TransportContext.fatal(TransportContext.java:326)
	at java.base/sun.security.ssl.TransportContext.fatal(TransportContext.java:321)
	at java.base/sun.security.ssl.CertificateMessage$T12CertificateConsumer.checkServerCerts(CertificateMessage.java:647)
	at java.base/sun.security.ssl.CertificateMessage$T12CertificateConsumer.onCertificate(CertificateMessage.java:467)
	at java.base/sun.security.ssl.CertificateMessage$T12CertificateConsumer.consume(CertificateMessage.java:363)
	at java.base/sun.security.ssl.SSLHandshake.consume(SSLHandshake.java:393)
	at java.base/sun.security.ssl.HandshakeContext.dispatch(HandshakeContext.java:476)
	at java.base/sun.security.ssl.HandshakeContext.dispatch(HandshakeContext.java:447)
	at java.base/sun.security.ssl.TransportContext.dispatch(TransportContext.java:206)
	at java.base/sun.security.ssl.SSLTransport.decode(SSLTransport.java:172)
	at java.base/sun.security.ssl.SSLSocketImpl.decode(SSLSocketImpl.java:1506)
	at java.base/sun.security.ssl.SSLSocketImpl.readHandshakeRecord(SSLSocketImpl.java:1421)
	at java.base/sun.security.ssl.SSLSocketImpl.startHandshake(SSLSocketImpl.java:455)
	at java.base/sun.security.ssl.SSLSocketImpl.startHandshake(SSLSocketImpl.java:426)
	at org.apache.http.conn.ssl.SSLConnectionSocketFactory.createLayeredSocket(SSLConnectionSocketFactory.java:436)
	at org.apache.http.conn.ssl.SSLConnectionSocketFactory.connectSocket(SSLConnectionSocketFactory.java:384)
	at org.apache.http.impl.conn.DefaultHttpClientConnectionOperator.connect(DefaultHttpClientConnectionOperator.java:142)
	at org.apache.http.impl.conn.PoolingHttpClientConnectionManager.connect(PoolingHttpClientConnectionManager.java:376)
	at org.apache.http.impl.execchain.MainClientExec.establishRoute(MainClientExec.java:393)
	at org.apache.http.impl.execchain.MainClientExec.execute(MainClientExec.java:236)
	at org.apache.http.impl.execchain.ProtocolExec.execute(ProtocolExec.java:186)
	at org.apache.http.impl.execchain.RetryExec.execute(RetryExec.java:89)
	at org.apache.http.impl.execchain.RedirectExec.execute(RedirectExec.java:110)
	at org.apache.http.impl.client.InternalHttpClient.doExecute(InternalHttpClient.java:185)
	at org.apache.http.impl.client.CloseableHttpClient.execute(CloseableHttpClient.java:83)
	at org.apache.http.impl.client.CloseableHttpClient.execute(CloseableHttpClient.java:108)
	at utils.HttpClient.post(HttpClient.java:57)
	... 31 more
Caused by: sun.security.validator.ValidatorException: PKIX path building failed: sun.security.provider.certpath.SunCertPathBuilderException: unable to find valid certification path to requested target
	at java.base/sun.security.validator.PKIXValidator.doBuild(PKIXValidator.java:388)
	at java.base/sun.security.validator.PKIXValidator.engineValidate(PKIXValidator.java:271)
	at java.base/sun.security.validator.Validator.validate(Validator.java:256)
	at java.base/sun.security.ssl.X509TrustManagerImpl.checkTrusted(X509TrustManagerImpl.java:230)
	at java.base/sun.security.ssl.X509TrustManagerImpl.checkServerTrusted(X509TrustManagerImpl.java:132)
	at java.base/sun.security.ssl.CertificateMessage$T12CertificateConsumer.checkServerCerts(CertificateMessage.java:631)
	... 55 more
Caused by: sun.security.provider.certpath.SunCertPathBuilderException: unable to find valid certification path to requested target
	at java.base/sun.security.provider.certpath.SunCertPathBuilder.build(SunCertPathBuilder.java:148)
	at java.base/sun.security.provider.certpath.SunCertPathBuilder.engineBuild(SunCertPathBuilder.java:129)
	at java.base/java.security.cert.CertPathBuilder.build(CertPathBuilder.java:297)
	at java.base/sun.security.validator.PKIXValidator.doBuild(PKIXValidator.java:383)
	... 60 more
]]></failure>
    <system-out><![CDATA[✅ PASSED: pm_AskEPI_Login_UI
]]></system-out>
  </testcase>
  <testcase name="pm_AskEPI_Login_OTP" classname="generated.GeneratedApiTest" time="0.783">
    <system-out><![CDATA[❌ FAILED: pm_AskEPI_Login_PhoneNumber
   Error: HTTP POST request failed: PKIX path building failed: sun.security.provider.certpath.SunCertPathBuilderException: unable to find valid certification path to requested target
]]></system-out>
  </testcase>
  <testcase name="pm_RiskRealm_Admin_Web_Login_UI" classname="generated.GeneratedApiTest" time="0.711">
    <system-out><![CDATA[✅ PASSED: pm_AskEPI_Login_OTP
]]></system-out>
  </testcase>
  <testcase name="pm_RiskRealm_Chat_Web_Login_UI" classname="generated.GeneratedApiTest" time="0.282">
    <system-out><![CDATA[✅ PASSED: pm_RiskRealm_Admin_Web_Login_UI
]]></system-out>
  </testcase>
  <testcase name="pm_RiskRealm_Login_Number" classname="generated.GeneratedApiTest" time="0.271">
    <system-out><![CDATA[✅ PASSED: pm_RiskRealm_Chat_Web_Login_UI
]]></system-out>
  </testcase>
  <testcase name="pm_RiskRealm_Login_OTP" classname="generated.GeneratedApiTest" time="0.675">
    <system-out><![CDATA[✅ PASSED: pm_RiskRealm_Login_Number
]]></system-out>
  </testcase>
  <testcase name="pm_AutoeVantage_eCommerce_Web_UI" classname="generated.GeneratedApiTest" time="0.8">
    <system-out><![CDATA[✅ PASSED: pm_RiskRealm_Login_OTP
]]></system-out>
  </testcase>
  <testcase name="pm_AutoeVantage_eCommerce_Login_PhoneNumber" classname="generated.GeneratedApiTest" time="0.297">
    <system-out><![CDATA[✅ PASSED: pm_AutoeVantage_eCommerce_Web_UI
]]></system-out>
  </testcase>
  <testcase name="pm_AutoeVantage_eCommerce_Login_OTP" classname="generated.GeneratedApiTest" time="0.501">
    <system-out><![CDATA[✅ PASSED: pm_AutoeVantage_eCommerce_Login_PhoneNumber
]]></system-out>
  </testcase>
  <testcase name="pm_AutoeVantage_Tools_Web_UI" classname="generated.GeneratedApiTest" time="0.312">
    <system-out><![CDATA[✅ PASSED: pm_AutoeVantage_eCommerce_Login_OTP
]]></system-out>
  </testcase>
  <testcase name="pm_AutoeVantage_Tools_Login_PhoneNumber" classname="generated.GeneratedApiTest" time="0.293">
    <system-out><![CDATA[✅ PASSED: pm_AutoeVantage_Tools_Web_UI
]]></system-out>
  </testcase>
  <testcase name="pm_AutoeVantage_Tools_Login_OTP" classname="generated.GeneratedApiTest" time="0.382">
    <system-out><![CDATA[✅ PASSED: pm_AutoeVantage_Tools_Login_PhoneNumber
]]></system-out>
  </testcase>
  <testcase name="pm_AutoeVantage_Analytics_Web_UI" classname="generated.GeneratedApiTest" time="0.509">
    <system-out><![CDATA[✅ PASSED: pm_AutoeVantage_Tools_Login_OTP
]]></system-out>
  </testcase>
  <testcase name="pm_AutoeVantage_Analytics_Login_PhoneNumber" classname="generated.GeneratedApiTest" time="0.335">
    <system-out><![CDATA[✅ PASSED: pm_AutoeVantage_Analytics_Web_UI
]]></system-out>
  </testcase>
  <testcase name="pm_AutoeVantage_Analytics_Login_OTP" classname="generated.GeneratedApiTest" time="0.387">
    <system-out><![CDATA[✅ PASSED: pm_AutoeVantage_Analytics_Login_PhoneNumber
]]></system-out>
  </testcase>
  <testcase name="pm_Metcalf_UI" classname="generated.GeneratedApiTest" time="0.049">
    <system-out><![CDATA[✅ PASSED: pm_AutoeVantage_Analytics_Login_OTP
]]></system-out>
  </testcase>
</testsuite>