<?xml version="1.0" encoding="UTF-8"?>
<testsuite xmlns:xsi="http://www.w3.org/2001/XMLSchema-instance" xsi:noNamespaceSchemaLocation="https://maven.apache.org/surefire/maven-surefire-plugin/xsd/surefire-test-report-3.0.xsd" version="3.0" name="generated.GeneratedApiTest" time="63.651" tests="79" errors="0" skipped="0" failures="0">
  <properties>
[...]
</properties>
  <testcase name="pm_AdHash_Website" classname="generated.GeneratedApiTest" time="0.679">
    <system-out><![CDATA[Setting up API test environment...
]]></system-out>
    <system-err><![CDATA[SLF4J: No SLF4J providers were found.
SLF4J: Defaulting to no-operation (NOP) logger implementation
SLF4J: See https://www.slf4j.org/codes.html#noProviders for further details.
]]></system-err>
  </testcase>
  <testcase name="pm_Algomax_GoPocket_Web_Login_UI" classname="generated.GeneratedApiTest" time="0.316"/>
  <testcase name="pm_Algomax_ProSky_Web_Login_UI" classname="generated.GeneratedApiTest" time="0.261"/>
  <testcase name="pm_AskEPI_Login_OTP" classname="generated.GeneratedApiTest" time="0.613"/>
  <testcase name="pm_AskEPI_Login_PhoneNumber" classname="generated.GeneratedApiTest" time="1.416"/>
  <testcase name="pm_AskEPI_Login_UI" classname="generated.GeneratedApiTest" time="2.288"/>
  <testcase name="pm_AutoChecker_Admin_Login" classname="generated.GeneratedApiTest" time="1.57"/>
  <testcase name="pm_AutoChecker_App_Login" classname="generated.GeneratedApiTest" time="1.584"/>
  <testcase name="pm_AutoChecker_Login_UI" classname="generated.GeneratedApiTest" time="1.581"/>
  <testcase name="pm_AutoeVantage_Analytics_Login" classname="generated.GeneratedApiTest" time="0.752"/>
  <testcase name="pm_AutoeVantage_Analytics_Login_OTP" classname="generated.GeneratedApiTest" time="0.68"/>
  <testcase name="pm_AutoeVantage_Analytics_Login_PhoneNumber" classname="generated.GeneratedApiTest" time="0.356"/>
  <testcase name="pm_AutoeVantage_Analytics_Web_UI" classname="generated.GeneratedApiTest" time="0.589"/>
  <testcase name="pm_AutoeVantage_Tools_Login" classname="generated.GeneratedApiTest" time="0.287"/>
  <testcase name="pm_AutoeVantage_Tools_Login_OTP" classname="generated.GeneratedApiTest" time="0.744"/>
  <testcase name="pm_AutoeVantage_Tools_Login_PhoneNumber" classname="generated.GeneratedApiTest" time="0.376"/>
  <testcase name="pm_AutoeVantage_Tools_Web_UI" classname="generated.GeneratedApiTest" time="0.359"/>
  <testcase name="pm_AutoeVantage_eCommerce_Login" classname="generated.GeneratedApiTest" time="0.289"/>
  <testcase name="pm_AutoeVantage_eCommerce_Login_OTP" classname="generated.GeneratedApiTest" time="0.542"/>
  <testcase name="pm_AutoeVantage_eCommerce_Login_PhoneNumber" classname="generated.GeneratedApiTest" time="0.35"/>
  <testcase name="pm_AutoeVantage_eCommerce_Web_UI" classname="generated.GeneratedApiTest" time="0.528"/>
  <testcase name="pm_Humee_Admin_Web_Login_UI" classname="generated.GeneratedApiTest" time="0.548"/>
  <testcase name="pm_Humee_CPA_Login_Number" classname="generated.GeneratedApiTest" time="0.638"/>
  <testcase name="pm_Humee_CPA_Login_OTP" classname="generated.GeneratedApiTest" time="0.651"/>
  <testcase name="pm_Humee_CPA_Login_UI" classname="generated.GeneratedApiTest" time="0.568"/>
  <testcase name="pm_Humee_Dashboard_Login_Number" classname="generated.GeneratedApiTest" time="0.565"/>
  <testcase name="pm_Humee_Dashboard_Login_OTP" classname="generated.GeneratedApiTest" time="0.533"/>
  <testcase name="pm_Humee_Dashboard_Web_Login_UI" classname="generated.GeneratedApiTest" time="0.315"/>
  <testcase name="pm_Humee_Participant_Login_Number" classname="generated.GeneratedApiTest" time="0.851"/>
  <testcase name="pm_Humee_Participant_Login_OTP" classname="generated.GeneratedApiTest" time="0.677"/>
  <testcase name="pm_Humee_Participant_Login_UI" classname="generated.GeneratedApiTest" time="0.54"/>
  <testcase name="pm_Humee_SuperAdmin_Login_Number" classname="generated.GeneratedApiTest" time="0.609"/>
  <testcase name="pm_Humee_SuperAdmin_Login_OTP" classname="generated.GeneratedApiTest" time="0.643"/>
  <testcase name="pm_Humee_SuperAdmin_Login_UI" classname="generated.GeneratedApiTest" time="0.316"/>
  <testcase name="pm_KCAI_Doctor_Login" classname="generated.GeneratedApiTest" time="0.73"/>
  <testcase name="pm_KCAI_Doctor_Login_UI" classname="generated.GeneratedApiTest" time="0.682"/>
  <testcase name="pm_KCAI_Doctor_SuperAdmin_Login" classname="generated.GeneratedApiTest" time="0.32"/>
  <testcase name="pm_KCAI_Doctor_SuperAdmin_Login_UI" classname="generated.GeneratedApiTest" time="0.609"/>
  <testcase name="pm_KCAI_Patient_App_Login" classname="generated.GeneratedApiTest" time="0.739"/>
  <testcase name="pm_KaiCareAi_CPTCode_Loader" classname="generated.GeneratedApiTest" time="0.472"/>
  <testcase name="pm_KaiCareAi_CallRecord_Loader" classname="generated.GeneratedApiTest" time="0.557"/>
  <testcase name="pm_LGM_Login_CheckUser" classname="generated.GeneratedApiTest" time="1.432"/>
  <testcase name="pm_LGM_Login_OTP" classname="generated.GeneratedApiTest" time="0.568"/>
  <testcase name="pm_LGM_Login_PhoneNumber" classname="generated.GeneratedApiTest" time="0.386"/>
  <testcase name="pm_LGM_Login_UI" classname="generated.GeneratedApiTest" time="1.897"/>
  <testcase name="pm_Lead_ZAPCRM_UI" classname="generated.GeneratedApiTest" time="0.617"/>
  <testcase name="pm_MHCCM_CPA_Login" classname="generated.GeneratedApiTest" time="0.667"/>
  <testcase name="pm_MHCCM_CPA_Login_UI" classname="generated.GeneratedApiTest" time="0.632"/>
  <testcase name="pm_MHCCM_Form_UI" classname="generated.GeneratedApiTest" time="0.643"/>
  <testcase name="pm_MHCCM_PAR_CRM_Login" classname="generated.GeneratedApiTest" time="0.805"/>
  <testcase name="pm_MHCCM_PAR_CRM_Login_UI" classname="generated.GeneratedApiTest" time="0.682"/>
  <testcase name="pm_MHCCM_PAR_Login" classname="generated.GeneratedApiTest" time="0.38"/>
  <testcase name="pm_MHCCM_PAR_Login_UI" classname="generated.GeneratedApiTest" time="0.809"/>
  <testcase name="pm_MHCCM_SuperAdmin_Login" classname="generated.GeneratedApiTest" time="0.315"/>
  <testcase name="pm_MHCCM_SuperAdmin_Login_UI" classname="generated.GeneratedApiTest" time="0.713"/>
  <testcase name="pm_MHCRM_Admin_Login" classname="generated.GeneratedApiTest" time="0.678"/>
  <testcase name="pm_MHCRM_SuperAdmin_Login" classname="generated.GeneratedApiTest" time="0.399"/>
  <testcase name="pm_MHCRM_SuperAdmin_Login_UI" classname="generated.GeneratedApiTest" time="0.708"/>
  <testcase name="pm_MHRTM_CPA_Login" classname="generated.GeneratedApiTest" time="0.841"/>
  <testcase name="pm_MHRTM_CPA_Login_UI" classname="generated.GeneratedApiTest" time="0.638"/>
  <testcase name="pm_MHRTM_Participant_Login" classname="generated.GeneratedApiTest" time="0.321"/>
  <testcase name="pm_MHRTM_Participant_Login_UI" classname="generated.GeneratedApiTest" time="0.613"/>
  <testcase name="pm_MHRTM_SuperAdmin_Login" classname="generated.GeneratedApiTest" time="0.313"/>
  <testcase name="pm_MHRTM_SuperAdmin_Login_UI" classname="generated.GeneratedApiTest" time="0.168"/>
  <testcase name="pm_Metcalf_UI" classname="generated.GeneratedApiTest" time="0.122"/>
  <testcase name="pm_RiskRealm_Admin_Web_Login_UI" classname="generated.GeneratedApiTest" time="0.78"/>
  <testcase name="pm_RiskRealm_Chat_Web_Login_UI" classname="generated.GeneratedApiTest" time="0.323"/>
  <testcase name="pm_RiskRealm_Login_Number" classname="generated.GeneratedApiTest" time="0.408"/>
  <testcase name="pm_RiskRealm_Login_OTP" classname="generated.GeneratedApiTest" time="0.59"/>
  <testcase name="pm_Secure_ZAPCRM_UI" classname="generated.GeneratedApiTest" time="1.112"/>
  <testcase name="pm_Social_ZAPCRM_UI" classname="generated.GeneratedApiTest" time="1.191"/>
  <testcase name="pm_Sparkme_App_Login" classname="generated.GeneratedApiTest" time="0.27"/>
  <testcase name="pm_Sparkme_Web_Login" classname="generated.GeneratedApiTest" time="0.122"/>
  <testcase name="pm_Sparkme_Web_Login_UI" classname="generated.GeneratedApiTest" time="0.159"/>
  <testcase name="pm_WavedIn_Market_Web" classname="generated.GeneratedApiTest" time="1.565"/>
  <testcase name="pm_WavedIn_SuperAdmin_Login_UI" classname="generated.GeneratedApiTest" time="1.537"/>
  <testcase name="pm_Wavedin_App_Login" classname="generated.GeneratedApiTest" time="1.546"/>
  <testcase name="pm_ZAPAI_UI" classname="generated.GeneratedApiTest" time="10.167"/>
  <testcase name="pm_ZAPCRM_UI" classname="generated.GeneratedApiTest" time="0.419"/>
</testsuite>