<?xml version="1.0" encoding="UTF-8"?>
<testng-results ignored="0" total="1" passed="1" failed="0" skipped="0">
  <reporter-output>
  </reporter-output>
  <suite started-at="2025-09-23T02:31:38 GMT-04:00" name="Surefire suite" finished-at="2025-09-23T02:31:41 GMT-04:00" duration-ms="3017">
    <groups>
    </groups>
    <test started-at="2025-09-23T02:31:38 GMT-04:00" name="Surefire test" finished-at="2025-09-23T02:31:41 GMT-04:00" duration-ms="3017">
      <class name="generated.GeneratedApiTest">
        <test-method is-config="true" signature="setup()[pri:0, instance:generated.GeneratedApiTest@5119fb47]" started-at="2025-09-23T02:31:38 GMT-04:00" name="setup" finished-at="2025-09-23T02:31:39 GMT-04:00" duration-ms="693" status="PASS">
          <reporter-output>
          </reporter-output>
        </test-method> <!-- setup -->
        <test-method signature="pm_AdHash_Website()[pri:0, instance:generated.GeneratedApiTest@5119fb47]" started-at="2025-09-23T02:31:39 GMT-04:00" name="pm_AdHash_Website" finished-at="2025-09-23T02:31:41 GMT-04:00" duration-ms="2272" status="PASS">
          <reporter-output>
          </reporter-output>
        </test-method> <!-- pm_AdHash_Website -->
      </class> <!-- generated.GeneratedApiTest -->
    </test> <!-- Surefire test -->
  </suite> <!-- Surefire suite -->
</testng-results>
