<?xml version="1.0" encoding="UTF-8"?>
<!-- Generated by org.testng.reporters.JUnitReportReporter -->
<testsuite hostname="Thenilavan" failures="0" tests="8" name="AES.AESUtil" time="44.654" errors="0" timestamp="2021-06-10T15:02:51 IST" skipped="0">
  <testcase classname="AES.AESUtil" name="Login_Click" time="0.301"/>
  <system-out/>
  <testcase classname="AES.AESUtil" name="Login_Credentials" time="1.193"/>
  <system-out/>
  <testcase classname="AES.AESUtil" name="Login_ButtonClick" time="0.072"/>
  <system-out/>
  <testcase classname="AES.AESUtil" name="Product_SelectType" time="3.420"/>
  <system-out/>
  <testcase classname="AES.AESUtil" name="Product_Click" time="1.819"/>
  <system-out/>
  <testcase classname="AES.AESUtil" name="Product_AddCart" time="4.492"/>
  <system-out/>
  <testcase classname="AES.AESUtil" name="Product_RemoveCart" time="33.043"/>
  <system-out/>
  <testcase classname="AES.AESUtil" name="Logout_Click" time="0.314"/>
  <system-out/>
</testsuite> <!-- AES.AESUtil -->
