<?xml version="1.0" encoding="UTF-8"?>
<!-- Generated by org.testng.reporters.JUnitReportReporter -->
<testsuite hostname="Thenilavan-Tester" failures="0" tests="60" name="generated.GeneratedApiTest" time="41.406" errors="0" timestamp="2025-09-23T04:03:55 GMT-04:00" skipped="0">
  <testcase classname="generated.GeneratedApiTest" name="pm_MHRTM_Participant_Login" time="0.260"/>
  <system-out/>
  <testcase classname="generated.GeneratedApiTest" name="pm_KCAI_Doctor_SuperAdmin_Login_UI" time="0.630"/>
  <system-out/>
  <testcase classname="generated.GeneratedApiTest" name="pm_KCAI_Doctor_Login" time="0.496"/>
  <system-out/>
  <testcase classname="generated.GeneratedApiTest" name="pm_AutoChecker_App_Login" time="1.188"/>
  <system-out/>
  <testcase classname="generated.GeneratedApiTest" name="pm_MHAI_Doctor_Login" time="0.304"/>
  <system-out/>
  <testcase classname="generated.GeneratedApiTest" name="pm_MHCCM_PAR_CRM_Login_UI" time="1.144"/>
  <system-out/>
  <testcase classname="generated.GeneratedApiTest" name="pm_AskEPI_Login_PhoneNumber" time="1.016"/>
  <system-out/>
  <testcase classname="generated.GeneratedApiTest" name="pm_MHCCM_SuperAdmin_Login" time="0.303"/>
  <system-out/>
  <testcase classname="generated.GeneratedApiTest" name="pm_AutoeVantage_Analytics_Web_UI" time="0.487"/>
  <system-out/>
  <testcase classname="generated.GeneratedApiTest" name="pm_MHCCM_PAR_Login" time="0.324"/>
  <system-out/>
  <testcase classname="generated.GeneratedApiTest" name="pm_RiskRealm_Login_OTP" time="0.663"/>
  <system-out/>
  <testcase classname="generated.GeneratedApiTest" name="pm_LGM_Login_UI" time="0.972"/>
  <system-out/>
  <testcase classname="generated.GeneratedApiTest" name="pm_Wavedin_App_Login" time="1.210"/>
  <system-out/>
  <testcase classname="generated.GeneratedApiTest" name="pm_MHCCM_CPA_Login_UI" time="1.156"/>
  <system-out/>
  <testcase classname="generated.GeneratedApiTest" name="pm_AutoChecker_Admin_Login" time="1.173"/>
  <system-out/>
  <testcase classname="generated.GeneratedApiTest" name="pm_AutoChecker_Login_UI" time="1.276"/>
  <system-out/>
  <testcase classname="generated.GeneratedApiTest" name="pm_AdHash_Website" time="1.277"/>
  <system-out/>
  <testcase classname="generated.GeneratedApiTest" name="pm_MHCRM_Admin_Login" time="0.297"/>
  <system-out/>
  <testcase classname="generated.GeneratedApiTest" name="pm_MHRTM_SuperAdmin_Login_UI" time="0.154"/>
  <system-out/>
  <testcase classname="generated.GeneratedApiTest" name="pm_MHCCM_Form_UI" time="1.116"/>
  <system-out/>
  <testcase classname="generated.GeneratedApiTest" name="pm_MHRTM_CPA_Login_UI" time="0.617"/>
  <system-out/>
  <testcase classname="generated.GeneratedApiTest" name="pm_Algomax_GoPocket_Web_Login_UI" time="0.228"/>
  <system-out/>
  <testcase classname="generated.GeneratedApiTest" name="pm_AskEPI_Login_UI" time="1.203"/>
  <system-out/>
  <testcase classname="generated.GeneratedApiTest" name="pm_AutoeVantage_Analytics_Login_PhoneNumber" time="0.293"/>
  <system-out/>
  <testcase classname="generated.GeneratedApiTest" name="pm_MHRTM_CPA_Login" time="0.494"/>
  <system-out/>
  <testcase classname="generated.GeneratedApiTest" name="pm_MHAI_Patient_App_Login" time="1.209"/>
  <system-out/>
  <testcase classname="generated.GeneratedApiTest" name="pm_LGM_Login_OTP" time="0.743"/>
  <system-out/>
  <testcase classname="generated.GeneratedApiTest" name="pm_MHCRM_SuperAdmin_Login_UI" time="1.328"/>
  <system-out/>
  <testcase classname="generated.GeneratedApiTest" name="pm_WavedIn_Market_Web" time="0.953"/>
  <system-out/>
  <testcase classname="generated.GeneratedApiTest" name="pm_MHCRM_SuperAdmin_Login" time="1.160"/>
  <system-out/>
  <testcase classname="generated.GeneratedApiTest" name="pm_KCAI_Patient_App_Login" time="0.700"/>
  <system-out/>
  <testcase classname="generated.GeneratedApiTest" name="pm_MHCCM_PAR_Login_UI" time="1.082"/>
  <system-out/>
  <testcase classname="generated.GeneratedApiTest" name="pm_Sparkme_App_Login" time="0.388"/>
  <system-out/>
  <testcase classname="generated.GeneratedApiTest" name="pm_MHAI_Doctor_Login_UI" time="1.260"/>
  <system-out/>
  <testcase classname="generated.GeneratedApiTest" name="pm_MHRTM_Participant_Login_UI" time="0.685"/>
  <system-out/>
  <testcase classname="generated.GeneratedApiTest" name="pm_AutoeVantage_eCommerce_Login_OTP" time="0.485"/>
  <system-out/>
  <testcase classname="generated.GeneratedApiTest" name="pm_AutoeVantage_Tools_Web_UI" time="0.321"/>
  <system-out/>
  <testcase classname="generated.GeneratedApiTest" name="pm_AutoeVantage_Tools_Login_PhoneNumber" time="0.297"/>
  <system-out/>
  <testcase classname="generated.GeneratedApiTest" name="pm_AutoeVantage_Analytics_Login_OTP" time="0.381"/>
  <system-out/>
  <testcase classname="generated.GeneratedApiTest" name="pm_AutoeVantage_Tools_Login_OTP" time="0.376"/>
  <system-out/>
  <testcase classname="generated.GeneratedApiTest" name="pm_MHAI_Doctor_SuperAdmin_Login_UI" time="1.099"/>
  <system-out/>
  <testcase classname="generated.GeneratedApiTest" name="pm_AskEPI_Login_OTP" time="0.671"/>
  <system-out/>
  <testcase classname="generated.GeneratedApiTest" name="pm_WavedIn_SuperAdmin_Login_UI" time="0.949"/>
  <system-out/>
  <testcase classname="generated.GeneratedApiTest" name="pm_KCAI_Doctor_SuperAdmin_Login" time="0.699"/>
  <system-out/>
  <testcase classname="generated.GeneratedApiTest" name="pm_MHCCM_CPA_Login" time="0.328"/>
  <system-out/>
  <testcase classname="generated.GeneratedApiTest" name="pm_RiskRealm_Chat_Web_Login_UI" time="0.282"/>
  <system-out/>
  <testcase classname="generated.GeneratedApiTest" name="pm_MHAI_Doctor_SuperAdmin_Login" time="0.267"/>
  <system-out/>
  <testcase classname="generated.GeneratedApiTest" name="pm_LGM_Login_PhoneNumber" time="0.378"/>
  <system-out/>
  <testcase classname="generated.GeneratedApiTest" name="pm_MHCCM_SuperAdmin_Login_UI" time="1.166"/>
  <system-out/>
  <testcase classname="generated.GeneratedApiTest" name="pm_Sparkme_Web_Login" time="0.071"/>
  <system-out/>
  <testcase classname="generated.GeneratedApiTest" name="pm_Sparkme_Web_Login_UI" time="0.188"/>
  <system-out/>
  <testcase classname="generated.GeneratedApiTest" name="pm_Metcalf_UI" time="0.074"/>
  <system-out/>
  <testcase classname="generated.GeneratedApiTest" name="pm_MHCCM_PAR_CRM_Login" time="1.266"/>
  <system-out/>
  <testcase classname="generated.GeneratedApiTest" name="pm_AutoeVantage_eCommerce_Web_UI" time="0.748"/>
  <system-out/>
  <testcase classname="generated.GeneratedApiTest" name="pm_RiskRealm_Admin_Web_Login_UI" time="0.698"/>
  <system-out/>
  <testcase classname="generated.GeneratedApiTest" name="pm_AutoeVantage_eCommerce_Login_PhoneNumber" time="0.303"/>
  <system-out/>
  <testcase classname="generated.GeneratedApiTest" name="pm_RiskRealm_Login_Number" time="0.341"/>
  <system-out/>
  <testcase classname="generated.GeneratedApiTest" name="pm_Algomax_ProSky_Web_Login_UI" time="0.280"/>
  <system-out/>
  <testcase classname="generated.GeneratedApiTest" name="pm_MHRTM_SuperAdmin_Login" time="0.946"/>
  <system-out/>
  <testcase classname="generated.GeneratedApiTest" name="pm_KCAI_Doctor_Login_UI" time="1.003"/>
  <system-out/>
</testsuite> <!-- generated.GeneratedApiTest -->
