<?xml version="1.0" encoding="UTF-8"?>
<!-- Generated by org.testng.reporters.JUnitReportReporter -->
<testsuite hostname="Thenilavan-Tester" failures="0" tests="3" name="MyHealthAPI.AddVitals" time="5.565" errors="0" timestamp="2025-09-22T04:07:37 GMT-04:00" skipped="0">
  <testcase classname="MyHealthAPI.AddVitals" name="loginEncReq" time="0.071"/>
  <system-out/>
  <testcase classname="MyHealthAPI.AddVitals" name="loginEncRes" time="5.468"/>
  <system-out/>
  <testcase classname="MyHealthAPI.AddVitals" name="loginDecRes" time="0.026"/>
  <system-out/>
</testsuite> <!-- MyHealthAPI.AddVitals -->
