<?xml version="1.0" encoding="UTF-8"?>
<!-- Generated by org.testng.reporters.JUnitReportReporter -->
<testsuite hostname="Thenilavan-Tester" failures="0" tests="60" name="generated.GeneratedApiTest" time="45.073" errors="0" timestamp="2025-09-23T06:16:27 GMT-04:00" skipped="0">
  <testcase classname="generated.GeneratedApiTest" name="pm_AskEPI_Login_PhoneNumber" time="0.992"/>
  <system-out/>
  <testcase classname="generated.GeneratedApiTest" name="pm_MHAI_Doctor_SuperAdmin_Login" time="0.292"/>
  <system-out/>
  <testcase classname="generated.GeneratedApiTest" name="pm_AutoChecker_App_Login" time="1.165"/>
  <system-out/>
  <testcase classname="generated.GeneratedApiTest" name="pm_KCAI_Doctor_SuperAdmin_Login" time="0.756"/>
  <system-out/>
  <testcase classname="generated.GeneratedApiTest" name="pm_KCAI_Doctor_Login_UI" time="0.658"/>
  <system-out/>
  <testcase classname="generated.GeneratedApiTest" name="pm_AskEPI_Login_UI" time="1.261"/>
  <system-out/>
  <testcase classname="generated.GeneratedApiTest" name="pm_MHCCM_PAR_Login" time="0.342"/>
  <system-out/>
  <testcase classname="generated.GeneratedApiTest" name="pm_Sparkme_Web_Login_UI" time="0.186"/>
  <system-out/>
  <testcase classname="generated.GeneratedApiTest" name="pm_Algomax_ProSky_Web_Login_UI" time="0.353"/>
  <system-out/>
  <testcase classname="generated.GeneratedApiTest" name="pm_AutoeVantage_Tools_Login_PhoneNumber" time="0.311"/>
  <system-out/>
  <testcase classname="generated.GeneratedApiTest" name="pm_MHCRM_Admin_Login" time="0.317"/>
  <system-out/>
  <testcase classname="generated.GeneratedApiTest" name="pm_AdHash_Website" time="0.948"/>
  <system-out/>
  <testcase classname="generated.GeneratedApiTest" name="pm_AutoeVantage_Analytics_Login_OTP" time="0.390"/>
  <system-out/>
  <testcase classname="generated.GeneratedApiTest" name="pm_MHRTM_SuperAdmin_Login_UI" time="0.305"/>
  <system-out/>
  <testcase classname="generated.GeneratedApiTest" name="pm_AskEPI_Login_OTP" time="0.646"/>
  <system-out/>
  <testcase classname="generated.GeneratedApiTest" name="pm_Sparkme_Web_Login" time="0.072"/>
  <system-out/>
  <testcase classname="generated.GeneratedApiTest" name="pm_AutoeVantage_eCommerce_Web_UI" time="0.673"/>
  <system-out/>
  <testcase classname="generated.GeneratedApiTest" name="pm_MHCRM_SuperAdmin_Login" time="1.204"/>
  <system-out/>
  <testcase classname="generated.GeneratedApiTest" name="pm_WavedIn_Market_Web" time="0.986"/>
  <system-out/>
  <testcase classname="generated.GeneratedApiTest" name="pm_AutoeVantage_eCommerce_Login_OTP" time="0.511"/>
  <system-out/>
  <testcase classname="generated.GeneratedApiTest" name="pm_AutoeVantage_Analytics_Web_UI" time="0.504"/>
  <system-out/>
  <testcase classname="generated.GeneratedApiTest" name="pm_AutoeVantage_Analytics_Login_PhoneNumber" time="0.298"/>
  <system-out/>
  <testcase classname="generated.GeneratedApiTest" name="pm_Algomax_GoPocket_Web_Login_UI" time="0.302"/>
  <system-out/>
  <testcase classname="generated.GeneratedApiTest" name="pm_Metcalf_UI" time="0.056"/>
  <system-out/>
  <testcase classname="generated.GeneratedApiTest" name="pm_KCAI_Doctor_Login" time="0.553"/>
  <system-out/>
  <testcase classname="generated.GeneratedApiTest" name="pm_MHCCM_PAR_CRM_Login" time="1.362"/>
  <system-out/>
  <testcase classname="generated.GeneratedApiTest" name="pm_MHRTM_CPA_Login" time="0.503"/>
  <system-out/>
  <testcase classname="generated.GeneratedApiTest" name="pm_MHCCM_SuperAdmin_Login" time="0.313"/>
  <system-out/>
  <testcase classname="generated.GeneratedApiTest" name="pm_MHAI_Doctor_Login" time="0.303"/>
  <system-out/>
  <testcase classname="generated.GeneratedApiTest" name="pm_MHAI_Doctor_SuperAdmin_Login_UI" time="1.165"/>
  <system-out/>
  <testcase classname="generated.GeneratedApiTest" name="pm_MHCCM_SuperAdmin_Login_UI" time="1.163"/>
  <system-out/>
  <testcase classname="generated.GeneratedApiTest" name="pm_MHRTM_SuperAdmin_Login" time="0.771"/>
  <system-out/>
  <testcase classname="generated.GeneratedApiTest" name="pm_MHCCM_CPA_Login_UI" time="1.191"/>
  <system-out/>
  <testcase classname="generated.GeneratedApiTest" name="pm_RiskRealm_Login_Number" time="0.272"/>
  <system-out/>
  <testcase classname="generated.GeneratedApiTest" name="pm_AutoeVantage_eCommerce_Login_PhoneNumber" time="0.347"/>
  <system-out/>
  <testcase classname="generated.GeneratedApiTest" name="pm_RiskRealm_Login_OTP" time="0.803"/>
  <system-out/>
  <testcase classname="generated.GeneratedApiTest" name="pm_AutoChecker_Admin_Login" time="1.160"/>
  <system-out/>
  <testcase classname="generated.GeneratedApiTest" name="pm_LGM_Login_PhoneNumber" time="0.415"/>
  <system-out/>
  <testcase classname="generated.GeneratedApiTest" name="pm_KCAI_Doctor_SuperAdmin_Login_UI" time="0.654"/>
  <system-out/>
  <testcase classname="generated.GeneratedApiTest" name="pm_KCAI_Patient_App_Login" time="0.877"/>
  <system-out/>
  <testcase classname="generated.GeneratedApiTest" name="pm_AutoeVantage_Tools_Web_UI" time="0.326"/>
  <system-out/>
  <testcase classname="generated.GeneratedApiTest" name="pm_Wavedin_App_Login" time="1.329"/>
  <system-out/>
  <testcase classname="generated.GeneratedApiTest" name="pm_Sparkme_App_Login" time="0.307"/>
  <system-out/>
  <testcase classname="generated.GeneratedApiTest" name="pm_MHAI_Patient_App_Login" time="1.228"/>
  <system-out/>
  <testcase classname="generated.GeneratedApiTest" name="pm_MHCCM_PAR_CRM_Login_UI" time="2.839"/>
  <system-out/>
  <testcase classname="generated.GeneratedApiTest" name="pm_MHCRM_SuperAdmin_Login_UI" time="1.151"/>
  <system-out/>
  <testcase classname="generated.GeneratedApiTest" name="pm_MHCCM_Form_UI" time="1.141"/>
  <system-out/>
  <testcase classname="generated.GeneratedApiTest" name="pm_AutoChecker_Login_UI" time="1.176"/>
  <system-out/>
  <testcase classname="generated.GeneratedApiTest" name="pm_MHAI_Doctor_Login_UI" time="1.152"/>
  <system-out/>
  <testcase classname="generated.GeneratedApiTest" name="pm_LGM_Login_OTP" time="0.684"/>
  <system-out/>
  <testcase classname="generated.GeneratedApiTest" name="pm_MHRTM_Participant_Login" time="0.533"/>
  <system-out/>
  <testcase classname="generated.GeneratedApiTest" name="pm_WavedIn_SuperAdmin_Login_UI" time="0.979"/>
  <system-out/>
  <testcase classname="generated.GeneratedApiTest" name="pm_MHCCM_PAR_Login_UI" time="1.140"/>
  <system-out/>
  <testcase classname="generated.GeneratedApiTest" name="pm_AutoeVantage_Tools_Login_OTP" time="0.398"/>
  <system-out/>
  <testcase classname="generated.GeneratedApiTest" name="pm_LGM_Login_UI" time="2.437"/>
  <system-out/>
  <testcase classname="generated.GeneratedApiTest" name="pm_RiskRealm_Admin_Web_Login_UI" time="0.754"/>
  <system-out/>
  <testcase classname="generated.GeneratedApiTest" name="pm_MHRTM_CPA_Login_UI" time="0.687"/>
  <system-out/>
  <testcase classname="generated.GeneratedApiTest" name="pm_RiskRealm_Chat_Web_Login_UI" time="0.358"/>
  <system-out/>
  <testcase classname="generated.GeneratedApiTest" name="pm_MHCCM_CPA_Login" time="0.326"/>
  <system-out/>
  <testcase classname="generated.GeneratedApiTest" name="pm_MHRTM_Participant_Login_UI" time="0.748"/>
  <system-out/>
</testsuite> <!-- generated.GeneratedApiTest -->
