<?xml version="1.0" encoding="UTF-8"?>
<!-- Generated by org.testng.reporters.JUnitReportReporter -->
<testsuite hostname="Thenilavan-Tester" failures="0" tests="79" name="generated.GeneratedApiTest" time="61.229" errors="0" timestamp="2026-01-06T14:04:42 IST" skipped="0">
  <testcase classname="generated.GeneratedApiTest" name="pm_AutoeVantage_eCommerce_Login_OTP" time="0.535"/>
  <system-out/>
  <testcase classname="generated.GeneratedApiTest" name="pm_LGM_Login_PhoneNumber" time="0.422"/>
  <system-out/>
  <testcase classname="generated.GeneratedApiTest" name="pm_Sparkme_Web_Login" time="0.132"/>
  <system-out/>
  <testcase classname="generated.GeneratedApiTest" name="pm_MHCCM_PAR_CRM_Login_UI" time="0.660"/>
  <system-out/>
  <testcase classname="generated.GeneratedApiTest" name="pm_Secure_ZAPCRM_UI" time="0.957"/>
  <system-out/>
  <testcase classname="generated.GeneratedApiTest" name="pm_MHRTM_CPA_Login" time="0.315"/>
  <system-out/>
  <testcase classname="generated.GeneratedApiTest" name="pm_Sparkme_Web_Login_UI" time="0.174"/>
  <system-out/>
  <testcase classname="generated.GeneratedApiTest" name="pm_RiskRealm_Login_Number" time="0.408"/>
  <system-out/>
  <testcase classname="generated.GeneratedApiTest" name="pm_AskEPI_Login_PhoneNumber" time="1.345"/>
  <system-out/>
  <testcase classname="generated.GeneratedApiTest" name="pm_AutoChecker_Admin_Login" time="1.584"/>
  <system-out/>
  <testcase classname="generated.GeneratedApiTest" name="pm_LGM_Login_OTP" time="0.828"/>
  <system-out/>
  <testcase classname="generated.GeneratedApiTest" name="pm_AutoeVantage_Tools_Login_OTP" time="0.726"/>
  <system-out/>
  <testcase classname="generated.GeneratedApiTest" name="pm_AutoeVantage_Analytics_Web_UI" time="0.541"/>
  <system-out/>
  <testcase classname="generated.GeneratedApiTest" name="pm_MHRTM_SuperAdmin_Login_UI" time="0.216"/>
  <system-out/>
  <testcase classname="generated.GeneratedApiTest" name="pm_AutoeVantage_eCommerce_Web_UI" time="0.841"/>
  <system-out/>
  <testcase classname="generated.GeneratedApiTest" name="pm_Humee_CPA_Login_UI" time="0.366"/>
  <system-out/>
  <testcase classname="generated.GeneratedApiTest" name="pm_KaiCareAi_CallRecord_Loader" time="0.324"/>
  <system-out/>
  <testcase classname="generated.GeneratedApiTest" name="pm_AutoeVantage_eCommerce_Login" time="0.413"/>
  <system-out/>
  <testcase classname="generated.GeneratedApiTest" name="pm_RiskRealm_Login_OTP" time="0.551"/>
  <system-out/>
  <testcase classname="generated.GeneratedApiTest" name="pm_Humee_SuperAdmin_Login_Number" time="0.714"/>
  <system-out/>
  <testcase classname="generated.GeneratedApiTest" name="pm_KCAI_Patient_App_Login" time="0.663"/>
  <system-out/>
  <testcase classname="generated.GeneratedApiTest" name="pm_ZAPAI_UI" time="7.190"/>
  <system-out/>
  <testcase classname="generated.GeneratedApiTest" name="pm_Social_ZAPCRM_UI" time="0.436"/>
  <system-out/>
  <testcase classname="generated.GeneratedApiTest" name="pm_MHCCM_SuperAdmin_Login" time="0.319"/>
  <system-out/>
  <testcase classname="generated.GeneratedApiTest" name="pm_AutoeVantage_Analytics_Login_PhoneNumber" time="0.335"/>
  <system-out/>
  <testcase classname="generated.GeneratedApiTest" name="pm_Humee_Participant_Login_UI" time="0.326"/>
  <system-out/>
  <testcase classname="generated.GeneratedApiTest" name="pm_ZAPCRM_UI" time="0.455"/>
  <system-out/>
  <testcase classname="generated.GeneratedApiTest" name="pm_Humee_SuperAdmin_Login_UI" time="0.747"/>
  <system-out/>
  <testcase classname="generated.GeneratedApiTest" name="pm_MHRTM_SuperAdmin_Login" time="0.639"/>
  <system-out/>
  <testcase classname="generated.GeneratedApiTest" name="pm_AutoeVantage_Tools_Web_UI" time="0.337"/>
  <system-out/>
  <testcase classname="generated.GeneratedApiTest" name="pm_Humee_Participant_Login_OTP" time="0.541"/>
  <system-out/>
  <testcase classname="generated.GeneratedApiTest" name="pm_KCAI_Doctor_Login_UI" time="0.612"/>
  <system-out/>
  <testcase classname="generated.GeneratedApiTest" name="pm_Sparkme_App_Login" time="0.274"/>
  <system-out/>
  <testcase classname="generated.GeneratedApiTest" name="pm_WavedIn_Market_Web" time="1.540"/>
  <system-out/>
  <testcase classname="generated.GeneratedApiTest" name="pm_KCAI_Doctor_SuperAdmin_Login_UI" time="0.665"/>
  <system-out/>
  <testcase classname="generated.GeneratedApiTest" name="pm_MHRTM_Participant_Login" time="0.374"/>
  <system-out/>
  <testcase classname="generated.GeneratedApiTest" name="pm_LGM_Login_UI" time="1.955"/>
  <system-out/>
  <testcase classname="generated.GeneratedApiTest" name="pm_AutoChecker_Login_UI" time="1.618"/>
  <system-out/>
  <testcase classname="generated.GeneratedApiTest" name="pm_RiskRealm_Chat_Web_Login_UI" time="0.368"/>
  <system-out/>
  <testcase classname="generated.GeneratedApiTest" name="pm_KCAI_Doctor_Login" time="0.349"/>
  <system-out/>
  <testcase classname="generated.GeneratedApiTest" name="pm_WavedIn_SuperAdmin_Login_UI" time="1.551"/>
  <system-out/>
  <testcase classname="generated.GeneratedApiTest" name="pm_Humee_Dashboard_Login_OTP" time="0.577"/>
  <system-out/>
  <testcase classname="generated.GeneratedApiTest" name="pm_AskEPI_Login_UI" time="2.250"/>
  <system-out/>
  <testcase classname="generated.GeneratedApiTest" name="pm_AutoeVantage_eCommerce_Login_PhoneNumber" time="0.359"/>
  <system-out/>
  <testcase classname="generated.GeneratedApiTest" name="pm_Humee_SuperAdmin_Login_OTP" time="0.645"/>
  <system-out/>
  <testcase classname="generated.GeneratedApiTest" name="pm_AutoeVantage_Tools_Login" time="0.317"/>
  <system-out/>
  <testcase classname="generated.GeneratedApiTest" name="pm_Humee_Dashboard_Web_Login_UI" time="0.525"/>
  <system-out/>
  <testcase classname="generated.GeneratedApiTest" name="pm_MHCCM_PAR_Login" time="0.604"/>
  <system-out/>
  <testcase classname="generated.GeneratedApiTest" name="pm_LGM_Login_CheckUser" time="1.476"/>
  <system-out/>
  <testcase classname="generated.GeneratedApiTest" name="pm_MHCCM_PAR_Login_UI" time="0.622"/>
  <system-out/>
  <testcase classname="generated.GeneratedApiTest" name="pm_MHCCM_SuperAdmin_Login_UI" time="0.663"/>
  <system-out/>
  <testcase classname="generated.GeneratedApiTest" name="pm_AutoChecker_App_Login" time="1.576"/>
  <system-out/>
  <testcase classname="generated.GeneratedApiTest" name="pm_MHCRM_SuperAdmin_Login_UI" time="0.631"/>
  <system-out/>
  <testcase classname="generated.GeneratedApiTest" name="pm_Humee_Admin_Web_Login_UI" time="0.641"/>
  <system-out/>
  <testcase classname="generated.GeneratedApiTest" name="pm_MHCRM_Admin_Login" time="0.328"/>
  <system-out/>
  <testcase classname="generated.GeneratedApiTest" name="pm_Algomax_GoPocket_Web_Login_UI" time="0.295"/>
  <system-out/>
  <testcase classname="generated.GeneratedApiTest" name="pm_Humee_Dashboard_Login_Number" time="0.659"/>
  <system-out/>
  <testcase classname="generated.GeneratedApiTest" name="pm_Algomax_ProSky_Web_Login_UI" time="0.271"/>
  <system-out/>
  <testcase classname="generated.GeneratedApiTest" name="pm_RiskRealm_Admin_Web_Login_UI" time="0.768"/>
  <system-out/>
  <testcase classname="generated.GeneratedApiTest" name="pm_Humee_CPA_Login_OTP" time="0.509"/>
  <system-out/>
  <testcase classname="generated.GeneratedApiTest" name="pm_MHCRM_SuperAdmin_Login" time="0.728"/>
  <system-out/>
  <testcase classname="generated.GeneratedApiTest" name="pm_MHRTM_Participant_Login_UI" time="2.101"/>
  <system-out/>
  <testcase classname="generated.GeneratedApiTest" name="pm_MHCCM_CPA_Login_UI" time="0.723"/>
  <system-out/>
  <testcase classname="generated.GeneratedApiTest" name="pm_Metcalf_UI" time="0.119"/>
  <system-out/>
  <testcase classname="generated.GeneratedApiTest" name="pm_MHCCM_CPA_Login" time="0.396"/>
  <system-out/>
  <testcase classname="generated.GeneratedApiTest" name="pm_KaiCareAi_CPTCode_Loader" time="0.879"/>
  <system-out/>
  <testcase classname="generated.GeneratedApiTest" name="pm_AutoeVantage_Tools_Login_PhoneNumber" time="0.382"/>
  <system-out/>
  <testcase classname="generated.GeneratedApiTest" name="pm_AutoeVantage_Analytics_Login_OTP" time="1.423"/>
  <system-out/>
  <testcase classname="generated.GeneratedApiTest" name="pm_AutoeVantage_Analytics_Login" time="0.318"/>
  <system-out/>
  <testcase classname="generated.GeneratedApiTest" name="pm_Humee_CPA_Login_Number" time="0.350"/>
  <system-out/>
  <testcase classname="generated.GeneratedApiTest" name="pm_MHRTM_CPA_Login_UI" time="0.604"/>
  <system-out/>
  <testcase classname="generated.GeneratedApiTest" name="pm_Wavedin_App_Login" time="1.534"/>
  <system-out/>
  <testcase classname="generated.GeneratedApiTest" name="pm_Lead_ZAPCRM_UI" time="0.551"/>
  <system-out/>
  <testcase classname="generated.GeneratedApiTest" name="pm_AdHash_Website" time="0.710"/>
  <system-out/>
  <testcase classname="generated.GeneratedApiTest" name="pm_KCAI_Doctor_SuperAdmin_Login" time="0.654"/>
  <system-out/>
  <testcase classname="generated.GeneratedApiTest" name="pm_MHCCM_PAR_CRM_Login" time="0.785"/>
  <system-out/>
  <testcase classname="generated.GeneratedApiTest" name="pm_MHCCM_Form_UI" time="0.671"/>
  <system-out/>
  <testcase classname="generated.GeneratedApiTest" name="pm_AskEPI_Login_OTP" time="0.614"/>
  <system-out/>
  <testcase classname="generated.GeneratedApiTest" name="pm_Humee_Participant_Login_Number" time="0.625"/>
  <system-out/>
</testsuite> <!-- generated.GeneratedApiTest -->
