<?xml version="1.0" encoding="UTF-8"?>
<!-- Generated by org.testng.reporters.JUnitReportReporter -->
<testsuite hostname="Thenilavan-Tester" failures="0" tests="60" name="generated.GeneratedApiTest" time="39.004" errors="0" timestamp="2025-09-23T03:54:19 GMT-04:00" skipped="0">
  <testcase classname="generated.GeneratedApiTest" name="pm_MHRTM_Participant_Login" time="0.265"/>
  <system-out/>
  <testcase classname="generated.GeneratedApiTest" name="pm_KCAI_Doctor_SuperAdmin_Login_UI" time="0.590"/>
  <system-out/>
  <testcase classname="generated.GeneratedApiTest" name="pm_KCAI_Doctor_Login" time="0.498"/>
  <system-out/>
  <testcase classname="generated.GeneratedApiTest" name="pm_AutoChecker_App_Login" time="1.105"/>
  <system-out/>
  <testcase classname="generated.GeneratedApiTest" name="pm_MHAI_Doctor_Login" time="0.276"/>
  <system-out/>
  <testcase classname="generated.GeneratedApiTest" name="pm_MHCCM_PAR_CRM_Login_UI" time="1.080"/>
  <system-out/>
  <testcase classname="generated.GeneratedApiTest" name="pm_MHCCM_SuperAdmin_Login" time="0.292"/>
  <system-out/>
  <testcase classname="generated.GeneratedApiTest" name="pm_Algomax_GoPocket_Web_Login_UI" time="0.156"/>
  <system-out/>
  <testcase classname="generated.GeneratedApiTest" name="pm_AutoeVantage_Analytics_Web_UI" time="0.506"/>
  <system-out/>
  <testcase classname="generated.GeneratedApiTest" name="pm_MHCCM_PAR_Login" time="0.315"/>
  <system-out/>
  <testcase classname="generated.GeneratedApiTest" name="pm_RiskRealm_Login_OTP" time="0.672"/>
  <system-out/>
  <testcase classname="generated.GeneratedApiTest" name="pm_Wavedin_App_Login" time="1.118"/>
  <system-out/>
  <testcase classname="generated.GeneratedApiTest" name="pm_MHCCM_CPA_Login_UI" time="1.094"/>
  <system-out/>
  <testcase classname="generated.GeneratedApiTest" name="pm_AutoChecker_Admin_Login" time="1.112"/>
  <system-out/>
  <testcase classname="generated.GeneratedApiTest" name="pm_AutoChecker_Login_UI" time="1.135"/>
  <system-out/>
  <testcase classname="generated.GeneratedApiTest" name="pm_AdHash_Website" time="0.901"/>
  <system-out/>
  <testcase classname="generated.GeneratedApiTest" name="pm_MHCRM_Admin_Login" time="0.309"/>
  <system-out/>
  <testcase classname="generated.GeneratedApiTest" name="pm_MHRTM_SuperAdmin_Login_UI" time="0.102"/>
  <system-out/>
  <testcase classname="generated.GeneratedApiTest" name="pm_MHCCM_Form_UI" time="1.100"/>
  <system-out/>
  <testcase classname="generated.GeneratedApiTest" name="pm_MHRTM_CPA_Login_UI" time="0.558"/>
  <system-out/>
  <testcase classname="generated.GeneratedApiTest" name="pm_AutoeVantage_Analytics_Login_PhoneNumber" time="0.292"/>
  <system-out/>
  <testcase classname="generated.GeneratedApiTest" name="pm_MHRTM_CPA_Login" time="0.510"/>
  <system-out/>
  <testcase classname="generated.GeneratedApiTest" name="pm_MHAI_Patient_App_Login" time="1.117"/>
  <system-out/>
  <testcase classname="generated.GeneratedApiTest" name="pm_Sparkme_Web_Login" time="0.062"/>
  <system-out/>
  <testcase classname="generated.GeneratedApiTest" name="pm_MHCRM_SuperAdmin_Login_UI" time="1.073"/>
  <system-out/>
  <testcase classname="generated.GeneratedApiTest" name="pm_WavedIn_Market_Web" time="0.899"/>
  <system-out/>
  <testcase classname="generated.GeneratedApiTest" name="pm_MHCRM_SuperAdmin_Login" time="1.133"/>
  <system-out/>
  <testcase classname="generated.GeneratedApiTest" name="pm_KCAI_Patient_App_Login" time="0.638"/>
  <system-out/>
  <testcase classname="generated.GeneratedApiTest" name="pm_Sparkme_App_Login" time="0.199"/>
  <system-out/>
  <testcase classname="generated.GeneratedApiTest" name="pm_MHCCM_PAR_Login_UI" time="1.102"/>
  <system-out/>
  <testcase classname="generated.GeneratedApiTest" name="pm_MHAI_Doctor_Login_UI" time="1.070"/>
  <system-out/>
  <testcase classname="generated.GeneratedApiTest" name="pm_MHRTM_Participant_Login_UI" time="0.596"/>
  <system-out/>
  <testcase classname="generated.GeneratedApiTest" name="pm_AskEPI_Login_PhoneNumber" time="0.967"/>
  <system-out/>
  <testcase classname="generated.GeneratedApiTest" name="pm_LGM_Login_UI" time="0.905"/>
  <system-out/>
  <testcase classname="generated.GeneratedApiTest" name="pm_AutoeVantage_eCommerce_Login_OTP" time="0.532"/>
  <system-out/>
  <testcase classname="generated.GeneratedApiTest" name="pm_AutoeVantage_Tools_Web_UI" time="1.282"/>
  <system-out/>
  <testcase classname="generated.GeneratedApiTest" name="pm_AutoeVantage_Tools_Login_PhoneNumber" time="0.292"/>
  <system-out/>
  <testcase classname="generated.GeneratedApiTest" name="pm_AutoeVantage_Analytics_Login_OTP" time="0.421"/>
  <system-out/>
  <testcase classname="generated.GeneratedApiTest" name="pm_AutoeVantage_Tools_Login_OTP" time="0.374"/>
  <system-out/>
  <testcase classname="generated.GeneratedApiTest" name="pm_MHAI_Doctor_SuperAdmin_Login_UI" time="1.050"/>
  <system-out/>
  <testcase classname="generated.GeneratedApiTest" name="pm_AskEPI_Login_OTP" time="0.897"/>
  <system-out/>
  <testcase classname="generated.GeneratedApiTest" name="pm_WavedIn_SuperAdmin_Login_UI" time="0.916"/>
  <system-out/>
  <testcase classname="generated.GeneratedApiTest" name="pm_KCAI_Doctor_SuperAdmin_Login" time="0.557"/>
  <system-out/>
  <testcase classname="generated.GeneratedApiTest" name="pm_MHCCM_CPA_Login" time="0.316"/>
  <system-out/>
  <testcase classname="generated.GeneratedApiTest" name="pm_Algomax_ProSky_Web_Login_UI" time="0.147"/>
  <system-out/>
  <testcase classname="generated.GeneratedApiTest" name="pm_RiskRealm_Chat_Web_Login_UI" time="0.279"/>
  <system-out/>
  <testcase classname="generated.GeneratedApiTest" name="pm_MHAI_Doctor_SuperAdmin_Login" time="0.266"/>
  <system-out/>
  <testcase classname="generated.GeneratedApiTest" name="pm_LGM_Login_OTP" time="0.585"/>
  <system-out/>
  <testcase classname="generated.GeneratedApiTest" name="pm_LGM_Login_PhoneNumber" time="0.379"/>
  <system-out/>
  <testcase classname="generated.GeneratedApiTest" name="pm_MHCCM_SuperAdmin_Login_UI" time="1.053"/>
  <system-out/>
  <testcase classname="generated.GeneratedApiTest" name="pm_Sparkme_Web_Login_UI" time="0.114"/>
  <system-out/>
  <testcase classname="generated.GeneratedApiTest" name="pm_Metcalf_UI" time="0.057"/>
  <system-out/>
  <testcase classname="generated.GeneratedApiTest" name="pm_MHCCM_PAR_CRM_Login" time="1.278"/>
  <system-out/>
  <testcase classname="generated.GeneratedApiTest" name="pm_AutoeVantage_eCommerce_Web_UI" time="0.800"/>
  <system-out/>
  <testcase classname="generated.GeneratedApiTest" name="pm_RiskRealm_Admin_Web_Login_UI" time="0.740"/>
  <system-out/>
  <testcase classname="generated.GeneratedApiTest" name="pm_AskEPI_Login_UI" time="1.165"/>
  <system-out/>
  <testcase classname="generated.GeneratedApiTest" name="pm_AutoeVantage_eCommerce_Login_PhoneNumber" time="0.291"/>
  <system-out/>
  <testcase classname="generated.GeneratedApiTest" name="pm_RiskRealm_Login_Number" time="0.292"/>
  <system-out/>
  <testcase classname="generated.GeneratedApiTest" name="pm_MHRTM_SuperAdmin_Login" time="0.601"/>
  <system-out/>
  <testcase classname="generated.GeneratedApiTest" name="pm_KCAI_Doctor_Login_UI" time="0.573"/>
  <system-out/>
</testsuite> <!-- generated.GeneratedApiTest -->
